

HI-TECH Software PIC LITE Macro Assembler V9.70 build 5239 
                                                                                               Tue Nov 22 10:31:50 2011

HI-TECH Software Omniscient Code Generator (Lite mode) build 5239
     1  0000                     opt subtitle "HI-TECH Software Omniscient Code Generator (Lite mode) build 5239"
     2                           
     3                           opt pagewidth 120
     4                           
     5                           	opt lm
     6                           
     7                           	processor	16F690
     8                           clrc	macro
     9                           	bcf	3,0
    10  0000                     	endm
    11                           clrz	macro
    12                           	bcf	3,2
    13  0000                     	endm
    14                           setc	macro
    15                           	bsf	3,0
    16  0000                     	endm
    17                           setz	macro
    18                           	bsf	3,2
    19  0000                     	endm
    20                           skipc	macro
    21                           	btfss	3,0
    22  0000                     	endm
    23                           skipz	macro
    24                           	btfss	3,2
    25  0000                     	endm
    26                           skipnc	macro
    27                           	btfsc	3,0
    28  0000                     	endm
    29                           skipnz	macro
    30                           	btfsc	3,2
    31  0000                     	endm
    32  0000                     indf	equ	0
    33  0000                     indf0	equ	0
    34  0002                     pc	equ	2
    35  0002                     pcl	equ	2
    36  0003                     status	equ	3
    37  0004                     fsr	equ	4
    38  0004                     fsr0	equ	4
    39  0001                     c	equ	1
    40  0000                     z	equ	0
    41  000A                     pclath	equ	10
    42                           ;COMMON:	_main->_Send_Command
    43                           ;COMMON:	_Send_Command->_Delay
    44                           	FNCALL	_main,_Initialize_LCD
    45                           	FNCALL	_main,_Send_Command
    46                           	FNCALL	_main,_Delay
    47                           	FNCALL	_Initialize_LCD,_Clear_LCD
    48                           	FNCALL	_Initialize_LCD,_Delay
    49                           	FNCALL	_Initialize_LCD,_Send_Command
    50                           	FNCALL	_Clear_LCD,_Send_Command
    51                           	FNCALL	_Clear_LCD,_Delay
    52                           	FNCALL	_Send_Command,_Delay
    53                           	FNROOT	_main
    54                           	global	_ADCON0
    55                           psect	text14,local,class=CODE,delta=2
    56                           global __ptext14
    57  0002                     __ptext14:
    58  001F                     _ADCON0  equ     31
    59                           	global	_ADRESH
    60  001E                     _ADRESH  equ     30
    61                           	global	_CCP1CON
    62  0017                     _CCP1CON  equ     23
    63                           	global	_CCPR1H
    64  0016                     _CCPR1H  equ     22
    65                           	global	_CCPR1L
    66  0015                     _CCPR1L  equ     21
    67                           	global	_ECCPAS
    68  001D                     _ECCPAS  equ     29
    69                           	global	_FSR
    70  0004                     _FSR  equ     4
    71                           	global	_INDF
    72  0000                     _INDF  equ     0
    73                           	global	_INTCON
    74  000B                     _INTCON  equ     11
    75                           	global	_PCL
    76  0002                     _PCL  equ     2
    77                           	global	_PCLATH
    78  000A                     _PCLATH  equ     10
    79                           	global	_PIR1
    80  000C                     _PIR1  equ     12
    81                           	global	_PIR2
    82  000D                     _PIR2  equ     13
    83                           	global	_PORTA
    84  0005                     _PORTA  equ     5
    85                           	global	_PORTB
    86  0006                     _PORTB  equ     6
    87                           	global	_PORTC
    88  0007                     _PORTC  equ     7
    89                           	global	_PWM1CON
    90  001C                     _PWM1CON  equ     28
    91                           	global	_RCREG
    92  001A                     _RCREG  equ     26
    93                           	global	_RCSTA
    94  0018                     _RCSTA  equ     24
    95                           	global	_SSPBUF
    96  0013                     _SSPBUF  equ     19
    97                           	global	_SSPCON
    98  0014                     _SSPCON  equ     20
    99                           	global	_STATUS
   100  0003                     _STATUS  equ     3
   101                           	global	_T1CON
   102  0010                     _T1CON  equ     16
   103                           	global	_T2CON
   104  0012                     _T2CON  equ     18
   105                           	global	_TMR0
   106  0001                     _TMR0  equ     1
   107                           	global	_TMR1H
   108  000F                     _TMR1H  equ     15
   109                           	global	_TMR1L
   110  000E                     _TMR1L  equ     14
   111                           	global	_TMR2
   112  0011                     _TMR2  equ     17
   113                           	global	_TXREG
   114  0019                     _TXREG  equ     25
   115                           	global	_ADDEN
   116  00C3                     _ADDEN  equ     195
   117                           	global	_ADFM
   118  00FF                     _ADFM  equ     255
   119                           	global	_ADIF
   120  0066                     _ADIF  equ     102
   121                           	global	_ADON
   122  00F8                     _ADON  equ     248
   123                           	global	_C1IF
   124  006D                     _C1IF  equ     109
   125                           	global	_C2IF
   126  006E                     _C2IF  equ     110
   127                           	global	_CARRY
   128  0018                     _CARRY  equ     24
   129                           	global	_CCP1IF
   130  0062                     _CCP1IF  equ     98
   131                           	global	_CCP1M0
   132  00B8                     _CCP1M0  equ     184
   133                           	global	_CCP1M1
   134  00B9                     _CCP1M1  equ     185
   135                           	global	_CCP1M2
   136  00BA                     _CCP1M2  equ     186
   137                           	global	_CCP1M3
   138  00BB                     _CCP1M3  equ     187
   139                           	global	_CHS0
   140  00FA                     _CHS0  equ     250
   141                           	global	_CHS1
   142  00FB                     _CHS1  equ     251
   143                           	global	_CHS2
   144  00FC                     _CHS2  equ     252
   145                           	global	_CHS3
   146  00FD                     _CHS3  equ     253
   147                           	global	_CKP
   148  00A4                     _CKP  equ     164
   149                           	global	_CREN
   150  00C4                     _CREN  equ     196
   151                           	global	_DC
   152  0019                     _DC  equ     25
   153                           	global	_DC1B0
   154  00BC                     _DC1B0  equ     188
   155                           	global	_DC1B1
   156  00BD                     _DC1B1  equ     189
   157                           	global	_ECCPAS0
   158  00EC                     _ECCPAS0  equ     236
   159                           	global	_ECCPAS1
   160  00ED                     _ECCPAS1  equ     237
   161                           	global	_ECCPAS2
   162  00EE                     _ECCPAS2  equ     238
   163                           	global	_ECCPASE
   164  00EF                     _ECCPASE  equ     239
   165                           	global	_EEIF
   166  006C                     _EEIF  equ     108
   167                           	global	_FERR
   168  00C2                     _FERR  equ     194
   169                           	global	_GIE
   170  005F                     _GIE  equ     95
   171                           	global	_GODONE
   172  00F9                     _GODONE  equ     249
   173                           	global	_INTE
   174  005C                     _INTE  equ     92
   175                           	global	_INTF
   176  0059                     _INTF  equ     89
   177                           	global	_IRP
   178  001F                     _IRP  equ     31
   179                           	global	_OERR
   180  00C1                     _OERR  equ     193
   181                           	global	_OSFIF
   182  006F                     _OSFIF  equ     111
   183                           	global	_P1M0
   184  00BE                     _P1M0  equ     190
   185                           	global	_P1M1
   186  00BF                     _P1M1  equ     191
   187                           	global	_PD
   188  001B                     _PD  equ     27
   189                           	global	_PDC0
   190  00E0                     _PDC0  equ     224
   191                           	global	_PDC1
   192  00E1                     _PDC1  equ     225
   193                           	global	_PDC2
   194  00E2                     _PDC2  equ     226
   195                           	global	_PDC3
   196  00E3                     _PDC3  equ     227
   197                           	global	_PDC4
   198  00E4                     _PDC4  equ     228
   199                           	global	_PDC5
   200  00E5                     _PDC5  equ     229
   201                           	global	_PDC6
   202  00E6                     _PDC6  equ     230
   203                           	global	_PEIE
   204  005E                     _PEIE  equ     94
   205                           	global	_PRSEN
   206  00E7                     _PRSEN  equ     231
   207                           	global	_PSSAC0
   208  00EA                     _PSSAC0  equ     234
   209                           	global	_PSSAC1
   210  00EB                     _PSSAC1  equ     235
   211                           	global	_PSSBD0
   212  00E8                     _PSSBD0  equ     232
   213                           	global	_PSSBD1
   214  00E9                     _PSSBD1  equ     233
   215                           	global	_RA0
   216  0028                     _RA0  equ     40
   217+                          	global	_RA1
   218+ 0029                     _RA1  equ     41
   219                           	global	_RA2
   220  002A                     _RA2  equ     42
   221+                          	global	_RA3
   222+ 002B                     _RA3  equ     43
   223                           	global	_RA4
   224  002C                     _RA4  equ     44
   225+                          	global	_RA5
   226+ 002D                     _RA5  equ     45
   227+                          	global	_RABIE
   228+ 005B                     _RABIE  equ     91
   229+                          	global	_RABIF
   230+ 0058                     _RABIF  equ     88
   231+                          	global	_RB4
   232+ 0034                     _RB4  equ     52
   233+                          	global	_RB5
   234+ 0035                     _RB5  equ     53
   235                           	global	_RB6
   236  0036                     _RB6  equ     54
   237+                          	global	_RB7
   238+ 0037                     _RB7  equ     55
   239+                          	global	_RBIE
   240+ 005B                     _RBIE  equ     91
   241+                          	global	_RBIF
   242+ 0058                     _RBIF  equ     88
   243+                          	global	_RC0
   244+ 0038                     _RC0  equ     56
   245+                          	global	_RC1
   246+ 0039                     _RC1  equ     57
   247                           	global	_RC2
   248  003A                     _RC2  equ     58
   249+                          	global	_RC3
   250+ 003B                     _RC3  equ     59
   251                           	global	_RC4
   252  003C                     _RC4  equ     60
   253+                          	global	_RC5
   254+ 003D                     _RC5  equ     61
   255+                          	global	_RC6
   256+ 003E                     _RC6  equ     62
   257+                          	global	_RC7
   258+ 003F                     _RC7  equ     63
   259+                          	global	_RCIF
   260+ 0065                     _RCIF  equ     101
   261+                          	global	_RP0
   262+ 001D                     _RP0  equ     29
   263                           	global	_RP1
   264  001E                     _RP1  equ     30
   265                           	global	_RX9
   266  00C6                     _RX9  equ     198
   267+                          	global	_RX9D
   268+ 00C0                     _RX9D  equ     192
   269+                          	global	_SPEN
   270+ 00C7                     _SPEN  equ     199
   271                           	global	_SREN
   272  00C5                     _SREN  equ     197
   273+                          	global	_SSPEN
   274+ 00A5                     _SSPEN  equ     165
   275                           	global	_SSPIF
   276  0063                     _SSPIF  equ     99
   277+                          	global	_SSPM0
   278+ 00A0                     _SSPM0  equ     160
   279                           	global	_SSPM1
   280  00A1                     _SSPM1  equ     161
   281+                          	global	_SSPM2
   282+ 00A2                     _SSPM2  equ     162
   283+                          	global	_SSPM3
   284+ 00A3                     _SSPM3  equ     163
   285+                          	global	_SSPOV
   286+ 00A6                     _SSPOV  equ     166
   287+                          	global	_T0IE
   288+ 005D                     _T0IE  equ     93
   289+                          	global	_T0IF
   290+ 005A                     _T0IF  equ     90
   291                           	global	_T1CKPS0
   292  0084                     _T1CKPS0  equ     132
   293+                          	global	_T1CKPS1
   294+ 0085                     _T1CKPS1  equ     133
   295+                          	global	_T1GINV
   296+ 0087                     _T1GINV  equ     135
   297+                          	global	_T1OSCEN
   298+ 0083                     _T1OSCEN  equ     131
   299+                          	global	_T1SYNC
   300+ 0082                     _T1SYNC  equ     130
   301+                          	global	_T2CKPS0
   302+ 0090                     _T2CKPS0  equ     144
   303                           	global	_T2CKPS1
   304  0091                     _T2CKPS1  equ     145
   305+                          	global	_TMR1CS
   306+ 0081                     _TMR1CS  equ     129
   307                           	global	_TMR1GE
   308  0086                     _TMR1GE  equ     134
   309+                          	global	_TMR1IF
   310+ 0060                     _TMR1IF  equ     96
   311+                          	global	_TMR1ON
   312+ 0080                     _TMR1ON  equ     128
   313+                          	global	_TMR2IF
   314+ 0061                     _TMR2IF  equ     97
   315+                          	global	_TMR2ON
   316+ 0092                     _TMR2ON  equ     146
   317+                          	global	_TO
   318+ 001C                     _TO  equ     28
   319                           	global	_TOUTPS0
   320  0093                     _TOUTPS0  equ     147
   321+                          	global	_TOUTPS1
   322+ 0094                     _TOUTPS1  equ     148
   323+                          	global	_TOUTPS2
   324+ 0095                     _TOUTPS2  equ     149
   325+                          	global	_TOUTPS3
   326+ 0096                     _TOUTPS3  equ     150
   327+                          	global	_TXIF
   328+ 0064                     _TXIF  equ     100
   329+                          	global	_VCFG
   330+ 00FE                     _VCFG  equ     254
   331                           	global	_WCOL
   332  00A7                     _WCOL  equ     167
   333+                          	global	_ZERO
   334+ 001A                     _ZERO  equ     26
   335                           	global	_ADCON1
   336  009F                     _ADCON1  equ     159
   337+                          	global	_ADRESL
   338+ 009E                     _ADRESL  equ     158
   339+                          	global	_BAUDCTL
   340+ 009B                     _BAUDCTL  equ     155
   341+                          	global	_IOCA
   342+ 0096                     _IOCA  equ     150
   343+                          	global	_OPTION
   344+ 0081                     _OPTION  equ     129
   345+                          	global	_OSCCON
   346+ 008F                     _OSCCON  equ     143
   347                           	global	_OSCTUNE
   348  0090                     _OSCTUNE  equ     144
   349                           	global	_PCON
   350  008E                     _PCON  equ     142
   351+                          	global	_PIE1
   352+ 008C                     _PIE1  equ     140
   353                           	global	_PIE2
   354  008D                     _PIE2  equ     141
   355                           	global	_PR2
   356  0092                     _PR2  equ     146
   357+                          	global	_SPBRG
   358+ 0099                     _SPBRG  equ     153
   359                           	global	_SPBRGH
   360  009A                     _SPBRGH  equ     154
   361+                          	global	_SSPADD
   362+ 0093                     _SSPADD  equ     147
   363+                          	global	_SSPMSK
   364+ 0093                     _SSPMSK  equ     147
   365+                          	global	_SSPSTAT
   366+ 0094                     _SSPSTAT  equ     148
   367+                          	global	_TRISA
   368+ 0085                     _TRISA  equ     133
   369+                          	global	_TRISB
   370+ 0086                     _TRISB  equ     134
   371+                          	global	_TRISC
   372+ 0087                     _TRISC  equ     135
   373+                          	global	_TXSTA
   374+ 0098                     _TXSTA  equ     152
   375                           	global	_WDTCON
   376  0097                     _WDTCON  equ     151
   377+                          	global	_WPUA
   378+ 0095                     _WPUA  equ     149
   379+                          	global	_ABDEN
   380+ 04D8                     _ABDEN  equ     1240
   381+                          	global	_ABDOVF
   382+ 04DF                     _ABDOVF  equ     1247
   383+                          	global	_ADCS0
   384+ 04FC                     _ADCS0  equ     1276
   385+                          	global	_ADCS1
   386+ 04FD                     _ADCS1  equ     1277
   387                           	global	_ADCS2
   388  04FE                     _ADCS2  equ     1278
   389+                          	global	_ADIE
   390+ 0466                     _ADIE  equ     1126
   391                           	global	_BF
   392  04A0                     _BF  equ     1184
   393+                          	global	_BOR
   394+ 0470                     _BOR  equ     1136
   395+                          	global	_BRG0
   396+ 04C8                     _BRG0  equ     1224
   397+                          	global	_BRG1
   398+ 04C9                     _BRG1  equ     1225
   399+                          	global	_BRG10
   400+ 04D2                     _BRG10  equ     1234
   401+                          	global	_BRG11
   402+ 04D3                     _BRG11  equ     1235
   403                           	global	_BRG12
   404  04D4                     _BRG12  equ     1236
   405+                          	global	_BRG13
   406+ 04D5                     _BRG13  equ     1237
   407+                          	global	_BRG14
   408+ 04D6                     _BRG14  equ     1238
   409+                          	global	_BRG15
   410+ 04D7                     _BRG15  equ     1239
   411+                          	global	_BRG16
   412+ 04DB                     _BRG16  equ     1243
   413+                          	global	_BRG2
   414+ 04CA                     _BRG2  equ     1226
   415                           	global	_BRG3
   416  04CB                     _BRG3  equ     1227
   417                           	global	_BRG4
   418  04CC                     _BRG4  equ     1228
   419                           	global	_BRG5
   420  04CD                     _BRG5  equ     1229
   421                           	global	_BRG6
   422  04CE                     _BRG6  equ     1230
   423                           	global	_BRG7
   424  04CF                     _BRG7  equ     1231
   425                           	global	_BRG8
   426  04D0                     _BRG8  equ     1232
   427                           	global	_BRG9
   428  04D1                     _BRG9  equ     1233
   429                           	global	_BRGH
   430  04C2                     _BRGH  equ     1218
   431                           	global	_C1IE
   432  046D                     _C1IE  equ     1133
   433                           	global	_C2IE
   434  046E                     _C2IE  equ     1134
   435                           	global	_CCP1IE
   436  0462                     _CCP1IE  equ     1122
   437                           	global	_CKE
   438  04A6                     _CKE  equ     1190
   439                           	global	_CSRC
   440  04C7                     _CSRC  equ     1223
   441                           	global	_DA
   442  04A5                     _DA  equ     1189
   443                           	global	_EEIE
   444  046C                     _EEIE  equ     1132
   445                           	global	_HTS
   446  047A                     _HTS  equ     1146
   447                           	global	_INTEDG
   448  040E                     _INTEDG  equ     1038
   449                           	global	_IOCA0
   450  04B0                     _IOCA0  equ     1200
   451                           	global	_IOCA1
   452  04B1                     _IOCA1  equ     1201
   453                           	global	_IOCA2
   454  04B2                     _IOCA2  equ     1202
   455                           	global	_IOCA3
   456  04B3                     _IOCA3  equ     1203
   457                           	global	_IOCA4
   458  04B4                     _IOCA4  equ     1204
   459                           	global	_IOCA5
   460  04B5                     _IOCA5  equ     1205
   461                           	global	_IRCF0
   462  047C                     _IRCF0  equ     1148
   463                           	global	_IRCF1
   464  047D                     _IRCF1  equ     1149
   465                           	global	_IRCF2
   466  047E                     _IRCF2  equ     1150
   467                           	global	_LTS
   468  0479                     _LTS  equ     1145
   469                           	global	_OSFIE
   470  046F                     _OSFIE  equ     1135
   471                           	global	_OSTS
   472  047B                     _OSTS  equ     1147
   473                           	global	_POR
   474  0471                     _POR  equ     1137
   475                           	global	_PS0
   476  0408                     _PS0  equ     1032
   477                           	global	_PS1
   478  0409                     _PS1  equ     1033
   479                           	global	_PS2
   480  040A                     _PS2  equ     1034
   481                           	global	_PSA
   482  040B                     _PSA  equ     1035
   483                           	global	_RABPU
   484  040F                     _RABPU  equ     1039
   485                           	global	_RBPU
   486  040F                     _RBPU  equ     1039
   487                           	global	_RCIDL
   488  04DE                     _RCIDL  equ     1246
   489                           	global	_RCIE
   490  0465                     _RCIE  equ     1125
   491                           	global	_RW
   492  04A2                     _RW  equ     1186
   493                           	global	_SBOREN
   494  0474                     _SBOREN  equ     1140
   495                           	global	_SCKP
   496  04DC                     _SCKP  equ     1244
   497                           	global	_SCS
   498  0478                     _SCS  equ     1144
   499                           	global	_SENDB
   500  04C3                     _SENDB  equ     1219
   501                           	global	_SMP
   502  04A7                     _SMP  equ     1191
   503                           	global	_SSPIE
   504  0463                     _SSPIE  equ     1123
   505                           	global	_START
   506  04A3                     _START  equ     1187
   507                           	global	_STOP
   508  04A4                     _STOP  equ     1188
   509                           	global	_SWDTEN
   510  04B8                     _SWDTEN  equ     1208
   511                           	global	_SYNC
   512  04C4                     _SYNC  equ     1220
   513                           	global	_T0CS
   514  040D                     _T0CS  equ     1037
   515                           	global	_T0SE
   516  040C                     _T0SE  equ     1036
   517                           	global	_TMR1IE
   518  0460                     _TMR1IE  equ     1120
   519                           	global	_TMR2IE
   520  0461                     _TMR2IE  equ     1121
   521                           	global	_TRISA0
   522  0428                     _TRISA0  equ     1064
   523                           	global	_TRISA1
   524  0429                     _TRISA1  equ     1065
   525                           	global	_TRISA2
   526  042A                     _TRISA2  equ     1066
   527                           	global	_TRISA3
   528  042B                     _TRISA3  equ     1067
   529                           	global	_TRISA4
   530  042C                     _TRISA4  equ     1068
   531                           	global	_TRISA5
   532  042D                     _TRISA5  equ     1069
   533                           	global	_TRISB4
   534  0434                     _TRISB4  equ     1076
   535                           	global	_TRISB5
   536  0435                     _TRISB5  equ     1077
   537                           	global	_TRISB6
   538  0436                     _TRISB6  equ     1078
   539                           	global	_TRISB7
   540  0437                     _TRISB7  equ     1079
   541                           	global	_TRISC0
   542  0438                     _TRISC0  equ     1080
   543                           	global	_TRISC1
   544  0439                     _TRISC1  equ     1081
   545                           	global	_TRISC2
   546  043A                     _TRISC2  equ     1082
   547                           	global	_TRISC3
   548  043B                     _TRISC3  equ     1083
   549                           	global	_TRISC4
   550  043C                     _TRISC4  equ     1084
   551                           	global	_TRISC5
   552  043D                     _TRISC5  equ     1085
   553                           	global	_TRISC6
   554  043E                     _TRISC6  equ     1086
   555                           	global	_TRISC7
   556  043F                     _TRISC7  equ     1087
   557                           	global	_TRMT
   558  04C1                     _TRMT  equ     1217
   559                           	global	_TUN0
   560  0480                     _TUN0  equ     1152
   561                           	global	_TUN1
   562  0481                     _TUN1  equ     1153
   563                           	global	_TUN2
   564  0482                     _TUN2  equ     1154
   565                           	global	_TUN3
   566  0483                     _TUN3  equ     1155
   567                           	global	_TUN4
   568  0484                     _TUN4  equ     1156
   569                           	global	_TX9
   570  04C6                     _TX9  equ     1222
   571                           	global	_TX9D
   572  04C0                     _TX9D  equ     1216
   573                           	global	_TXEN
   574  04C5                     _TXEN  equ     1221
   575                           	global	_TXIE
   576  0464                     _TXIE  equ     1124
   577                           	global	_UA
   578  04A1                     _UA  equ     1185
   579                           	global	_ULPWUE
   580  0475                     _ULPWUE  equ     1141
   581                           	global	_WDTPS0
   582  04B9                     _WDTPS0  equ     1209
   583                           	global	_WDTPS1
   584  04BA                     _WDTPS1  equ     1210
   585                           	global	_WDTPS2
   586  04BB                     _WDTPS2  equ     1211
   587                           	global	_WDTPS3
   588  04BC                     _WDTPS3  equ     1212
   589                           	global	_WPUA0
   590  04A8                     _WPUA0  equ     1192
   591                           	global	_WPUA1
   592  04A9                     _WPUA1  equ     1193
   593                           	global	_WPUA2
   594  04AA                     _WPUA2  equ     1194
   595                           	global	_WPUA4
   596  04AC                     _WPUA4  equ     1196
   597                           	global	_WPUA5
   598  04AD                     _WPUA5  equ     1197
   599                           	global	_WUE
   600  04D9                     _WUE  equ     1241
   601                           	global	_ANSEL
   602  011E                     _ANSEL  equ     286
   603                           	global	_ANSELH
   604  011F                     _ANSELH  equ     287
   605                           	global	_CM1CON0
   606  0119                     _CM1CON0  equ     281
   607                           	global	_CM2CON0
   608  011A                     _CM2CON0  equ     282
   609                           	global	_CM2CON1
   610  011B                     _CM2CON1  equ     283
   611                           	global	_EEADR
   612  010D                     _EEADR  equ     269
   613                           	global	_EEADRH
   614  010F                     _EEADRH  equ     271
   615                           	global	_EEADRL
   616  010D                     _EEADRL  equ     269
   617                           	global	_EEDAT
   618  010C                     _EEDAT  equ     268
   619                           	global	_EEDATA
   620  010C                     _EEDATA  equ     268
   621                           	global	_EEDATH
   622  010E                     _EEDATH  equ     270
   623                           	global	_EEDATL
   624  010C                     _EEDATL  equ     268
   625                           	global	_IOCB
   626  0116                     _IOCB  equ     278
   627                           	global	_VRCON
   628  0118                     _VRCON  equ     280
   629                           	global	_WPUB
   630  0115                     _WPUB  equ     277
   631                           	global	_ANS0
   632  08F0                     _ANS0  equ     2288
   633                           	global	_ANS1
   634  08F1                     _ANS1  equ     2289
   635                           	global	_ANS10
   636  08FA                     _ANS10  equ     2298
   637                           	global	_ANS11
   638  08FB                     _ANS11  equ     2299
   639                           	global	_ANS2
   640  08F2                     _ANS2  equ     2290
   641                           	global	_ANS3
   642  08F3                     _ANS3  equ     2291
   643                           	global	_ANS4
   644  08F4                     _ANS4  equ     2292
   645                           	global	_ANS5
   646  08F5                     _ANS5  equ     2293
   647                           	global	_ANS6
   648  08F6                     _ANS6  equ     2294
   649                           	global	_ANS7
   650  08F7                     _ANS7  equ     2295
   651                           	global	_ANS8
   652  08F8                     _ANS8  equ     2296
   653                           	global	_ANS9
   654  08F9                     _ANS9  equ     2297
   655                           	global	_C1CH0
   656  08C8                     _C1CH0  equ     2248
   657                           	global	_C1CH1
   658  08C9                     _C1CH1  equ     2249
   659                           	global	_C1OE
   660  08CD                     _C1OE  equ     2253
   661                           	global	_C1ON
   662  08CF                     _C1ON  equ     2255
   663                           	global	_C1OUT
   664  08CE                     _C1OUT  equ     2254
   665                           	global	_C1POL
   666  08CC                     _C1POL  equ     2252
   667                           	global	_C1R
   668  08CA                     _C1R  equ     2250
   669                           	global	_C1VREN
   670  08C7                     _C1VREN  equ     2247
   671                           	global	_C2CH0
   672  08D0                     _C2CH0  equ     2256
   673                           	global	_C2CH1
   674  08D1                     _C2CH1  equ     2257
   675                           	global	_C2OE
   676  08D5                     _C2OE  equ     2261
   677                           	global	_C2ON
   678  08D7                     _C2ON  equ     2263
   679                           	global	_C2OUT
   680  08D6                     _C2OUT  equ     2262
   681                           	global	_C2POL
   682  08D4                     _C2POL  equ     2260
   683                           	global	_C2R
   684  08D2                     _C2R  equ     2258
   685                           	global	_C2SYNC
   686  08D8                     _C2SYNC  equ     2264
   687                           	global	_C2VREN
   688  08C6                     _C2VREN  equ     2246
   689                           	global	_IOCB4
   690  08B4                     _IOCB4  equ     2228
   691                           	global	_IOCB5
   692  08B5                     _IOCB5  equ     2229
   693                           	global	_IOCB6
   694  08B6                     _IOCB6  equ     2230
   695                           	global	_IOCB7
   696  08B7                     _IOCB7  equ     2231
   697                           	global	_MC1OUT
   698  08DF                     _MC1OUT  equ     2271
   699                           	global	_MC2OUT
   700  08DE                     _MC2OUT  equ     2270
   701                           	global	_T1GSS
   702  08D9                     _T1GSS  equ     2265
   703                           	global	_VP6EN
   704  08C4                     _VP6EN  equ     2244
   705                           	global	_VR0
   706  08C0                     _VR0  equ     2240
   707                           	global	_VR1
   708  08C1                     _VR1  equ     2241
   709                           	global	_VR2
   710  08C2                     _VR2  equ     2242
   711                           	global	_VR3
   712  08C3                     _VR3  equ     2243
   713                           	global	_VRR
   714  08C5                     _VRR  equ     2245
   715                           	global	_WPUB4
   716  08AC                     _WPUB4  equ     2220
   717                           	global	_WPUB5
   718  08AD                     _WPUB5  equ     2221
   719                           	global	_WPUB6
   720  08AE                     _WPUB6  equ     2222
   721                           	global	_WPUB7
   722  08AF                     _WPUB7  equ     2223
   723                           	global	_EECON1
   724  018C                     _EECON1  equ     396
   725                           	global	_EECON2
   726  018D                     _EECON2  equ     397
   727                           	global	_PSTRCON
   728  019D                     _PSTRCON  equ     413
   729                           	global	_SRCON
   730  019E                     _SRCON  equ     414
   731                           	global	_C1SEN
   732  0CF5                     _C1SEN  equ     3317
   733                           	global	_C2REN
   734  0CF4                     _C2REN  equ     3316
   735                           	global	_EEPGD
   736  0C67                     _EEPGD  equ     3175
   737                           	global	_PULSR
   738  0CF2                     _PULSR  equ     3314
   739                           	global	_PULSS
   740  0CF3                     _PULSS  equ     3315
   741                           	global	_RD
   742  0C60                     _RD  equ     3168
   743                           	global	_SR0
   744  0CF6                     _SR0  equ     3318
   745                           	global	_SR1
   746  0CF7                     _SR1  equ     3319
   747                           	global	_STRA
   748  0CE8                     _STRA  equ     3304
   749                           	global	_STRB
   750  0CE9                     _STRB  equ     3305
   751                           	global	_STRC
   752  0CEA                     _STRC  equ     3306
   753                           	global	_STRD
   754  0CEB                     _STRD  equ     3307
   755                           	global	_STRSYNC
   756  0CEC                     _STRSYNC  equ     3308
   757                           	global	_WR
   758  0C61                     _WR  equ     3169
   759                           	global	_WREN
   760  0C62                     _WREN  equ     3170
   761                           	global	_WRERR
   762  0C63                     _WRERR  equ     3171
   763                           	file	"LCD_Char.as"
   764                           	line	#
   765                           psect cinit,class=CODE,delta=2
   766                           global start_initialization
   767  0729                     start_initialization:
   768                           
   769                           psect cinit,class=CODE,delta=2
   770                           global end_of_initialization
   771                           
   772                           ;End of C runtime variable initationation code
   773                           
   774  0729                     end_of_initialization:
   775  0729  0183               clrf status
   776  072A  118A  2F62         ljmp _main	;jump to C main() function
   777                           psect	cstackCOMMON,class=COMMON,space=1
   778                           global __pcstackCOMMON
   779  0070                     __pcstackCOMMON:
   780                           	global	??_Initialize_LCD
   781  0070                     ??_Initialize_LCD: ;@ 0x0
   782                           	global	??_Send_Command
   783  0070                     ??_Send_Command: ;@ 0x0
   784                           	global	??_Clear_LCD
   785  0070                     ??_Clear_LCD: ;@ 0x0
   786                           	global	??_Delay
   787  0070                     ??_Delay: ;@ 0x0
   788                           	global	??_main
   789  0070                     ??_main: ;@ 0x0
   790                           	global	Delay@u
   791  0070                     Delay@u:	; 2 bytes @ 0x0
   792  0070                     	ds	2
   793                           	global	Delay@v
   794  0072                     Delay@v:	; 2 bytes @ 0x2
   795  0072                     	ds	2
   796                           	global	?_Delay
   797  0074                     ?_Delay: ;@ 0x4
   798                           	global	Delay@val
   799  0074                     Delay@val:	; 2 bytes @ 0x4
   800  0074                     	ds	2
   801                           	global	Send_Command@comd
   802  0076                     Send_Command@comd:	; 1 bytes @ 0x6
   803  0076                     	ds	1
   804                           	global	?_Initialize_LCD
   805  0077                     ?_Initialize_LCD: ;@ 0x7
   806                           	global	?_main
   807  0077                     ?_main: ;@ 0x7
   808                           	global	?_Send_Command
   809  0077                     ?_Send_Command: ;@ 0x7
   810                           	global	?_Clear_LCD
   811  0077                     ?_Clear_LCD: ;@ 0x7
   812                           ;Data sizes: Strings 0, constant 0, data 0, bss 0, persistent 0 stack 0
   813                           ;Auto spaces:   Size  Autos    Used
   814                           ; COMMON          14      7       7
   815                           ; BANK0           80      0       0
   816                           ; BANK1           80      0       0
   817                           ; BANK2           80      0       0
   818                           
   819                           
   820                           ;Pointer list with targets:
   821                           
   822                           
   823                           
   824                           ;Main: autosize = 0, tempsize = 0, incstack = 0, save=0
   825                           
   826                           
   827                           ;Call graph:                      Base Space Used Autos Args Refs Density
   828                           ;_main                                                0    0  270   0.00
   829                           ;     _Initialize_LCD
   830                           ;       _Send_Command
   831                           ;              _Delay
   832                           ;  _Initialize_LCD                                    0    0  180   0.00
   833                           ;          _Clear_LCD
   834                           ;              _Delay
   835                           ;       _Send_Command
   836                           ;    _Clear_LCD                                       0    0   90   0.00
   837                           ;       _Send_Command
   838                           ;              _Delay
   839                           ;      _Send_Command                                  1    0   50   0.00
   840                           ;                                    6 COMMO    1
   841                           ;              _Delay
   842                           ;        _Delay                                       4    2   40   0.00
   843                           ;                                    0 COMMO    6
   844                           ; Estimated maximum call depth 4
   845                           ; Address spaces:
   846                           
   847                           ;Name               Size   Autos  Total    Cost      Usage
   848                           ;BITCOMMON            E      0       0       0        0.0%
   849                           ;CODE                 0      0       0       0        0.0%
   850                           ;NULL                 0      0       0       0        0.0%
   851                           ;COMMON               E      7       7       1       50.0%
   852                           ;BITSFR0              0      0       0       1        0.0%
   853                           ;SFR0                 0      0       0       1        0.0%
   854                           ;SFR1                 0      0       0       2        0.0%
   855                           ;BITSFR1              0      0       0       2        0.0%
   856                           ;ABS                  0      0       0       2        0.0%
   857                           ;STACK                0      0       0       3        0.0%
   858                           ;BITBANK0            50      0       0       4        0.0%
   859                           ;BITSFR3              0      0       0       4        0.0%
   860                           ;SFR3                 0      0       0       4        0.0%
   861                           ;BANK0               50      0       0       5        0.0%
   862                           ;SFR2                 0      0       0       5        0.0%
   863                           ;BITSFR2              0      0       0       5        0.0%
   864                           ;BITBANK1            50      0       0       6        0.0%
   865                           ;BANK1               50      0       0       7        0.0%
   866                           ;BITBANK2            50      0       0       8        0.0%
   867                           ;BANK2               50      0       0       9        0.0%
   868                           ;DATA                 0      0       0      10        0.0%
   869                           ;EEDATA             100      0       0    1000        0.0%
   870                           
   871                           	global	_main
   872                           psect	maintext,local,class=CODE,delta=2
   873                           global __pmaintext
   874  0762                     __pmaintext:
   875                           
   876                           ; *************** function _main *****************
   877                           ; Defined at:
   878                           ;		line 78 in file "D:\Amit\PIC Projects\LCD\LCD_Char\LCD_Char.c"
   879                           ; Parameters:    Size  Location     Type
   880                           ;		None
   881                           ; Auto vars:     Size  Location     Type
   882                           ;		None
   883                           ; Return value:  Size  Location     Type
   884                           ;		None               void
   885                           ; Registers used:
   886                           ;		wreg, fsr0l, fsr0h, fsr1l, fsr1h, status,2, status,0, btemp+0, btemp+1, btemp+2, btem
                                 p+3, pclath, cstack
   887                           ; Tracked objects:
   888                           ;		On entry : 17F/0
   889                           ;		On exit  : 0/0
   890                           ;		Unchanged: 0/0
   891                           ; Data sizes:     COMMON   BANK0   BANK1   BANK2
   892                           ;      Locals:         0       0       0       0
   893                           ;      Temp:     0
   894                           ;      Total:    0
   895                           ; This function calls:
   896                           ;		_Initialize_LCD
   897                           ;		_Send_Command
   898                           ;		_Delay
   899                           ; This function is called by:
   900                           ;		Startup code after reset
   901                           ; This function uses a non-reentrant model
   902                           ; 
   903                           psect	maintext
   904                           	file	"D:\Amit\PIC Projects\LCD\LCD_Char\LCD_Char.c"
   905                           	line	78
   906                           	global	__size_of_main
   907  0028                     	__size_of_main	equ	__end_of_main-_main
   908                           ;LCD_Char.c: 77: void main()
   909                           ;LCD_Char.c: 78: {
   910                           	
   911  0762                     _main:	
   912                           	opt stack 8
   913                           ; Regs used in _main: [allreg]
   914                           	line	79
   915                           	
   916  0762                     l30000472:	
   917                           ;LCD_Char.c: 79: TRISA=0;
   918  0762  1003               	clrc
   919  0763  3000               	movlw	0
   920  0764  1803               	btfsc	status,0
   921  0765  3001               	movlw	1
   922  0766  1683               	bsf	status, 5	;RP0=1, select bank1
   923  0767  1303               	bcf	status, 6	;RP1=0, select bank1
   924  0768  0085               	movwf	(133)^080h	;volatile
   925                           	line	80
   926                           ;LCD_Char.c: 80: TRISC=0;
   927  0769  1003               	clrc
   928  076A  3000               	movlw	0
   929  076B  1803               	btfsc	status,0
   930  076C  3001               	movlw	1
   931  076D  0087               	movwf	(135)^080h	;volatile
   932                           	
   933  076E                     l30000473:	
   934                           	line	81
   935                           ;LCD_Char.c: 81: Initialize_LCD();
   936  076E  118A  27B3  118A   	fcall	_Initialize_LCD
   937                           	
   938  0771                     l30000474:	
   939                           	line	82
   940                           ;LCD_Char.c: 82: Send_Command(0x80);
   941  0771  3080               	movlw	(080h)
   942  0772  118A  2743  118A   	fcall	_Send_Command
   943                           	
   944  0775                     l30000475:	
   945                           	line	83
   946                           ;LCD_Char.c: 83: Delay(40);
   947  0775  3028               	movlw	low(028h)
   948  0776  00F4               	movwf	(?_Delay)
   949  0777  3000               	movlw	high(028h)
   950  0778  00F5               	movwf	((?_Delay))+1
   951  0779  118A  278A  118A   	fcall	_Delay
   952                           	
   953  077C                     l30000476:	
   954                           	line	84
   955                           ;LCD_Char.c: 84: PORTC='A';
   956  077C  3041               	movlw	(041h)
   957  077D  1283               	bcf	status, 5	;RP0=0, select bank0
   958  077E  1303               	bcf	status, 6	;RP1=0, select bank0
   959  077F  0087               	movwf	(7)	;volatile
   960                           	
   961  0780                     l30000477:	
   962                           	line	85
   963                           ;LCD_Char.c: 85: Delay(40);
   964  0780  3028               	movlw	low(028h)
   965  0781  00F4               	movwf	(?_Delay)
   966  0782  3000               	movlw	high(028h)
   967  0783  00F5               	movwf	((?_Delay))+1
   968  0784  118A  278A  118A   	fcall	_Delay
   969                           	
   970  0787                     l14:	
   971  0787  2F87               	goto	l14
   972                           	global	start
   973  0788  118A  2800         	ljmp	start
   974                           	opt stack 0
   975                           GLOBAL	__end_of_main
   976  078A                     	__end_of_main:
   977                           ; =============== function _main ends ============
   978                           
   979                           psect	maintext
   980                           	line	87
   981                           	signat	_main,88
   982                           	global	_Initialize_LCD
   983                           psect	text15,local,class=CODE,delta=2
   984                           global __ptext15
   985  07B3                     __ptext15:
   986                           
   987                           ; *************** function _Initialize_LCD *****************
   988                           ; Defined at:
   989                           ;		line 21 in file "D:\Amit\PIC Projects\LCD\LCD_Char\LCD_Char.c"
   990                           ; Parameters:    Size  Location     Type
   991                           ;		None
   992                           ; Auto vars:     Size  Location     Type
   993                           ;		None
   994                           ; Return value:  Size  Location     Type
   995                           ;		None               void
   996                           ; Registers used:
   997                           ;		wreg, fsr0l, fsr0h, fsr1l, fsr1h, status,2, status,0, btemp+0, btemp+1, btemp+2, btem
                                 p+3, pclath, cstack
   998                           ; Tracked objects:
   999                           ;		On entry : 0/0
  1000                           ;		On exit  : 0/0
  1001                           ;		Unchanged: 0/0
  1002                           ; Data sizes:     COMMON   BANK0   BANK1   BANK2
  1003                           ;      Locals:         0       0       0       0
  1004                           ;      Temp:     0
  1005                           ;      Total:    0
  1006                           ; This function calls:
  1007                           ;		_Clear_LCD
  1008                           ;		_Delay
  1009                           ;		_Send_Command
  1010                           ; This function is called by:
  1011                           ;		_main
  1012                           ; This function uses a non-reentrant model
  1013                           ; 
  1014                           psect	text15
  1015                           	file	"D:\Amit\PIC Projects\LCD\LCD_Char\LCD_Char.c"
  1016                           	line	21
  1017                           	global	__size_of_Initialize_LCD
  1018  004D                     	__size_of_Initialize_LCD	equ	__end_of_Initialize_LCD-_Initialize_LCD
  1019                           ;LCD_Char.c: 20: void Initialize_LCD()
  1020                           ;LCD_Char.c: 21: {
  1021                           	
  1022  07B3                     _Initialize_LCD:	
  1023                           	opt stack 7
  1024                           ; Regs used in _Initialize_LCD: [allreg]
  1025                           	line	22
  1026                           	
  1027  07B3                     l30000449:	
  1028                           ;LCD_Char.c: 22: TRISA=0;
  1029  07B3  1003               	clrc
  1030  07B4  3000               	movlw	0
  1031  07B5  1803               	btfsc	status,0
  1032  07B6  3001               	movlw	1
  1033  07B7  1683               	bsf	status, 5	;RP0=1, select bank1
  1034  07B8  1303               	bcf	status, 6	;RP1=0, select bank1
  1035  07B9  0085               	movwf	(133)^080h	;volatile
  1036                           	line	23
  1037                           ;LCD_Char.c: 23: TRISC=0;
  1038  07BA  1003               	clrc
  1039  07BB  3000               	movlw	0
  1040  07BC  1803               	btfsc	status,0
  1041  07BD  3001               	movlw	1
  1042  07BE  0087               	movwf	(135)^080h	;volatile
  1043                           	
  1044  07BF                     l30000450:	
  1045                           	line	24
  1046                           ;LCD_Char.c: 24: Clear_LCD();
  1047  07BF  118A  272C  118A   	fcall	_Clear_LCD
  1048                           	
  1049  07C2                     l30000451:	
  1050                           	line	25
  1051                           ;LCD_Char.c: 25: Delay(40);
  1052  07C2  3028               	movlw	low(028h)
  1053  07C3  00F4               	movwf	(?_Delay)
  1054  07C4  3000               	movlw	high(028h)
  1055  07C5  00F5               	movwf	((?_Delay))+1
  1056  07C6  118A  278A  118A   	fcall	_Delay
  1057                           	
  1058  07C9                     l30000452:	
  1059                           	line	26
  1060                           ;LCD_Char.c: 26: Send_Command(0x38);
  1061  07C9  3038               	movlw	(038h)
  1062  07CA  118A  2743  118A   	fcall	_Send_Command
  1063                           	
  1064  07CD                     l30000453:	
  1065                           	line	27
  1066                           ;LCD_Char.c: 27: Delay(40);
  1067  07CD  3028               	movlw	low(028h)
  1068  07CE  00F4               	movwf	(?_Delay)
  1069  07CF  3000               	movlw	high(028h)
  1070  07D0  00F5               	movwf	((?_Delay))+1
  1071  07D1  118A  278A  118A   	fcall	_Delay
  1072                           	
  1073  07D4                     l30000454:	
  1074                           	line	28
  1075                           ;LCD_Char.c: 28: Send_Command(0x38);
  1076  07D4  3038               	movlw	(038h)
  1077  07D5  118A  2743  118A   	fcall	_Send_Command
  1078                           	
  1079  07D8                     l30000455:	
  1080                           	line	29
  1081                           ;LCD_Char.c: 29: Delay(40);
  1082  07D8  3028               	movlw	low(028h)
  1083  07D9  00F4               	movwf	(?_Delay)
  1084  07DA  3000               	movlw	high(028h)
  1085  07DB  00F5               	movwf	((?_Delay))+1
  1086  07DC  118A  278A  118A   	fcall	_Delay
  1087                           	
  1088  07DF                     l30000456:	
  1089                           	line	30
  1090                           ;LCD_Char.c: 30: Send_Command(0x0C);
  1091  07DF  300C               	movlw	(0Ch)
  1092  07E0  118A  2743  118A   	fcall	_Send_Command
  1093                           	
  1094  07E3                     l30000457:	
  1095                           	line	31
  1096                           ;LCD_Char.c: 31: Delay(40);
  1097  07E3  3028               	movlw	low(028h)
  1098  07E4  00F4               	movwf	(?_Delay)
  1099  07E5  3000               	movlw	high(028h)
  1100  07E6  00F5               	movwf	((?_Delay))+1
  1101  07E7  118A  278A  118A   	fcall	_Delay
  1102                           	
  1103  07EA                     l30000458:	
  1104                           	line	32
  1105                           ;LCD_Char.c: 32: Send_Command(0x03);
  1106  07EA  3003               	movlw	(03h)
  1107  07EB  118A  2743  118A   	fcall	_Send_Command
  1108                           	
  1109  07EE                     l30000459:	
  1110                           	line	33
  1111                           ;LCD_Char.c: 33: Delay(40);
  1112  07EE  3028               	movlw	low(028h)
  1113  07EF  00F4               	movwf	(?_Delay)
  1114  07F0  3000               	movlw	high(028h)
  1115  07F1  00F5               	movwf	((?_Delay))+1
  1116  07F2  118A  278A  118A   	fcall	_Delay
  1117                           	
  1118  07F5                     l30000460:	
  1119                           	line	34
  1120                           ;LCD_Char.c: 34: Clear_LCD();
  1121  07F5  118A  272C  118A   	fcall	_Clear_LCD
  1122                           	
  1123  07F8                     l30000461:	
  1124                           	line	35
  1125                           ;LCD_Char.c: 35: Delay(40);
  1126  07F8  3028               	movlw	low(028h)
  1127  07F9  00F4               	movwf	(?_Delay)
  1128  07FA  3000               	movlw	high(028h)
  1129  07FB  00F5               	movwf	((?_Delay))+1
  1130  07FC  118A  278A  118A   	fcall	_Delay
  1131                           	
  1132  07FF                     l2:	
  1133  07FF  0008               	return
  1134                           	opt stack 0
  1135                           GLOBAL	__end_of_Initialize_LCD
  1136  0800                     	__end_of_Initialize_LCD:
  1137                           ; =============== function _Initialize_LCD ends ============
  1138                           
  1139                           psect	text16,local,class=CODE,delta=2
  1140                           global __ptext16
  1141  072C                     __ptext16:
  1142                           	line	36
  1143                           	signat	_Initialize_LCD,88
  1144                           	global	_Clear_LCD
  1145                           
  1146                           ; *************** function _Clear_LCD *****************
  1147                           ; Defined at:
  1148                           ;		line 51 in file "D:\Amit\PIC Projects\LCD\LCD_Char\LCD_Char.c"
  1149                           ; Parameters:    Size  Location     Type
  1150                           ;		None
  1151                           ; Auto vars:     Size  Location     Type
  1152                           ;		None
  1153                           ; Return value:  Size  Location     Type
  1154                           ;		None               void
  1155                           ; Registers used:
  1156                           ;		wreg, fsr0l, fsr0h, fsr1l, fsr1h, status,2, status,0, btemp+0, btemp+1, btemp+2, btem
                                 p+3, pclath, cstack
  1157                           ; Tracked objects:
  1158                           ;		On entry : 0/0
  1159                           ;		On exit  : 0/0
  1160                           ;		Unchanged: 0/0
  1161                           ; Data sizes:     COMMON   BANK0   BANK1   BANK2
  1162                           ;      Locals:         0       0       0       0
  1163                           ;      Temp:     0
  1164                           ;      Total:    0
  1165                           ; This function calls:
  1166                           ;		_Send_Command
  1167                           ;		_Delay
  1168                           ; This function is called by:
  1169                           ;		_Initialize_LCD
  1170                           ; This function uses a non-reentrant model
  1171                           ; 
  1172                           psect	text16
  1173                           	file	"D:\Amit\PIC Projects\LCD\LCD_Char\LCD_Char.c"
  1174                           	line	51
  1175                           	global	__size_of_Clear_LCD
  1176  0017                     	__size_of_Clear_LCD	equ	__end_of_Clear_LCD-_Clear_LCD
  1177                           ;LCD_Char.c: 50: void Clear_LCD()
  1178                           ;LCD_Char.c: 51: {
  1179                           	
  1180  072C                     _Clear_LCD:	
  1181                           	opt stack 6
  1182                           ; Regs used in _Clear_LCD: [allreg]
  1183                           	line	52
  1184                           	
  1185  072C                     l30000466:	
  1186                           ;LCD_Char.c: 52: Send_Command(0x01);
  1187  072C  3001               	movlw	(01h)
  1188  072D  118A  2743  118A   	fcall	_Send_Command
  1189                           	line	53
  1190                           ;LCD_Char.c: 53: Delay(40);
  1191  0730  3028               	movlw	low(028h)
  1192  0731  00F4               	movwf	(?_Delay)
  1193  0732  3000               	movlw	high(028h)
  1194  0733  00F5               	movwf	((?_Delay))+1
  1195  0734  118A  278A  118A   	fcall	_Delay
  1196                           	line	54
  1197                           ;LCD_Char.c: 54: Send_Command(0x02);
  1198  0737  3002               	movlw	(02h)
  1199  0738  118A  2743  118A   	fcall	_Send_Command
  1200                           	line	55
  1201                           ;LCD_Char.c: 55: Delay(40);
  1202  073B  3028               	movlw	low(028h)
  1203  073C  00F4               	movwf	(?_Delay)
  1204  073D  3000               	movlw	high(028h)
  1205  073E  00F5               	movwf	((?_Delay))+1
  1206  073F  118A  278A  118A   	fcall	_Delay
  1207                           	
  1208  0742                     l4:	
  1209  0742  0008               	return
  1210                           	opt stack 0
  1211                           GLOBAL	__end_of_Clear_LCD
  1212  0743                     	__end_of_Clear_LCD:
  1213                           ; =============== function _Clear_LCD ends ============
  1214                           
  1215                           psect	text17,local,class=CODE,delta=2
  1216                           global __ptext17
  1217  0743                     __ptext17:
  1218                           	line	56
  1219                           	signat	_Clear_LCD,88
  1220                           	global	_Send_Command
  1221                           
  1222                           ; *************** function _Send_Command *****************
  1223                           ; Defined at:
  1224                           ;		line 39 in file "D:\Amit\PIC Projects\LCD\LCD_Char\LCD_Char.c"
  1225                           ; Parameters:    Size  Location     Type
  1226                           ;  comd            1    wreg     unsigned char 
  1227                           ; Auto vars:     Size  Location     Type
  1228                           ;  comd            1    6[COMMON] unsigned char 
  1229                           ; Return value:  Size  Location     Type
  1230                           ;		None               void
  1231                           ; Registers used:
  1232                           ;		wreg, fsr0l, fsr0h, fsr1l, fsr1h, status,2, status,0, btemp+0, btemp+1, btemp+2, btem
                                 p+3, pclath, cstack
  1233                           ; Tracked objects:
  1234                           ;		On entry : 0/0
  1235                           ;		On exit  : 0/0
  1236                           ;		Unchanged: 0/0
  1237                           ; Data sizes:     COMMON   BANK0   BANK1   BANK2
  1238                           ;      Locals:         1       0       0       0
  1239                           ;      Temp:     0
  1240                           ;      Total:    1
  1241                           ; This function calls:
  1242                           ;		_Delay
  1243                           ; This function is called by:
  1244                           ;		_Initialize_LCD
  1245                           ;		_Clear_LCD
  1246                           ;		_main
  1247                           ; This function uses a non-reentrant model
  1248                           ; 
  1249                           psect	text17
  1250                           	file	"D:\Amit\PIC Projects\LCD\LCD_Char\LCD_Char.c"
  1251                           	line	39
  1252                           	global	__size_of_Send_Command
  1253  001F                     	__size_of_Send_Command	equ	__end_of_Send_Command-_Send_Command
  1254                           ;LCD_Char.c: 38: void Send_Command(unsigned char comd)
  1255                           ;LCD_Char.c: 39: {
  1256                           	
  1257  0743                     _Send_Command:	
  1258                           	opt stack 5
  1259                           ; Regs used in _Send_Command: [allreg]
  1260                           ;Send_Command@comd stored from wreg
  1261  0743  00F6               	movwf	(Send_Command@comd)
  1262                           	
  1263  0744                     l30000462:	
  1264                           	line	40
  1265                           ;LCD_Char.c: 40: TRISA=0;
  1266  0744  1003               	clrc
  1267  0745  3000               	movlw	0
  1268  0746  1803               	btfsc	status,0
  1269  0747  3001               	movlw	1
  1270  0748  1683               	bsf	status, 5	;RP0=1, select bank1
  1271  0749  1303               	bcf	status, 6	;RP1=0, select bank1
  1272  074A  0085               	movwf	(133)^080h	;volatile
  1273                           	line	41
  1274                           ;LCD_Char.c: 41: TRISC=0;
  1275  074B  1003               	clrc
  1276  074C  3000               	movlw	0
  1277  074D  1803               	btfsc	status,0
  1278  074E  3001               	movlw	1
  1279  074F  0087               	movwf	(135)^080h	;volatile
  1280                           	line	42
  1281                           ;LCD_Char.c: 42: RB4=0;
  1282  0750  1283               	bcf	status, 5	;RP0=0, select bank0
  1283  0751  1303               	bcf	status, 6	;RP1=0, select bank0
  1284  0752  1206               	bcf	(52/8),(52)&7
  1285                           	line	43
  1286                           ;LCD_Char.c: 43: RB5=0;
  1287  0753  1286               	bcf	(53/8),(53)&7
  1288                           	line	44
  1289                           ;LCD_Char.c: 44: RB6=1;
  1290  0754  1706               	bsf	(54/8),(54)&7
  1291                           	
  1292  0755                     l30000463:	
  1293                           	line	45
  1294                           ;LCD_Char.c: 45: PORTC=comd;
  1295  0755  0876               	movf	(Send_Command@comd),w
  1296  0756  0087               	movwf	(7)	;volatile
  1297                           	
  1298  0757                     l30000464:	
  1299                           	line	46
  1300                           ;LCD_Char.c: 46: Delay(40);
  1301  0757  3028               	movlw	low(028h)
  1302  0758  00F4               	movwf	(?_Delay)
  1303  0759  3000               	movlw	high(028h)
  1304  075A  00F5               	movwf	((?_Delay))+1
  1305  075B  118A  278A  118A   	fcall	_Delay
  1306                           	
  1307  075E                     l30000465:	
  1308                           	line	47
  1309                           ;LCD_Char.c: 47: RB6=0;
  1310  075E  1283               	bcf	status, 5	;RP0=0, select bank0
  1311  075F  1303               	bcf	status, 6	;RP1=0, select bank0
  1312  0760  1306               	bcf	(54/8),(54)&7
  1313                           	
  1314  0761                     l3:	
  1315  0761  0008               	return
  1316                           	opt stack 0
  1317                           GLOBAL	__end_of_Send_Command
  1318  0762                     	__end_of_Send_Command:
  1319                           ; =============== function _Send_Command ends ============
  1320                           
  1321                           psect	text18,local,class=CODE,delta=2
  1322                           global __ptext18
  1323  078A                     __ptext18:
  1324                           	line	48
  1325                           	signat	_Send_Command,4216
  1326                           	global	_Delay
  1327                           
  1328                           ; *************** function _Delay *****************
  1329                           ; Defined at:
  1330                           ;		line 59 in file "D:\Amit\PIC Projects\LCD\LCD_Char\LCD_Char.c"
  1331                           ; Parameters:    Size  Location     Type
  1332                           ;  val             2    4[COMMON] unsigned int 
  1333                           ; Auto vars:     Size  Location     Type
  1334                           ;  v               2    2[COMMON] unsigned int 
  1335                           ;  u               2    0[COMMON] unsigned int 
  1336                           ; Return value:  Size  Location     Type
  1337                           ;		None               void
  1338                           ; Registers used:
  1339                           ;		wreg
  1340                           ; Tracked objects:
  1341                           ;		On entry : 0/0
  1342                           ;		On exit  : 0/0
  1343                           ;		Unchanged: 0/0
  1344                           ; Data sizes:     COMMON   BANK0   BANK1   BANK2
  1345                           ;      Locals:         6       0       0       0
  1346                           ;      Temp:     0
  1347                           ;      Total:    6
  1348                           ; This function calls:
  1349                           ;		Nothing
  1350                           ; This function is called by:
  1351                           ;		_Initialize_LCD
  1352                           ;		_Send_Command
  1353                           ;		_Clear_LCD
  1354                           ;		_main
  1355                           ; This function uses a non-reentrant model
  1356                           ; 
  1357                           psect	text18
  1358                           	file	"D:\Amit\PIC Projects\LCD\LCD_Char\LCD_Char.c"
  1359                           	line	59
  1360                           	global	__size_of_Delay
  1361  0029                     	__size_of_Delay	equ	__end_of_Delay-_Delay
  1362                           ;LCD_Char.c: 58: void Delay(unsigned int val)
  1363                           ;LCD_Char.c: 59: {
  1364                           	
  1365  078A                     _Delay:	
  1366                           	opt stack 4
  1367                           ; Regs used in _Delay: [wreg]
  1368                           	line	61
  1369                           	
  1370  078A                     l30000467:	
  1371                           ;LCD_Char.c: 60: unsigned int u,v;
  1372                           ;LCD_Char.c: 61: for(u=0;u<val;u++)
  1373  078A  3000               	movlw	low(0)
  1374  078B  00F0               	movwf	(Delay@u)
  1375  078C  3000               	movlw	high(0)
  1376  078D  00F1               	movwf	((Delay@u))+1
  1377  078E  2FA8               	goto	l9
  1378                           	
  1379  078F                     l30000468:	
  1380                           	line	62
  1381                           ;LCD_Char.c: 62: for(v=0;v<1000;v++);
  1382  078F  3000               	movlw	low(0)
  1383  0790  00F2               	movwf	(Delay@v)
  1384  0791  3000               	movlw	high(0)
  1385  0792  00F3               	movwf	((Delay@v))+1
  1386                           	
  1387  0793                     l30000470:	
  1388  0793  3001               	movlw	low(01h)
  1389  0794  07F2               	addwf	(Delay@v),f
  1390  0795  1803               	skipnc
  1391  0796  0AF3               	incf	(Delay@v+1),f
  1392  0797  3000               	movlw	high(01h)
  1393  0798  07F3               	addwf	(Delay@v+1),f
  1394  0799  3003               	movlw	high(03E8h)
  1395  079A  0273               	subwf	(Delay@v+1),w
  1396  079B  30E8               	movlw	low(03E8h)
  1397  079C  1903               	skipnz
  1398  079D  0272               	subwf	(Delay@v),w
  1399  079E  1C03               	skipc
  1400  079F  2FA1               	goto	u11
  1401  07A0  2FA2               	goto	u10
  1402  07A1                     u11:
  1403  07A1  2F93               	goto	l30000470
  1404  07A2                     u10:
  1405                           	
  1406  07A2                     l30000471:	
  1407                           	line	61
  1408  07A2  3001               	movlw	low(01h)
  1409  07A3  07F0               	addwf	(Delay@u),f
  1410  07A4  1803               	skipnc
  1411  07A5  0AF1               	incf	(Delay@u+1),f
  1412  07A6  3000               	movlw	high(01h)
  1413  07A7  07F1               	addwf	(Delay@u+1),f
  1414                           	
  1415  07A8                     l9:	
  1416  07A8  0875               	movf	(Delay@val+1),w
  1417  07A9  0271               	subwf	(Delay@u+1),w
  1418  07AA  1D03               	skipz
  1419  07AB  2FAE               	goto	u25
  1420  07AC  0874               	movf	(Delay@val),w
  1421  07AD  0270               	subwf	(Delay@u),w
  1422  07AE                     u25:
  1423  07AE  1C03               	skipc
  1424  07AF  2FB1               	goto	u21
  1425  07B0  2FB2               	goto	u20
  1426  07B1                     u21:
  1427  07B1  2F8F               	goto	l30000468
  1428  07B2                     u20:
  1429                           	
  1430  07B2                     l5:	
  1431  07B2  0008               	return
  1432                           	opt stack 0
  1433                           GLOBAL	__end_of_Delay
  1434  07B3                     	__end_of_Delay:
  1435                           ; =============== function _Delay ends ============
  1436                           
  1437                           psect	text19,local,class=CODE,delta=2
  1438                           global __ptext19
  1439  0002                     __ptext19:


HI-TECH Software PICC Macro Assembler V9.70 build 5239 
Symbol Table                                                                                   Tue Nov 22 10:31:50 2011

                      l2 07FF                        l3 0761                        l4 0742  
                      l5 07B2                        l9 07A8     __end_of_Send_Command 0762  
                     _DA 04A5                       l14 0787                       _BF 04A0  
                     _DC 0019                       _PD 001B                       _RD 0C60  
                     u10 07A2                       u11 07A1                       _UA 04A1  
                     u20 07B2                       u21 07B1                       u25 07AE  
                     _TO 001C                       _RW 04A2                       _WR 0C61  
     __size_of_Clear_LCD 0017                      _C1R 08CA                      _C2R 08D2  
                    _CKE 04A6                      _CKP 00A4                      _GIE 005F  
                    _BOR 0470                      _RA0 0028                      _RA1 0029  
                    _RA2 002A                      _RA3 002B                      _RC0 0038  
                    _RA4 002C                      _RC1 0039                      _RA5 002D  
                    _RC2 003A                      _RB4 0034                      _RC3 003B  
                    _RB5 0035                      _RC4 003C                      _RB6 0036  
                    _RC5 003D                      _RB7 0037                      _RC6 003E  
                    _RC7 003F                      _FSR 0004                      _PCL 0002  
                    _PS0 0408                      _PR2 0092                      _PS1 0409  
                    _PS2 040A                      _RP0 001D                      _IRP 001F  
                    _RP1 001E                      _HTS 047A                      _SR0 0CF6  
                    _SR1 0CF7                      _SCS 0478                      _PSA 040B  
                    _LTS 0479                      _VR0 08C0                      _VR1 08C1  
                    _VR2 08C2                      _VR3 08C3                      _POR 0471  
                    _RX9 00C6                      _SMP 04A7                      _TX9 04C6  
                    _WUE 04D9                      _VRR 08C5                  ??_Delay 0070  
                   _C1IE 046D                     _C1IF 006D                     _C2IE 046E  
                   _C2IF 006E                     _C1OE 08CD                     _C2OE 08D5  
                   _C1ON 08CF                     _C2ON 08D7                     _ADIE 0466  
                   _ADIF 0066                     _ADFM 00FF                 __ptext14 0002  
               __ptext15 07B3                     _ADON 00F8                 __ptext16 072C  
               __ptext17 0743                 __ptext18 078A                 __ptext19 0002  
                   _P1M0 00BE                     _CHS0 00FA                     _P1M1 00BF  
                   _CHS1 00FB                     _CHS2 00FC                     _CHS3 00FD  
                   _EEIE 046C                     _EEIF 006C                     _ANS0 08F0  
                   _BRG0 04C8                     _ANS1 08F1                     _BRG1 04C9  
                   _ANS2 08F2                     _BRG2 04CA                     _ANS3 08F3  
                   _BRG3 04CB                     _ANS4 08F4                     _BRG4 04CC  
                   _ANS5 08F5                     _BRG5 04CD                     _ANS6 08F6  
                   _BRG6 04CE                     _ANS7 08F7                     _BRG7 04CF  
                   _ANS8 08F8                     _BRG8 04D0                     _ANS9 08F9  
                   _BRG9 04D1                     _BRGH 04C2                     _T0IE 005D  
                   _T0IF 005A                     _CREN 00C4                     _T0CS 040D  
                   _FERR 00C2                     _PDC0 00E0                     _PDC1 00E1  
                   _PDC2 00E2                     _PDC3 00E3                     _PDC4 00E4  
                   _T0SE 040C                     _CSRC 04C7                     _IOCA 0096  
                   _PDC5 00E5                     _IOCB 0116                     _PDC6 00E6  
                   _INDF 0000                     _PIE1 008C                     _PIE2 008D  
                   _PEIE 005E                     _INTE 005C                     _INTF 0059  
                   _RBIE 005B                     _RBIF 0058                     _RCIE 0465  
                   _RCIF 0065                     _PCON 008E                     _PIR1 000C  
                   _PIR2 000D                     _OERR 00C1                     _SCKP 04DC  
                   _RBPU 040F                     _VCFG 00FE                     _RX9D 00C0  
                   _TMR0 0001                     _TMR2 0011                     _WCOL 00A7  
                   _SPEN 00C7                     _TX9D 04C0                     _SREN 00C5  
                   _OSTS 047B                     _TUN0 0480                     _TUN1 0481  
                   _TUN2 0482                     _TUN3 0483                     _TUN4 0484  
                   _STRA 0CE8                     _STRB 0CE9                     _STRC 0CEA  
                   _STRD 0CEB                     _TRMT 04C1                     _STOP 04A4  
                   _TXIE 0464                     _ZERO 001A                     _WREN 0C62  
                   _TXEN 04C5                     _TXIF 0064                     _SYNC 04C4  
                   _WPUA 0095                     _WPUB 0115                     _main 0762  
                   start 0000            ?_Send_Command 0077      start_initialization 0729  
         _Initialize_LCD 07B3            __end_of_Delay 07B3                  _CM1CON0 0119  
                _CM2CON0 011A                  _CCP1CON 0017                  _CM2CON1 011B  
        ?_Initialize_LCD 0077                  _BAUDCTL 009B                  _ECCPAS0 00EC  
                _ECCPAS1 00ED                  _ECCPAS2 00EE                  _ECCPASE 00EF  
                  _C1CH0 08C8                    _C1CH1 08C9                    _C2CH0 08D0  
                  _C2CH1 08D1                    _DC1B0 00BC                    _DC1B1 00BD  
                  _C1SEN 0CF5                    _C2REN 0CF4                    _C1POL 08CC  
                  _C2POL 08D4                    _C1OUT 08CE                    _C2OUT 08D6  
                  _ABDEN 04D8                    _ADCS0 04FC                    _ADCS1 04FD  
                  _ADCS2 04FE                    _ADDEN 00C3                    ?_main 0077  
                  _EEADR 010D                    _ANS10 08FA                    _EEDAT 010C  
                  _BRG10 04D2                    _ANS11 08FB                    _BRG11 04D3  
                  _BRG12 04D4                    _BRG13 04D5                    _BRG14 04D6  
                  _BRG15 04D7                    _BRG16 04DB                    _CARRY 0018  
                  _EEPGD 0C67                    _ANSEL 011E    __size_of_Send_Command 001F  
                  _T1CON 0010                    _IOCA0 04B0                    _IOCA1 04B1  
                  _IOCA2 04B2                    _T2CON 0012                    _IOCA3 04B3  
                  _IOCA4 04B4                    _IOCA5 04B5                    _IOCB4 08B4  
                  _IOCB5 08B5                    _IOCB6 08B6                    _IOCB7 08B7  
                  _T1GSS 08D9                  _T1CKPS0 0084                  _T1CKPS1 0085  
                  _IRCF0 047C                    _IRCF1 047D                    _IRCF2 047E  
                _T2CKPS0 0090                  _T2CKPS1 0091                    _RABIE 005B  
                  _RABIF 0058         ??_Initialize_LCD 0070                    _RABPU 040F  
                  _RCIDL 04DE                    _RCREG 001A                    _SENDB 04C3  
                  _RCSTA 0018                    _OSFIE 046F                    _OSFIF 006F  
                  _VP6EN 08C4                    _TMR1H 000F                    _TMR1L 000E  
                  _SPBRG 0099                    _PORTA 0005                    _PORTB 0006  
                _T1OSCEN 0083                    _PORTC 0007                    _PRSEN 00E7  
                  _SRCON 019E                    _START 04A3                    _PULSR 0CF2  
                  _PULSS 0CF3                    _SSPM0 00A0                    _SSPM1 00A1  
                  _SSPM2 00A2                    _SSPM3 00A3                    _TRISA 0085  
                  _TRISB 0086                    _TRISC 0087                    _SSPIE 0463  
                  _SSPIF 0063                    _SSPEN 00A5                    _VRCON 0118  
                  _WPUA0 04A8                    _WPUA1 04A9                    _WPUA2 04AA  
                  _WPUA4 04AC                    _WPUA5 04AD                    _WPUB4 08AC  
                  _SSPOV 00A6                    _WPUB5 08AD                    _WPUB6 08AE  
                  _WPUB7 08AF                    _WRERR 0C63                    _TXREG 0019  
                  _TXSTA 0098                    _Delay 078A           __pcstackCOMMON 0070  
                _OSCTUNE 0090                  _PWM1CON 001C                  _PSTRCON 019D  
                _SSPSTAT 0094                  _TOUTPS0 0093                  _TOUTPS1 0094  
                _TOUTPS2 0095                  _TOUTPS3 0096         Send_Command@comd 0076  
                _STRSYNC 0CEC                    status 0003   __end_of_Initialize_LCD 0800  
          __size_of_main 0028                 l30000450 07BF                 l30000451 07C2  
               l30000460 07F5                 l30000452 07C9                 l30000461 07F8  
               l30000453 07CD                 l30000470 0793                 l30000462 0744  
               l30000454 07D4                 l30000471 07A2                 l30000463 0755  
               l30000455 07D8                 l30000464 0757                 l30000456 07DF  
               l30000472 0762                 l30000465 075E                 l30000457 07E3  
               l30000449 07B3                 l30000473 076E                 l30000466 072C  
               l30000458 07EA                 l30000474 0771                 l30000467 078A  
               l30000459 07EE                 l30000475 0775                 l30000468 078F  
               l30000476 077C                 l30000477 0780                   ??_main 0070  
             __pmaintext 0762                   ?_Delay 0074                   _C1VREN 08C7  
                 _C2VREN 08C6                   _C2SYNC 08D8                   _ADCON0 001F  
                 _ADCON1 009F                   _ABDOVF 04DF                   _CCP1M0 00B8  
                 _CCP1M1 00B9                   _CCP1M2 00BA                   _CCP1M3 00BB  
                 _CCP1IE 0462                   _CCP1IF 0062                   _ADRESH 001E  
                 _EEADRH 010F                   _ADRESL 009E                   _EEADRL 010D  
                 _EEDATA 010C                   _ECCPAS 001D                   _CCPR1H 0016  
                 _EEDATH 010E                   _CCPR1L 0015                   _EEDATL 010C  
                 _EECON1 018C                   _EECON2 018D                   _ANSELH 011F  
                 _MC1OUT 08DF                   _MC2OUT 08DE             __end_of_main 078A  
                 _T1GINV 0087                   _GODONE 00F9     end_of_initialization 0729  
                 _T1SYNC 0082  __size_of_Initialize_LCD 004D                   Delay@u 0070  
                 Delay@v 0072                   _INTEDG 040E                   _PCLATH 000A  
                 _INTCON 000B                   _SBOREN 0474                   _OSCCON 008F  
                 _TMR1GE 0086                   _TMR1IE 0460                   _TMR1IF 0060  
                 _TMR1CS 0081                   _TMR2IE 0461                   _TMR2IF 0061  
                 _PSSAC0 00EA                   _PSSAC1 00EB                   _PSSBD0 00E8  
                 _PSSBD1 00E9                   _SPBRGH 009A                   _OPTION 0081  
                 _TMR1ON 0080                   _TMR2ON 0092                   _WDTCON 0097  
                 _WDTPS0 04B9                   _WDTPS1 04BA                   _WDTPS2 04BB  
                 _WDTPS3 04BC                   _SSPADD 0093                   _TRISA0 0428  
                 _TRISA1 0429                   _TRISA2 042A                   _TRISA3 042B  
                 _TRISC0 0438                   _TRISA4 042C                   _TRISC1 0439  
                 _TRISA5 042D                   _TRISC2 043A                   _TRISB4 0434  
                 _TRISC3 043B                   _TRISB5 0435                   _TRISC4 043C  
                 _TRISB6 0436                   _TRISC5 043D                   _TRISB7 0437  
                 _TRISC6 043E                   _TRISC7 043F                   _STATUS 0003  
                 _SSPCON 0014                   _SSPBUF 0013                   _SWDTEN 04B8  
                 _ULPWUE 0475                   _SSPMSK 0093                 Delay@val 0074  
         ??_Send_Command 0070                _Clear_LCD 072C        __end_of_Clear_LCD 0743  
             ?_Clear_LCD 0077              ??_Clear_LCD 0070             _Send_Command 0743  
         __size_of_Delay 0029  
