

HI-TECH Software PIC PRO Macro Assembler V9.70 build 5239 
                                                                                               Tue Jan 03 17:17:35 2012

HI-TECH Software Omniscient Code Generator (PRO mode) build 5239
     1                           	processor	16F690
     2                           	opt	pw 120
     3                           	opt	pm
     4                           	psect	nvCOMMON,global,class=COMMON,space=1,delta=1
     5                           	psect	cinit,global,class=CODE,delta=2
     6                           	psect	cstackCOMMON,global,class=COMMON,space=1,delta=1
     7                           	psect	maintext,local,class=CODE,delta=2
     8                           	psect	text17,local,class=CODE,delta=2
     9                           	psect	text18,local,class=CODE,delta=2
    10                           	psect	text19,local,class=CODE,delta=2
    11                           	psect	pa_nodes,global,class=CODE,delta=2
    12  000A                     
    13                           	psect	nvCOMMON
    14  0070                     __pnvCOMMON:	;COMMON:	_main->_tx_data
    15  0070                     _serial_data:
    16  0070                     	ds	1
    17  0C63                     
    18                           	psect	cinit
    19  07D4                     start_initialization:
    20  07D4                     end_of_initialization:	;End of C runtime variable initationation code
    21  07D4  0183               	clrf	3
    22  07D5  118A  2FE1         	ljmp	_main	;jump to C main() function
    23                           
    24                           	psect	cstackCOMMON
    25  0071                     __pcstackCOMMON:
    26  0071                     ??_tx_data:
    27  0071                     ??_main:	;@ 0x0
    28  0071                     ??_rx_data:	;@ 0x0
    29  0071                     ?_rx_data:	;@ 0x0
    30  0071                     tx_data@data1:	;@ 0x0
    31                           ; 1 bytes @ 0x0
    32  0071                     	ds	1
    33  0072                     ?_main:
    34  0072                     ?_tx_data:	;@ 0x1
    35                           
    36                           	psect	maintext
    37  07E1                     __pmaintext:	;@ 0x1
    38                           ;Data sizes: Strings 0, constant 0, data 0, bss 0, persistent 1 stack 0
    39                           ;Auto spaces:   Size  Autos    Used
    40                           ; COMMON          14      1       2
    41                           ; BANK0           80      0       0
    42                           ; BANK1           80      0       0
    43                           ; BANK2           80      0       0
    44                           ;Pointer list with targets:
    45                           ;Main: autosize = 0, tempsize = 0, incstack = 0, save=0
    46                           ;Call graph:                      Base Space Used Autos Args Refs Density
    47                           ;_main                                                0    0   10   0.00
    48                           ;            _rx_data
    49                           ;            _tx_data
    50                           ;  _tx_data                                           1    0   10   0.00
    51                           ;                                    0 COMMO    1
    52                           ;  _rx_data                                           0    0    0   0.00
    53                           ; Estimated maximum call depth 1
    54                           ; Address spaces:
    55                           ;Name               Size   Autos  Total    Cost      Usage
    56                           ;BITCOMMON            E      0       0       0        0.0%
    57                           ;CODE                 0      0       0       0        0.0%
    58                           ;NULL                 0      0       0       0        0.0%
    59                           ;COMMO
    60                           ; *************** function _main *****************
    61                           ; Defined at:
    62                           ;		line 14 in file "D:\Amit\PIC Projects\Serial\Serial_Comn_to_PC\main.c"
    63                           ; Parameters:    Size  Location     Type
    64                           ;		None
    65                           ; Auto vars:     Size  Location     Type
    66                           ;		None
    67                           ; Return value:  Size  Location     Type
    68                           ;		None               void
    69                           ; Registers used:
    70                           ;		wreg, fsr0l, fsr0h, fsr1l, fsr1h, status,2, status,0, btemp+0, btemp+1, btemp+2, btem
      +                          p+3, pclath, cstack
    71                           ; Tracked objects:
    72                           ;		On entry : 17F/0
    73                           ;		On exit  : 60/0
    74                           ;		Unchanged: FFE80/0
    75                           ; Data sizes:     COMMON   BANK0   BANK1   BANK2
    76                           ;      Locals:         0       0       0       0
    77                           ;      Temp:     0
    78                           ;      Total:    0
    79                           ; This function calls:
    80                           ;		_rx_data
    81                           ;		_tx_data
    82                           ; This function is called by:
    83                           ;		Startup code after reset
    84                           ; This function uses a non-reentrant model
    85                           ; 
    86  07E1                     _main:	;pic16f685.h: 21: volatile unsigned char INDF @ 0x000;
    87                           ;pic16f685.h: 22: volatile unsigned char TMR0 @ 0x001;
    88                           ;pic16f685.h: 23: volatile unsigned char PCL @ 0x002;
    89                           ;pic16f685.h: 24: volatile unsigned char STATUS @ 0x003;
    90                           ;pic16f685.h: 25: unsigned char FSR @ 0x004;
    91                           ;pic16f685.h: 26: volatile unsigned char PORTA @ 0x005;
    92                           ;pic16f685.h: 27: volatile unsigned char PORTB @ 0x006;
    93                           ;pic16f685.h: 28: volatile unsigned char PORTC @ 0x007;
    94                           ;pic16f685.h: 29: volatile unsigned char PCLATH @ 0x00A;
    95                           ;pic16f685.h: 30: volatile unsigned char INTCON @ 0x00B;
    96                           ;main.c: 15: SCS=1;
    97                           ; Regs used in _main: [allreg]
    98  07E1  1683               	bsf	3,5	;RP0=1, select bank1
    99  07E2  140F               	bsf	15,0
   100                           ;main.c: 16: IRCF0=0;
   101  07E3  120F               	bcf	15,4
   102                           ;main.c: 17: IRCF1=1;
   103  07E4  168F               	bsf	15,5
   104                           ;main.c: 18: IRCF2=1;
   105  07E5  170F               	bsf	15,6
   106                           ;main.c: 19: ANSEL=0x00;
   107  07E6  1283               	bcf	3,5	;RP0=0, select bank2
   108  07E7  1703               	bsf	3,6	;RP1=1, select bank2
   109  07E8  019E               	clrf	30
   110                           ;main.c: 20: ANSELH=0x00;
   111  07E9  019F               	clrf	31
   112                           ;main.c: 21: TXSTA=0xA6;
   113  07EA  30A6               	movlw	166
   114  07EB  1683               	bsf	3,5	;RP0=1, select bank1
   115  07EC  1303               	bcf	3,6	;RP1=0, select bank1
   116  07ED  0098               	movwf	24	;volatile
   117                           ;main.c: 22: SPBRGH=0x00;
   118  07EE  019A               	clrf	26
   119                           ;main.c: 23: SPBRG=(((4000000/64)/9600)-1);
   120  07EF  3005               	movlw	5
   121  07F0  0099               	movwf	25
   122                           ;main.c: 24: SPEN=1;
   123  07F1  1283               	bcf	3,5	;RP0=0, select bank0
   124  07F2  1798               	bsf	24,7
   125                           ;main.c: 25: TXEN=1;
   126  07F3  1683               	bsf	3,5	;RP0=1, select bank1
   127  07F4  1698               	bsf	24,5
   128                           ;main.c: 26: SYNC=0;
   129  07F5  1218               	bcf	24,4
   130                           ;main.c: 27: CREN=1;
   131  07F6  1283               	bcf	3,5	;RP0=0, select bank0
   132  07F7  1618               	bsf	24,4
   133  07F8                     l30000455:
   134                           ;main.c: 29: {
   135                           ;main.c: 30: serial_data=rx_data();
   136  07F8  118A  27D7         	fcall	_rx_data
   137  07FA  00F0               	movwf	_serial_data
   138                           ;main.c: 31: tx_data(serial_data);
   139  07FB  0870               	movf	_serial_data,w
   140  07FC  118A  27DB  118A   	fcall	_tx_data
   141  07FF  2FF8               	goto	l30000455
   142  0800                     __end_of_main:
   143                           
   144                           	psect	text17
   145  07DB                     __ptext17:	; =============== function _main ends ============
   146                           ; *************** function _tx_data *****************
   147                           ; Defined at:
   148                           ;		line 37 in file "D:\Amit\PIC Projects\Serial\Serial_Comn_to_PC\main.c"
   149                           ; Parameters:    Size  Location     Type
   150                           ;  data1           1    wreg     unsigned char 
   151                           ; Auto vars:     Size  Location     Type
   152                           ;  data1           1    0[COMMON] unsigned char 
   153                           ; Return value:  Size  Location     Type
   154                           ;		None               void
   155                           ; Registers used:
   156                           ;		wreg
   157                           ; Tracked objects:
   158                           ;		On entry : 60/0
   159                           ;		On exit  : 60/0
   160                           ;		Unchanged: FFF9F/0
   161                           ; Data sizes:     COMMON   BANK0   BANK1   BANK2
   162                           ;      Locals:         1       0       0       0
   163                           ;      Temp:     0
   164                           ;      Total:    1
   165                           ; This function calls:
   166                           ;		Nothing
   167                           ; This function is called by:
   168                           ;		_main
   169                           ; This function uses a non-reentrant model
   170                           ; 
   171  07DB                     _tx_data:	;main.c: 36: void tx_data(unsigned char data1)
   172                           ;main.c: 37: {
   173                           ; Regs used in _tx_data: [wreg]
   174                           ;tx_data@data1 stored from wreg
   175  07DB  00F1               	movwf	tx_data@data1
   176                           ;main.c: 38: TXREG=data1;
   177  07DC  0871               	movf	tx_data@data1,w
   178  07DD  0099               	movwf	25	;volatile
   179  07DE                     l6:
   180  07DE  1A0C               	btfsc	12,4
   181  07DF  0008               	return
   182  07E0  2FDE               	goto	l6
   183  07E1                     __end_of_tx_data:
   184                           
   185                           	psect	text18
   186  07D7                     __ptext18:	; =============== function _tx_data ends ============
   187                           ; *************** function _rx_data *****************
   188                           ; Defined at:
   189                           ;		line 43 in file "D:\Amit\PIC Projects\Serial\Serial_Comn_to_PC\main.c"
   190                           ; Parameters:    Size  Location     Type
   191                           ;		None
   192                           ; Auto vars:     Size  Location     Type
   193                           ;		None
   194                           ; Return value:  Size  Location     Type
   195                           ;                  1    wreg      unsigned char 
   196                           ; Registers used:
   197                           ;		wreg
   198                           ; Tracked objects:
   199                           ;		On entry : 60/0
   200                           ;		On exit  : 60/0
   201                           ;		Unchanged: FFF9F/0
   202                           ; Data sizes:     COMMON   BANK0   BANK1   BANK2
   203                           ;      Locals:         0       0       0       0
   204                           ;      Temp:     0
   205                           ;      Total:    0
   206                           ; This function calls:
   207                           ;		Nothing
   208                           ; This function is called by:
   209                           ;		_main
   210                           ; This function uses a non-reentrant model
   211                           ; 
   212  07D7                     _rx_data:	;main.c: 42: unsigned char rx_data(void)
   213                           ;main.c: 43: {
   214  07D7                     l10:	; Regs used in _rx_data: [wreg]
   215  07D7  1E8C               	btfss	12,5
   216  07D8  2FD7               	goto	l10
   217                           ;main.c: 45: return RCREG;
   218  07D9  081A               	movf	26,w	;volatile
   219  07DA  0008               	return
   220  07DB                     __end_of_rx_data:
   221                           
   222                           	psect	text19
   223  0002                     __ptext19:	; =============== function _rx_data ends ============


HI-TECH Software PICC Macro Assembler V9.70 build 5239 
Symbol Table                                                                                   Tue Jan 03 17:17:35 2012

                   l5 0000                     l6 07DE                     l9 0000                    l10 07D7  
                  _DA 04A5                    _BF 04A0                    _DC 0019                    _PD 001B  
                  _RD 0C60                    _UA 04A1                    _TO 001C                    _RW 04A2  
                  _WR 0C61                   _C1R 08CA                   _C2R 08D2                   _CKE 04A6  
                 _CKP 00A4                   _GIE 005F                   _BOR 0470                   _RA0 0028  
                 _RA1 0029                   _RA2 002A                   _RA3 002B                   _RC0 0038  
                 _RA4 002C                   _RC1 0039                   _RA5 002D                   _RC2 003A  
                 _RB4 0034                   _RC3 003B                   _RB5 0035                   _RC4 003C  
                 _RB6 0036                   _RC5 003D                   _RB7 0037                   _RC6 003E  
                 _RC7 003F                   _FSR 0004                   _PCL 0002                   _PS0 0408  
                 _PR2 0092                   _PS1 0409                   _PS2 040A                   _RP0 001D  
                 _IRP 001F                   _RP1 001E                   _HTS 047A                   _SR0 0CF6  
                 _SR1 0CF7                   _SCS 0478                   _PSA 040B                   _LTS 0479  
                 _VR0 08C0                   _VR1 08C1                   _VR2 08C2                   _VR3 08C3  
                 _POR 0471                   _RX9 00C6                   _SMP 04A7                   _TX9 04C6  
                 _WUE 04D9                   _VRR 08C5                  _C1IE 046D                  _C1IF 006D  
                _C2IE 046E                  _C2IF 006E                  _C1OE 08CD                  _C2OE 08D5  
                _C1ON 08CF                  _C2ON 08D7                  _ADIE 0466                  _ADIF 0066  
                _ADFM 00FF                  _ADON 00F8              __ptext17 07DB              __ptext18 07D7  
            __ptext19 0002                  _P1M0 00BE                  _CHS0 00FA                  _P1M1 00BF  
                _CHS1 00FB                  _CHS2 00FC                  _CHS3 00FD                  _EEIE 046C  
                _EEIF 006C                  _ANS0 08F0                  _BRG0 04C8                  _ANS1 08F1  
                _BRG1 04C9                  _ANS2 08F2                  _BRG2 04CA                  _ANS3 08F3  
                _BRG3 04CB                  _ANS4 08F4                  _BRG4 04CC                  _ANS5 08F5  
                _BRG5 04CD                  _ANS6 08F6                  _BRG6 04CE                  _ANS7 08F7  
                _BRG7 04CF                  _ANS8 08F8                  _BRG8 04D0                  _ANS9 08F9  
                _BRG9 04D1                  _BRGH 04C2                  _T0IE 005D                  _T0IF 005A  
                _CREN 00C4                  _T0CS 040D                  _FERR 00C2                  _PDC0 00E0  
                _PDC1 00E1                  _PDC2 00E2                  _PDC3 00E3                  _PDC4 00E4  
                _T0SE 040C                  _CSRC 04C7                  _IOCA 0096                  _PDC5 00E5  
                _IOCB 0116                  _PDC6 00E6                  _INDF 0000                  _PIE1 008C  
                _PIE2 008D                  _PEIE 005E                  _INTE 005C                  _INTF 0059  
                _RBIE 005B                  _RBIF 0058                  _RCIE 0465                  _RCIF 0065  
                _PCON 008E                  _PIR1 000C                  _PIR2 000D                  _OERR 00C1  
                _SCKP 04DC                  _RBPU 040F                  _VCFG 00FE                  _RX9D 00C0  
                _TMR0 0001                  _TMR2 0011                  _WCOL 00A7                  _SPEN 00C7  
                _TX9D 04C0                  _SREN 00C5                  _OSTS 047B                  _TUN0 0480  
                _TUN1 0481                  _TUN2 0482                  _TUN3 0483                  _TUN4 0484  
                _STRA 0CE8                  _STRB 0CE9                  _STRC 0CEA                  _STRD 0CEB  
                _TRMT 04C1                  _STOP 04A4                  _TXIE 0464                  _ZERO 001A  
                _WREN 0C62                  _TXEN 04C5                  _TXIF 0064                  _SYNC 04C4  
                _WPUA 0095                  _WPUB 0115                  _main 07E1           _serial_data 0070  
                start 0000      __size_of_rx_data 0004      __size_of_tx_data 0006   start_initialization 07D4  
             _CM1CON0 0119               _CM2CON0 011A               _CCP1CON 0017               _CM2CON1 011B  
             _BAUDCTL 009B               _ECCPAS0 00EC               _ECCPAS1 00ED               _ECCPAS2 00EE  
             _ECCPASE 00EF                 _C1CH0 08C8                 _C1CH1 08C9                 _C2CH0 08D0  
               _C2CH1 08D1                 _DC1B0 00BC                 _DC1B1 00BD                 _C1SEN 0CF5  
               _C2REN 0CF4                 _C1POL 08CC                 _C2POL 08D4                 _C1OUT 08CE  
               _C2OUT 08D6                 _ABDEN 04D8                 _ADCS0 04FC                 _ADCS1 04FD  
               _ADCS2 04FE                 _ADDEN 00C3                 ?_main 0072                 _EEADR 010D  
               _ANS10 08FA                 _EEDAT 010C                 _BRG10 04D2                 _ANS11 08FB  
               _BRG11 04D3                 _BRG12 04D4                 _BRG13 04D5                 _BRG14 04D6  
               _BRG15 04D7                 _BRG16 04DB                 _CARRY 0018                 _EEPGD 0C67  
               _ANSEL 011E                 _T1CON 0010                 _IOCA0 04B0                 _IOCA1 04B1  
               _IOCA2 04B2                 _T2CON 0012                 _IOCA3 04B3                 _IOCA4 04B4  
               _IOCA5 04B5                 _IOCB4 08B4                 _IOCB5 08B5                 _IOCB6 08B6  
               _IOCB7 08B7                 _T1GSS 08D9               _T1CKPS0 0084               _T1CKPS1 0085  
               _IRCF0 047C                 _IRCF1 047D                 _IRCF2 047E               _T2CKPS0 0090  
             _T2CKPS1 0091                 _RABIE 005B                 _RABIF 0058                 _RABPU 040F  
               _RCIDL 04DE                 _RCREG 001A                 _SENDB 04C3                 _RCSTA 0018  
               _OSFIE 046F                 _OSFIF 006F                 _VP6EN 08C4                 _TMR1H 000F  
               _TMR1L 000E                 _SPBRG 0099                 _PORTA 0005                 _PORTB 0006  
             _T1OSCEN 0083                 _PORTC 0007                 _PRSEN 00E7                 _SRCON 019E  
               _START 04A3                 _PULSR 0CF2                 _PULSS 0CF3                 _SSPM0 00A0  
               _SSPM1 00A1                 _SSPM2 00A2                 _SSPM3 00A3                 _TRISA 0085  
               _TRISB 0086                 _TRISC 0087                 _SSPIE 0463                 _SSPIF 0063  
               _SSPEN 00A5                 _VRCON 0118                 _WPUA0 04A8                 _WPUA1 04A9  
               _WPUA2 04AA                 _WPUA4 04AC                 _WPUA5 04AD                 _WPUB4 08AC  
               _SSPOV 00A6                 _WPUB5 08AD                 _WPUB6 08AE                 _WPUB7 08AF  
               _WRERR 0C63                 _TXREG 0019                 _TXSTA 0098        __pcstackCOMMON 0071  
             _OSCTUNE 0090               _PWM1CON 001C       __end_of_rx_data 07DB               _PSTRCON 019D  
     __end_of_tx_data 07E1               _SSPSTAT 0094               _TOUTPS0 0093               _TOUTPS1 0094  
             _TOUTPS2 0095               _TOUTPS3 0096               _STRSYNC 0CEC                 status 0003  
       __size_of_main 001F              l30000450 0000              l30000451 0000              l30000452 0000  
            l30000453 0000              l30000454 0000              l30000455 07F8              l30000447 0000  
            l30000456 0000              l30000448 0000              l30000457 0000              l30000449 0000  
            l30000458 0000          tx_data@data1 0071            __pnvCOMMON 0070                ??_main 0071  
          __pmaintext 07E1                _C1VREN 08C7                _C2VREN 08C6                _C2SYNC 08D8  
              _ADCON0 001F                _ADCON1 009F                _ABDOVF 04DF               _rx_data 07D7  
              _CCP1M0 00B8                _CCP1M1 00B9                _CCP1M2 00BA                _CCP1M3 00BB  
              _CCP1IE 0462                _CCP1IF 0062                _ADRESH 001E                _EEADRH 010F  
              _ADRESL 009E                _EEADRL 010D                _EEDATA 010C                _ECCPAS 001D  
              _CCPR1H 0016                _EEDATH 010E                _CCPR1L 0015                _EEDATL 010C  
              _EECON1 018C                _EECON2 018D              ?_rx_data 0071               _tx_data 07DB  
              _ANSELH 011F                _MC1OUT 08DF                _MC2OUT 08DE              ?_tx_data 0072  
        __end_of_main 0800                _T1GINV 0087                _GODONE 00F9             ??_rx_data 0071  
end_of_initialization 07D4                _T1SYNC 0082                _INTEDG 040E                _PCLATH 000A  
              _INTCON 000B             ??_tx_data 0071                _SBOREN 0474                _OSCCON 008F  
              _TMR1GE 0086                _TMR1IE 0460                _TMR1IF 0060                _TMR1CS 0081  
              _TMR2IE 0461                _TMR2IF 0061                _PSSAC0 00EA                _PSSAC1 00EB  
              _PSSBD0 00E8                _PSSBD1 00E9                _SPBRGH 009A                _OPTION 0081  
              _TMR1ON 0080                _TMR2ON 0092                _WDTCON 0097                _WDTPS0 04B9  
              _WDTPS1 04BA                _WDTPS2 04BB                _WDTPS3 04BC                _SSPADD 0093  
              _TRISA0 0428                _TRISA1 0429                _TRISA2 042A                _TRISA3 042B  
              _TRISC0 0438                _TRISA4 042C                _TRISC1 0439                _TRISA5 042D  
              _TRISC2 043A                _TRISB4 0434                _TRISC3 043B                _TRISB5 0435  
              _TRISC4 043C                _TRISB6 0436                _TRISC5 043D                _TRISB7 0437  
              _TRISC6 043E                _TRISC7 043F                _STATUS 0003                _SSPCON 0014  
              _SSPBUF 0013                _SWDTEN 04B8                _ULPWUE 0475                _SSPMSK 0093  
