

HI-TECH Software PIC Macro Assembler V9.70 build 5239 
                                                      Tue Jan 03 17:17:35 2012


     1                           
     2                           	; HI-TECH C Compiler for PIC10/12/16 MCUs V9.7
                                 0
     3                           	; Copyright (C) 1984-2009 HI-TECH Software
     4                           	;Licensed for evaluation purposes only.
     5                           	;This licence will expire on Wed, 22 Feb 2012
     6                           
     7                           	; Auto-generated runtime startup code for fina
                                 l link stage.
     8                           
     9                           	;
    10                           	; Compiler options:
    11                           	;
    12                           	; -oSerial.cof -mSerial.map --summary=default 
                                 --output=default main.p1 \
    13                           	; --chip=16F690 -P --runtime=default --opt=def
                                 ault -g --asmlist \
    14                           	; --errformat=Error   [%n] %f; %l.%c %s --msgf
                                 ormat=Advisory[%n] %s \
    15                           	; --warnformat=Warning [%n] %f; %l.%c %s
    16                           	;
    17                           
    18                           
    19                           	processor	16F690
    20                           
    21                           	global	_main,start,_exit,reset_vec
    22                           	fnroot	_main
    23                           	psect	config,class=CONFIG,delta=2
    24                           	psect	idloc,class=IDLOC,delta=2
    25                           	psect	temp,ovrld,class=BANK0,space=1
    26                           	psect	struct,ovrld,class=BANK0,space=1
    27                           	psect	code,class=CODE,delta=2
    28                           	psect	ptbit_0,class=BANK0,bit,space=1
    29                           	psect	powerup,class=CODE,delta=2
    30                           	psect	reset_vec,class=CODE,delta=2
    31                           	psect	maintext,class=CODE,delta=2
    32  0000                     	C	set	0
    33  0002                     	Z	set	2
    34  0002                     	PCL	set	2
    35  0000                     	INDF	set	0
    36                           
    37  0003                     	STATUS	equ	3
    38  000A                     	PCLATH	equ	0Ah
    39                           
    40                           	psect	eeprom_data,class=EEDATA,delta=2,space=2
    41                           	psect	intentry,class=CODE,delta=2
    42                           	global	intlevel0,intlevel1,intlevel2, intlevel
                                 3, intlevel4, intlevel5
    43  0000                     intlevel0:
    44  0000                     intlevel1:
    45  0000                     intlevel2:
    46  0000                     intlevel3:
    47  0000                     intlevel4:
    48  0000                     intlevel5:
    49                           	psect	intsave,class=BANK0,space=1
    50                           	psect	init,class=CODE,delta=2
    51                           	psect	cinit,class=CODE,delta=2
    52                           	psect	text,class=CODE,delta=2
    53                           	psect	end_init,class=CODE,delta=2
    54                           	psect	clrtext,class=CODE,delta=2
    55  0004                     	FSR	set	4
    56                           	psect	strings,class=CODE,delta=2,reloc=256
    57                           
    58                           	psect	reset_vec
    59  0000                     reset_vec:
    60                           	; No powerup routine
    61                           	; No interrupt routine
    62                           
    63                           
    64                           	psect	init
    65  0000                     start
    66  0000                     _exit
    67                           	psect	end_init
    68                           	global start_initialization
    69  0000  118A  2FD4         	ljmp start_initialization	;jump to C runtime c
                                 lear & initialization


HI-TECH Software PICC Macro Assembler V9.70 build 5239 
Symbol Table                                          Tue Jan 03 17:17:35 2012

               _main 07E1                 _exit 0000  
               start 0000  start_initialization 07D4  
           intlevel0 0000             intlevel1 0000  
           intlevel2 0000             intlevel3 0000  
           intlevel4 0000             intlevel5 0000  
           reset_vec 0000  
