

HI-TECH Software PIC PRO Macro Assembler V9.70 build 5239 
                                                                                               Thu Jan 19 14:29:02 2012

HI-TECH Software Omniscient Code Generator (PRO mode) build 5239
     1                           	processor	16F690
     2                           	opt	pw 120
     3                           	opt	pm
     4                           	psect	maintext,local,class=CODE,delta=2
     5                           	psect	cinit,global,class=CODE,delta=2
     6                           	psect	cstackCOMMON,global,class=COMMON,space=1,delta=1
     7                           	psect	pa_nodes,global,class=CODE,delta=2
     8  000A                     
     9                           	psect	maintext
    10  07FB                     __pmaintext:
    11  0C63                     ;@ 0x0
    12                           ;Data sizes: Strings 0, constant 0, data 0, bss 0, persistent 0 stack 0
    13                           ;Auto spaces:   Size  Autos    Used
    14                           ; COMMON          14      0       0
    15                           ; BANK0           80      0       0
    16                           ; BANK1           80      0       0
    17                           ; BANK2           80      0       0
    18                           ;Pointer list with targets:
    19                           ;Main: autosize = 0, tempsize = 0, incstack = 0, save=0
    20                           ;Call graph:                      Base Space Used Autos Args Refs Density
    21                           ;_main                                                0    0    0   0.00
    22                           ; Estimated maximum call depth 0
    23                           ; Address spaces:
    24                           ;Name               Size   Autos  Total    Cost      Usage
    25                           ;BITCOMMON            E      0       0       0        0.0%
    26                           ;CODE                 0      0       0       0        0.0%
    27                           ;NULL                 0      0       0       0        0.0%
    28                           ;COMMON               E      0       0       1        0.0%
    29                           ;BITSFR0              0      0       0       1        0.0%
    30                           ;SFR0                 0      0       0       1        0.0%
    31                           ;SFR1                 0      0       0       2        0.0%
    32                           ;BITSFR1              0      0       0       2        0.0%
    33                           ;ABS                  0      0       0       2        0.0%
    34                           ;STACK                0      0       0       3        0.0%
    35                           ;BITBANK0            50      0       0       4        0.0%
    36                           ;BITSFR3              0      0       0       4        0.0%
    37                           ;SFR3                 0      0       0       4        0.0%
    38                           ;BANK0               50      0       0       5        0.0%
    39                           ;SFR2                 0      0       0       5        0.0%
    40                           ;BITSFR2              0      0       0       5        0.0%
    41                           ;BITBANK1            50      0       0       6        0.0%
    42                           ;BANK1               50      0       0       7        0.0%
    43                           ;BITBANK2            50      0       0       8        0.0%
    44                           ;BANK2               50      0       0       9        0.0%
    45                           ;DATA                 0      0       0      10        0.0%
    46                           ;EEDATA             100      0       0    1000        0.0%
    47                           ; *************** function _main *****************
    48                           ; Defined at:
    49                           ;		line 3 in file "D:\Amit\E-Projects\PIC Projects\LCD\LCD_Serial_Comm\LCD_Serial_Com.c"
    50                           ; Parameters:    Size  Location     Type
    51                           ;		None
    52                           ; Auto vars:     Size  Location     Type
    53                           ;		None
    54                           ; Return value:  Size  Location     Type
    55                           ;		None               void
    56                           ; Registers used:
    57                           ;		None
    58                           ; Tracked objects:
    59                           ;		On entry : 17F/0
    60                           ;		On exit  : 17F/0
    61                           ;		Unchanged: FFFFFE80/0
    62                           ; Data sizes:     COMMON   BANK0   BANK1   BANK2
    63                           ;      Locals:         0       0       0       0
    64                           ;      Temp:     0
    65                           ;      Total:    0
    66                           ; This function calls:
    67                           ;		Nothing
    68                           ; This function is called by:
    69                           ;		Startup code after reset
    70                           ; This function uses a non-reentrant model
    71                           ; 
    72  07FB                     _main:	;LCD_Serial_Com.c: 2: void main()
    73                           ;LCD_Serial_Com.c: 3: {
    74                           ; Regs used in _main: []
    75  07FB  118A  2800         	ljmp	start
    76  07FD                     __end_of_main:
    77                           
    78                           	psect	cinit
    79  07FD                     start_initialization:
    80  07FD                     end_of_initialization:	;End of C runtime variable initationation code
    81  07FD  0183               	clrf	3
    82  07FE  118A  2800         	ljmp	start	;jump to C main() function
    83                           
    84                           	psect	cstackCOMMON
    85  0070                     __pcstackCOMMON:
    86  0070                     ??_main:
    87  0070                     ?_main:	;@ 0x0


HI-TECH Software PICC Macro Assembler V9.70 build 5239 
Symbol Table                                                                                   Thu Jan 19 14:29:02 2012

                   l1 0000                    _DA 04A5                    _BF 04A0                    _DC 0019  
                  _PD 001B                    _RD 0C60                    _UA 04A1                    _TO 001C  
                  _RW 04A2                    _WR 0C61                   _C1R 08CA                   _C2R 08D2  
                 _CKE 04A6                   _CKP 00A4                   _GIE 005F                   _BOR 0470  
                 _RA0 0028                   _RA1 0029                   _RA2 002A                   _RA3 002B  
                 _RC0 0038                   _RA4 002C                   _RC1 0039                   _RA5 002D  
                 _RC2 003A                   _RB4 0034                   _RC3 003B                   _RB5 0035  
                 _RC4 003C                   _RB6 0036                   _RC5 003D                   _RB7 0037  
                 _RC6 003E                   _RC7 003F                   _FSR 0004                   _PCL 0002  
                 _PS0 0408                   _PR2 0092                   _PS1 0409                   _PS2 040A  
                 _RP0 001D                   _IRP 001F                   _RP1 001E                   _HTS 047A  
                 _SR0 0CF6                   _SR1 0CF7                   _SCS 0478                   _PSA 040B  
                 _LTS 0479                   _VR0 08C0                   _VR1 08C1                   _VR2 08C2  
                 _VR3 08C3                   _POR 0471                   _RX9 00C6                   _SMP 04A7  
                 _TX9 04C6                   _WUE 04D9                   _VRR 08C5                  _C1IE 046D  
                _C1IF 006D                  _C2IE 046E                  _C2IF 006E                  _C1OE 08CD  
                _C2OE 08D5                  _C1ON 08CF                  _C2ON 08D7                  _ADIE 0466  
                _ADIF 0066                  _ADFM 00FF                  _ADON 00F8                  _P1M0 00BE  
                _CHS0 00FA                  _P1M1 00BF                  _CHS1 00FB                  _CHS2 00FC  
                _CHS3 00FD                  _EEIE 046C                  _EEIF 006C                  _ANS0 08F0  
                _BRG0 04C8                  _ANS1 08F1                  _BRG1 04C9                  _ANS2 08F2  
                _BRG2 04CA                  _ANS3 08F3                  _BRG3 04CB                  _ANS4 08F4  
                _BRG4 04CC                  _ANS5 08F5                  _BRG5 04CD                  _ANS6 08F6  
                _BRG6 04CE                  _ANS7 08F7                  _BRG7 04CF                  _ANS8 08F8  
                _BRG8 04D0                  _ANS9 08F9                  _BRG9 04D1                  _BRGH 04C2  
                _T0IE 005D                  _T0IF 005A                  _CREN 00C4                  _T0CS 040D  
                _FERR 00C2                  _PDC0 00E0                  _PDC1 00E1                  _PDC2 00E2  
                _PDC3 00E3                  _PDC4 00E4                  _T0SE 040C                  _CSRC 04C7  
                _IOCA 0096                  _PDC5 00E5                  _IOCB 0116                  _PDC6 00E6  
                _INDF 0000                  _PIE1 008C                  _PIE2 008D                  _PEIE 005E  
                _INTE 005C                  _INTF 0059                  _RBIE 005B                  _RBIF 0058  
                _RCIE 0465                  _RCIF 0065                  _PCON 008E                  _PIR1 000C  
                _PIR2 000D                  _OERR 00C1                  _SCKP 04DC                  _RBPU 040F  
                _VCFG 00FE                  _RX9D 00C0                  _TMR0 0001                  _TMR2 0011  
                _WCOL 00A7                  _SPEN 00C7                  _TX9D 04C0                  _SREN 00C5  
                _OSTS 047B                  _TUN0 0480                  _TUN1 0481                  _TUN2 0482  
                _TUN3 0483                  _TUN4 0484                  _STRA 0CE8                  _STRB 0CE9  
                _STRC 0CEA                  _STRD 0CEB                  _TRMT 04C1                  _STOP 04A4  
                _TXIE 0464                  _ZERO 001A                  _WREN 0C62                  _TXEN 04C5  
                _TXIF 0064                  _SYNC 04C4                  _WPUA 0095                  _WPUB 0115  
                _main 07FB                  start 0000   start_initialization 07FD               _CM1CON0 0119  
             _CM2CON0 011A               _CCP1CON 0017               _CM2CON1 011B               _BAUDCTL 009B  
             _ECCPAS0 00EC               _ECCPAS1 00ED               _ECCPAS2 00EE               _ECCPASE 00EF  
               _C1CH0 08C8                 _C1CH1 08C9                 _C2CH0 08D0                 _C2CH1 08D1  
               _DC1B0 00BC                 _DC1B1 00BD                 _C1SEN 0CF5                 _C2REN 0CF4  
               _C1POL 08CC                 _C2POL 08D4                 _C1OUT 08CE                 _C2OUT 08D6  
               _ABDEN 04D8                 _ADCS0 04FC                 _ADCS1 04FD                 _ADCS2 04FE  
               _ADDEN 00C3                 ?_main 0070                 _EEADR 010D                 _ANS10 08FA  
               _EEDAT 010C                 _BRG10 04D2                 _ANS11 08FB                 _BRG11 04D3  
               _BRG12 04D4                 _BRG13 04D5                 _BRG14 04D6                 _BRG15 04D7  
               _BRG16 04DB                 _CARRY 0018                 _EEPGD 0C67                 _ANSEL 011E  
               _T1CON 0010                 _IOCA0 04B0                 _IOCA1 04B1                 _IOCA2 04B2  
               _T2CON 0012                 _IOCA3 04B3                 _IOCA4 04B4                 _IOCA5 04B5  
               _IOCB4 08B4                 _IOCB5 08B5                 _IOCB6 08B6                 _IOCB7 08B7  
               _T1GSS 08D9               _T1CKPS0 0084               _T1CKPS1 0085                 _IRCF0 047C  
               _IRCF1 047D                 _IRCF2 047E               _T2CKPS0 0090               _T2CKPS1 0091  
               _RABIE 005B                 _RABIF 0058                 _RABPU 040F                 _RCIDL 04DE  
               _RCREG 001A                 _SENDB 04C3                 _RCSTA 0018                 _OSFIE 046F  
               _OSFIF 006F                 _VP6EN 08C4                 _TMR1H 000F                 _TMR1L 000E  
               _SPBRG 0099                 _PORTA 0005                 _PORTB 0006               _T1OSCEN 0083  
               _PORTC 0007                 _PRSEN 00E7                 _SRCON 019E                 _START 04A3  
               _PULSR 0CF2                 _PULSS 0CF3                 _SSPM0 00A0                 _SSPM1 00A1  
               _SSPM2 00A2                 _SSPM3 00A3                 _TRISA 0085                 _TRISB 0086  
               _TRISC 0087                 _SSPIE 0463                 _SSPIF 0063                 _SSPEN 00A5  
               _VRCON 0118                 _WPUA0 04A8                 _WPUA1 04A9                 _WPUA2 04AA  
               _WPUA4 04AC                 _WPUA5 04AD                 _WPUB4 08AC                 _SSPOV 00A6  
               _WPUB5 08AD                 _WPUB6 08AE                 _WPUB7 08AF                 _WRERR 0C63  
               _TXREG 0019                 _TXSTA 0098        __pcstackCOMMON 0070               _OSCTUNE 0090  
             _PWM1CON 001C               _PSTRCON 019D               _SSPSTAT 0094               _TOUTPS0 0093  
             _TOUTPS1 0094               _TOUTPS2 0095               _TOUTPS3 0096               _STRSYNC 0CEC  
               status 0003         __size_of_main 0002                ??_main 0070            __pmaintext 07FB  
              _C1VREN 08C7                _C2VREN 08C6                _C2SYNC 08D8                _ADCON0 001F  
              _ADCON1 009F                _ABDOVF 04DF                _CCP1M0 00B8                _CCP1M1 00B9  
              _CCP1M2 00BA                _CCP1M3 00BB                _CCP1IE 0462                _CCP1IF 0062  
              _ADRESH 001E                _EEADRH 010F                _ADRESL 009E                _EEADRL 010D  
              _EEDATA 010C                _ECCPAS 001D                _CCPR1H 0016                _EEDATH 010E  
              _CCPR1L 0015                _EEDATL 010C                _EECON1 018C                _EECON2 018D  
              _ANSELH 011F                _MC1OUT 08DF                _MC2OUT 08DE          __end_of_main 07FD  
              _T1GINV 0087                _GODONE 00F9  end_of_initialization 07FD                _T1SYNC 0082  
              _INTEDG 040E                _PCLATH 000A                _INTCON 000B                _SBOREN 0474  
              _OSCCON 008F                _TMR1GE 0086                _TMR1IE 0460                _TMR1IF 0060  
              _TMR1CS 0081                _TMR2IE 0461                _TMR2IF 0061                _PSSAC0 00EA  
              _PSSAC1 00EB                _PSSBD0 00E8                _PSSBD1 00E9                _SPBRGH 009A  
              _OPTION 0081                _TMR1ON 0080                _TMR2ON 0092                _WDTCON 0097  
              _WDTPS0 04B9                _WDTPS1 04BA                _WDTPS2 04BB                _WDTPS3 04BC  
              _SSPADD 0093                _TRISA0 0428                _TRISA1 0429                _TRISA2 042A  
              _TRISA3 042B                _TRISC0 0438                _TRISA4 042C                _TRISC1 0439  
              _TRISA5 042D                _TRISC2 043A                _TRISB4 0434                _TRISC3 043B  
              _TRISB5 0435                _TRISC4 043C                _TRISB6 0436                _TRISC5 043D  
              _TRISB7 0437                _TRISC6 043E                _TRISC7 043F                _STATUS 0003  
              _SSPCON 0014                _SSPBUF 0013                _SWDTEN 04B8                _ULPWUE 0475  
              _SSPMSK 0093  
