

HI-TECH Software PICC Macro Assembler V9.60PL1
                                                      Mon Jan 02 12:31:53 2012


     1                           	processor	16F690
     2                           	opt	pw 79
     3                           	psect	text0,local,class=CODE,delta=2
     4                           	psect	strings,global,class=STRING,delta=2
     5  0000                     
     6  0000                     
     7  0000                     
     8  0000                     
     9  0000                     
    10  0000                     
    11  0000                     
    12  0000                     
    13  0000                     
    14  0000                     
    15                           
    16                           	psect	text0
    17  07BC                     _main
    18                           ;main.c: 3: void main()
    19  07BC  2000               	call	_Initialize_LCD
    20                           ;main.c: 6: Send_Command(0x82);
    21  07BD  3082               	movlw	130
    22  07BE  00A0               	movwf	?_Send_Command
    23  07BF  01A1               	clrf	?_Send_Command+1
    24  07C0  2000               	call	_Send_Command
    25                           ;main.c: 7: Display_Data("Amit Tandel",11);
    26  07C1  3019               	movlw	low u19
    27  07C2  00A0               	movwf	?_Display_Data
    28  07C3  3000               	movlw	high u19
    29  07C4  00A1               	movwf	?_Display_Data+1
    30  07C5  300B               	movlw	11
    31  07C6  00A2               	movwf	?_Display_Data+2
    32  07C7  01A3               	clrf	?_Display_Data+3
    33  07C8  2000               	call	_Display_Data
    34                           ;main.c: 8: Delay(1);
    35  07C9  01A0               	clrf	?_Delay
    36  07CA  0AA0               	incf	?_Delay
    37  07CB  01A1               	clrf	?_Delay+1
    38  07CC  2000               	call	_Delay
    39                           ;main.c: 9: Send_Command(0xC1);
    40  07CD  30C1               	movlw	193
    41  07CE  00A0               	movwf	?_Send_Command
    42  07CF  01A1               	clrf	?_Send_Command+1
    43  07D0  2000               	call	_Send_Command
    44                           ;main.c: 10: Display_Data("Godrej Locks",12);
    45  07D1  300C               	movlw	low u29
    46  07D2  00A0               	movwf	?_Display_Data
    47  07D3  3000               	movlw	high u29
    48  07D4  00A1               	movwf	?_Display_Data+1
    49  07D5  300C               	movlw	12
    50  07D6  00A2               	movwf	?_Display_Data+2
    51  07D7  01A3               	clrf	?_Display_Data+3
    52  07D8  2000               	call	_Display_Data
    53                           ;main.c: 11: Delay(10);
    54  07D9  300A               	movlw	10
    55  07DA  00A0               	movwf	?_Delay
    56  07DB  01A1               	clrf	?_Delay+1
    57  07DC  2000               	call	_Delay
    58                           ;main.c: 12: Clear_LCD();
    59  07DD  2000               	call	_Clear_LCD
    60                           ;main.c: 14: Send_Command(0x82);
    61  07DE  3082               	movlw	130
    62  07DF  00A0               	movwf	?_Send_Command
    63  07E0  01A1               	clrf	?_Send_Command+1
    64  07E1  2000               	call	_Send_Command
    65                           ;main.c: 15: Display_Data("Wishes You",10);
    66  07E2  3001               	movlw	low u39
    67  07E3  00A0               	movwf	?_Display_Data
    68  07E4  3000               	movlw	high u39
    69  07E5  00A1               	movwf	?_Display_Data+1
    70  07E6  300A               	movlw	10
    71  07E7  00A2               	movwf	?_Display_Data+2
    72  07E8  01A3               	clrf	?_Display_Data+3
    73  07E9  2000               	call	_Display_Data
    74                           ;main.c: 16: Delay(1);
    75  07EA  01A0               	clrf	?_Delay
    76  07EB  0AA0               	incf	?_Delay
    77  07EC  01A1               	clrf	?_Delay+1
    78  07ED  2000               	call	_Delay
    79                           ;main.c: 17: Send_Command(0xC0);
    80  07EE  30C0               	movlw	192
    81  07EF  00A0               	movwf	?_Send_Command
    82  07F0  01A1               	clrf	?_Send_Command+1
    83  07F1  2000               	call	_Send_Command
    84                           ;main.c: 18: Display_Data(" Happy New Year ",16
      +                          );
    85  07F2  3025               	movlw	low u49
    86  07F3  00A0               	movwf	?_Display_Data
    87  07F4  3000               	movlw	high u49
    88  07F5  00A1               	movwf	?_Display_Data+1
    89  07F6  3010               	movlw	16
    90  07F7  00A2               	movwf	?_Display_Data+2
    91  07F8  01A3               	clrf	?_Display_Data+3
    92  07F9  2000               	call	_Display_Data
    93                           ;main.c: 19: Delay(10);
    94  07FA  300A               	movlw	10
    95  07FB  00A0               	movwf	?_Delay
    96  07FC  01A1               	clrf	?_Delay+1
    97  07FD  2000               	call	_Delay
    98                           ;main.c: 20: }
    99  07FE  0183               	clrf	3
   100  07FF  2800               	ljmp	start
   101                           
   102                           	psect	strings
   103  0001                     u39
   104  0001  3457               	retlw	87	;'W'
   105  0002  3469               	retlw	105	;'i'
   106  0003  3473               	retlw	115	;'s'
   107  0004  3468               	retlw	104	;'h'
   108  0005  3465               	retlw	101	;'e'
   109  0006  3473               	retlw	115	;'s'
   110  0007  3420               	retlw	32
   111  0008  3459               	retlw	89	;'Y'
   112  0009  346F               	retlw	111	;'o'
   113  000A  3475               	retlw	117	;'u'
   114  000B  3400               	retlw	0
   115  000C                     u29
   116  000C  3447               	retlw	71	;'G'
   117  000D  346F               	retlw	111	;'o'
   118  000E  3464               	retlw	100	;'d'
   119  000F  3472               	retlw	114	;'r'
   120  0010  3465               	retlw	101	;'e'
   121  0011  346A               	retlw	106	;'j'
   122  0012  3420               	retlw	32
   123  0013  344C               	retlw	76	;'L'
   124  0014  346F               	retlw	111	;'o'
   125  0015  3463               	retlw	99	;'c'
   126  0016  346B               	retlw	107	;'k'
   127  0017  3473               	retlw	115	;'s'
   128  0018  3400               	retlw	0
   129  0019                     u19
   130  0019  3441               	retlw	65	;'A'
   131  001A  346D               	retlw	109	;'m'
   132  001B  3469               	retlw	105	;'i'
   133  001C  3474               	retlw	116	;'t'
   134  001D  3420               	retlw	32
   135  001E  3454               	retlw	84	;'T'
   136  001F  3461               	retlw	97	;'a'
   137  0020  346E               	retlw	110	;'n'
   138  0021  3464               	retlw	100	;'d'
   139  0022  3465               	retlw	101	;'e'
   140  0023  346C               	retlw	108	;'l'
   141  0024  3400               	retlw	0
   142  0025                     u49
   143  0025  3420               	retlw	32
   144  0026  3448               	retlw	72	;'H'
   145  0027  3461               	retlw	97	;'a'
   146  0028  3470               	retlw	112	;'p'
   147  0029  3470               	retlw	112	;'p'
   148  002A  3479               	retlw	121	;'y'
   149  002B  3420               	retlw	32
   150  002C  344E               	retlw	78	;'N'
   151  002D  3465               	retlw	101	;'e'
   152  002E  3477               	retlw	119	;'w'
   153  002F  3420               	retlw	32
   154  0030  3459               	retlw	89	;'Y'
   155  0031  3465               	retlw	101	;'e'
   156  0032  3461               	retlw	97	;'a'
   157  0033  3472               	retlw	114	;'r'
   158  0034  3420               	retlw	32
   159  0035  3400               	retlw	0
   160  0000                     
   161  0000                     
   162  0000                     
   163  0000                     
   164  0000                     
   165  0000                     
   166  0000                     
   167  0000                     
   168  0000                     
   169  0000                     
   170  0000                     
   171  0000                     
   172  0000                     
   173  0000                     
   174  0000                     
   175  0000                     
   176  0000                     
   177  0000                     
   178  0000                     
   179  0000                     
   180  0000                     
   181  0000                     
   182  0000                     
   183  0000                     
   184  0000                     
   185  0000                     
   186  0000                     
   187  0000                     
   188  0000                     
   189  0000                     
   190  0000                     
   191  0000                     
   192  0000                     
   193  0000                     
   194  0000                     
   195  0000                     
   196  0000                     
   197  0000                     
   198  0000                     
   199  0000                     
   200  0000                     
   201  0000                     
   202  0000                     
   203  0000                     
   204  0000                     
   205  0000                     
   206  0000                     
   207  0000                     
   208  0000                     
   209  0000                     
   210  0000                     
   211  0000                     
   212  0000                     
   213  0000                     
   214  0000                     
   215  0000                     
   216  0000                     
   217  0000                     
   218  0000                     
   219  0000                     
   220  0000                     
   221  0000                     
   222  0000                     
   223  0000                     
   224  0000                     
   225  0000                     
   226  0000                     
   227  0000                     
   228  0000                     
   229  0000                     
   230  0000                     
   231  0000                     
   232  0000                     
   233  0000                     
   234  0000                     
   235  0000                     
   236  0000                     
   237  0000                     
   238  0000                     
   239  0000                     
   240  0000                     
   241  0000                     
   242  0000                     
   243  0000                     
   244  0000                     
   245  0000                     
   246  0000                     
   247  0000                     
   248  0000                     
   249  0000                     
   250  0000                     
   251  0000                     
   252  0000                     
   253  0000                     
   254  0000                     
   255  0000                     
   256  0000                     
   257  0000                     
   258  0000                     
   259  0000                     
   260  0000                     
   261  0000                     
   262  0000                     
   263  0000                     
   264  0000                     
   265  0000                     
   266  0000                     
   267  0000                     
   268  0000                     
   269  0000                     
   270  0000                     
   271  0000                     
   272  0000                     
   273  0000                     
   274  0000                     
   275  0000                     
   276  0000                     
   277  0000                     
   278  0000                     
   279  0000                     
   280  0000                     
   281  0000                     
   282  0000                     
   283  0000                     
   284  0000                     
   285  0000                     
   286  0000                     
   287  0000                     
   288  0000                     
   289  0000                     
   290  0000                     
   291  0000                     
   292  0000                     
   293  0000                     
   294  0000                     
   295  0000                     
   296  0000                     
   297  0000                     
   298  0000                     
   299  0000                     
   300  0000                     
   301  0000                     
   302  0000                     
   303  0000                     
   304  0000                     
   305  0000                     
   306  0000                     
   307  0000                     
   308  0000                     
   309  0000                     
   310  0000                     
   311  0000                     
   312  0000                     
   313  0000                     
   314  0000                     
   315  0000                     
   316  0000                     
   317  0000                     
   318  0000                     
   319  0000                     
   320  0000                     
   321  0000                     
   322  0000                     
   323  0000                     
   324  0000                     
   325  0000                     
   326  0000                     
   327  0000                     
   328  0000                     
   329  0000                     
   330  0000                     
   331  0000                     
   332  0000                     
   333  0000                     
   334  0000                     
   335  0000                     
   336  0000                     
   337  0000                     
   338  0000                     
   339  0000                     
   340  0000                     
   341  0000                     
   342  0000                     
   343  0000                     
   344  0000                     
   345  0000                     
   346  0000                     
   347  0000                     
   348  0000                     
   349  0000                     
   350  0000                     
   351  0000                     
   352  0000                     
   353  0000                     
   354  0000                     
   355  0000                     
   356  0000                     
   357  0000                     
   358  0000                     
   359  0000                     
   360  0000                     
   361  0000                     
   362  0000                     
   363  0000                     
   364  0000                     
   365  0000                     
   366  0000                     
   367  0000                     
   368  0000                     
   369  0000                     
   370  0000                     
   371  0000                     
   372  0000                     
   373  0000                     
   374  0000                     
   375  0000                     
   376  0000                     
   377  0000                     
   378  0000                     
   379  0000                     
   380  0000                     
   381  0000                     
   382  0000                     
   383  0000                     
   384  0000                     
   385  0000                     
   386  0000                     
   387  0000                     
   388  0000                     
   389  0000                     
   390  0000                     
   391  0000                     
   392  0000                     
   393  0000                     
   394  0000                     
   395  0000                     
   396  0000                     
   397  0000                     
   398  0000                     
   399  0000                     
   400  0000                     
   401  0000                     
   402  0000                     
   403  0000                     
   404  0000                     
   405  0000                     
   406  0000                     
   407  0000                     
   408  0000                     
   409  0000                     
   410  0000                     
   411  0000                     
   412  0000                     
   413  0000                     
   414  0000                     
   415  0000                     
   416  0000                     
   417  0000                     
   418  0000                     
   419  0000                     
   420  0000                     
   421  0000                     
   422  0000                     
   423  0000                     
   424  0000                     
   425  0000                     
   426  0000                     
   427  0000                     
   428  0000                     
   429  0000                     
   430  0000                     
   431  0000                     
   432  0000                     
   433  0000                     
   434  0000                     
   435  0000                     
   436  0000                     
   437  0000                     
   438  0000                     
   439  0000                     
   440  0000                     
   441  0000                     
   442  0000                     
   443  0000                     
   444  0000                     
   445  0000                     
   446  0000                     
   447  0000                     
   448  0000                     
   449  0000                     
   450  0000                     
   451  0000                     
   452  0000                     
   453  0000                     
   454  0000                     
   455  0000                     
   456  0000                     
   457  0000                     
   458  0000                     
   459  0000                     
   460  0000                     
   461  0000                     
   462  0000                     
   463  0000                     
   464  0000                     
   465  0000                     
   466  0000                     
   467  0000                     
   468  0000                     
   469  0000                     
   470  0000                     
   471  0000                     
   472  0000                     
   473  0000                     
   474  0000                     
   475  0000                     
   476  0000                     
   477  0000                     
   478  0000                     
   479  0000                     
   480  0000                     
   481  0000                     
   482  0000                     
   483  0000                     
   484  0000                     
   485  0000                     
   486  0000                     
   487  0000                     
   488  0000                     
   489  0000                     
   490  0000                     
   491  0000                     
   492  0000                     
   493  0000                     
   494  0000                     
   495  0000                     
   496  0000                     
   497  0000                     
   498  0000                     
   499  0000                     
   500  0000                     
   501  0000                     
   502  0000                     
   503  0000                     
   504  0000                     
   505  0000                     
   506  0000                     
   507  0000                     
   508  0000                     
   509  0000                     
   510  0000                     
   511  0000                     


HI-TECH Software PICC Macro Assembler V9.60PL1
Symbol Table                                          Mon Jan 02 12:31:53 2012

            u19 0019              u29 000C              u39 0001  
            u49 0025       _Clear_LCD 0000  _Initialize_LCD 0000  
 ?_Send_Command 0020            _main 07BC            start 0000  
 ?_Display_Data 0020           _Delay 0000           status 0003  
  _Send_Command 0000    _Display_Data 0000          ?_Delay 0020  
