

HI-TECH Software PIC PRO Macro Assembler V9.70 build 5239 
                                                                                               Thu Jan 12 18:25:42 2012

HI-TECH Software Omniscient Code Generator (PRO mode) build 5239
     1                           	processor	16F690
     2                           	opt	pw 120
     3                           	opt	pm
     4                           	psect	text28,local,class=CODE,delta=2
     5                           	psect	cinit,global,class=CODE,delta=2
     6                           	psect	cstackCOMMON,global,class=COMMON,space=1,delta=1
     7                           	psect	maintext,local,class=CODE,delta=2
     8                           	psect	text29,local,class=CODE,delta=2
     9                           	psect	text31,local,class=CODE,delta=2
    10                           	psect	pa_nodes,global,class=CODE,delta=2
    11  000A                     
    12                           	psect	text28
    13  0002                     __ptext28:
    14  0C63                     
    15                           	psect	cinit
    16  07CB                     start_initialization:
    17  07CB                     end_of_initialization:	;End of C runtime variable initationation code
    18  07CB  0183               	clrf	3
    19  07CC  118A  2FCE         	ljmp	_main	;jump to C main() function
    20                           
    21                           	psect	cstackCOMMON
    22  0070                     __pcstackCOMMON:
    23  0070                     ??_Transmit:
    24  0070                     ??_main:	;@ 0x0
    25  0070                     ??_Delay:	;@ 0x0
    26  0070                     Delay@i:	;@ 0x0
    27                           ; 2 bytes @ 0x0
    28  0070                     	ds	2
    29  0072                     Delay@u:
    30                           ; 2 bytes @ 0x2
    31  0072                     	ds	2
    32  0074                     ?_Delay:
    33  0074                     Delay@val:	;@ 0x4
    34                           ; 2 bytes @ 0x4
    35  0074                     	ds	2
    36  0076                     ?_main:
    37  0076                     ?_Transmit:	;@ 0x6
    38                           
    39                           	psect	maintext
    40  07CE                     __pmaintext:	;@ 0x6
    41                           ;Data sizes: Strings 0, constant 0, data 0, bss 0, persistent 0 stack 0
    42                           ;Auto spaces:   Size  Autos    Used
    43                           ; COMMON          14      6       6
    44                           ; BANK0           80      0       0
    45                           ; BANK1           80      0       0
    46                           ; BANK2           80      0       0
    47                           ;Pointer list with targets:
    48                           ;Main: autosize = 0, tempsize = 0, incstack = 0, save=0
    49                           ;Call graph:                      Base Space Used Autos Args Refs Density
    50                           ;_main                                                0    0   40   0.00
    51                           ;           _Transmit
    52                           ;  _Transmit                                          0    0   40   0.00
    53                           ;              _Delay
    54                           ;    _Delay                                           4    2   40   0.00
    55                           ;                                    0 COMMO    6
    56                           ; Estimated maximum call depth 2
    57                           ; Address spaces:
    58                           ;Name               Size   Autos  Total    Cost      Usage
    59                           ;BITCOMMON            E      0       0       0        0.0%
    60                           ;CODE                 0      0       0       0        0.0%
    61                           ;NULL                 0      0       0       0        0.0%
    62                           ;COMMO
    63                           ; *************** function _main *****************
    64                           ; Defined at:
    65                           ;		line 5 in file "D:\Amit\E-Projects\PIC Projects\Serial\Serial Transmit Letter\Serial_
      +                          Transmit_letter.c"
    66                           ; Parameters:    Size  Location     Type
    67                           ;		None
    68                           ; Auto vars:     Size  Location     Type
    69                           ;		None
    70                           ; Return value:  Size  Location     Type
    71                           ;		None               void
    72                           ; Registers used:
    73                           ;		wreg, fsr0l, fsr0h, fsr1l, fsr1h, status,2, status,0, btemp+0, btemp+1, btemp+2, btem
      +                          p+3, pclath, cstack
    74                           ; Tracked objects:
    75                           ;		On entry : 17F/0
    76                           ;		On exit  : 0/0
    77                           ;		Unchanged: FFE80/0
    78                           ; Data sizes:     COMMON   BANK0   BANK1   BANK2
    79                           ;      Locals:         0       0       0       0
    80                           ;      Temp:     0
    81                           ;      Total:    0
    82                           ; This function calls:
    83                           ;		_Transmit
    84                           ; This function is called by:
    85                           ;		Startup code after reset
    86                           ; This function uses a non-reentrant model
    87                           ; 
    88  07CE                     _main:	;pic16f685.h: 21: volatile unsigned char INDF @ 0x000;
    89                           ;pic16f685.h: 22: volatile unsigned char TMR0 @ 0x001;
    90                           ;pic16f685.h: 23: volatile unsigned char PCL @ 0x002;
    91                           ;pic16f685.h: 24: volatile unsigned char STATUS @ 0x003;
    92                           ;pic16f685.h: 25: unsigned char FSR @ 0x004;
    93                           ;pic16f685.h: 26: volatile unsigned char PORTA @ 0x005;
    94                           ;pic16f685.h: 27: volatile unsigned char PORTB @ 0x006;
    95                           ;pic16f685.h: 28: volatile unsigned char PORTC @ 0x007;
    96                           ;pic16f685.h: 29: volatile unsigned char PCLATH @ 0x00A;
    97                           ;pic16f685.h: 30: volatile unsigned char INTCON @ 0x00B;
    98                           ;Serial_Transmit_letter.c: 7: OSCCON=0x77;
    99                           ; Regs used in _main: [allreg]
   100  07CE  3077               	movlw	119
   101  07CF  1683               	bsf	3,5	;RP0=1, select bank1
   102  07D0  008F               	movwf	15	;volatile
   103                           ;Serial_Transmit_letter.c: 8: SPBRG=12;
   104  07D1  300C               	movlw	12
   105  07D2  0099               	movwf	25
   106                           ;Serial_Transmit_letter.c: 9: SYNC=0;
   107  07D3  1218               	bcf	24,4
   108                           ;Serial_Transmit_letter.c: 10: SPEN=1;
   109  07D4  1283               	bcf	3,5	;RP0=0, select bank0
   110  07D5  1798               	bsf	24,7
   111                           ;Serial_Transmit_letter.c: 11: TXEN=1;
   112  07D6  1683               	bsf	3,5	;RP0=1, select bank1
   113  07D7  1698               	bsf	24,5
   114                           ;Serial_Transmit_letter.c: 12: Transmit();
   115  07D8  118A  27DD  118A   	fcall	_Transmit
   116  07DB  118A  2800         	ljmp	start
   117  07DD                     __end_of_main:
   118                           
   119                           	psect	text29
   120  07DD                     __ptext29:	; =============== function _main ends ============
   121                           ; *************** function _Transmit *****************
   122                           ; Defined at:
   123                           ;		line 16 in file "D:\Amit\E-Projects\PIC Projects\Serial\Serial Transmit Letter\Serial
      +                          _Transmit_letter.c"
   124                           ; Parameters:    Size  Location     Type
   125                           ;		None
   126                           ; Auto vars:     Size  Location     Type
   127                           ;		None
   128                           ; Return value:  Size  Location     Type
   129                           ;		None               void
   130                           ; Registers used:
   131                           ;		wreg, fsr0l, fsr0h, fsr1l, fsr1h, status,2, status,0, btemp+0, btemp+1, btemp+2, btem
      +                          p+3, pclath, cstack
   132                           ; Tracked objects:
   133                           ;		On entry : 17F/20
   134                           ;		On exit  : 0/0
   135                           ;		Unchanged: FFE80/0
   136                           ; Data sizes:     COMMON   BANK0   BANK1   BANK2
   137                           ;      Locals:         0       0       0       0
   138                           ;      Temp:     0
   139                           ;      Total:    0
   140                           ; This function calls:
   141                           ;		_Delay
   142                           ; This function is called by:
   143                           ;		_main
   144                           ; This function uses a non-reentrant model
   145                           ; 
   146  07DD                     _Transmit:	;Serial_Transmit_letter.c: 15: void Transmit()
   147                           ;Serial_Transmit_letter.c: 16: {
   148                           ;Serial_Transmit_letter.c: 17: TXREG='T';
   149                           ; Regs used in _Transmit: [allreg]
   150  07DD  3054               	movlw	84
   151  07DE  1283               	bcf	3,5	;RP0=0, select bank0
   152  07DF  0099               	movwf	25	;volatile
   153  07E0                     l3:
   154  07E0  1E0C               	btfss	12,4
   155  07E1  2FE0               	goto	l3
   156                           ;Serial_Transmit_letter.c: 19: Delay(10);
   157  07E2  300A               	movlw	10
   158  07E3  00F4               	movwf	?_Delay
   159  07E4  01F5               	clrf	?_Delay+1
   160  07E5  2FE6               	ljmp	l30000452
   161  07E6                     __end_of_Transmit:
   162  07E6                     __ptext30:	; =============== function _Transmit ends ============
   163                           ; *************** function _Delay *****************
   164                           ; Defined at:
   165                           ;		line 23 in file "D:\Amit\E-Projects\PIC Projects\Serial\Serial Transmit Letter\Serial
      +                          _Transmit_letter.c"
   166                           ; Parameters:    Size  Location     Type
   167                           ;  val             2    4[COMMON] unsigned int 
   168                           ; Auto vars:     Size  Location     Type
   169                           ;  u               2    2[COMMON] unsigned int 
   170                           ;  i               2    0[COMMON] unsigned int 
   171                           ; Return value:  Size  Location     Type
   172                           ;		None               void
   173                           ; Registers used:
   174                           ;		wreg, status,2, status,0
   175                           ; Tracked objects:
   176                           ;		On entry : 17F/0
   177                           ;		On exit  : 0/0
   178                           ;		Unchanged: FFE80/0
   179                           ; Data sizes:     COMMON   BANK0   BANK1   BANK2
   180                           ;      Locals:         6       0       0       0
   181                           ;      Temp:     0
   182                           ;      Total:    6
   183                           ; This function calls:
   184                           ;		Nothing
   185                           ; This function is called by:
   186                           ;		_Transmit
   187                           ; This function uses a non-reentrant model
   188                           ; 
   189  07E6                     _Delay:	;Serial_Transmit_letter.c: 22: void Delay(unsigned int val)
   190                           ;Serial_Transmit_letter.c: 23: {
   191  07E6                     l30000452:	; Regs used in _Delay: [wreg+status,2+status,0]
   192                           ;Serial_Transmit_letter.c: 24: unsigned int i,u;
   193                           ;Serial_Transmit_letter.c: 25: for(i=0;i<val;i++)
   194  07E6  01F0               	clrf	Delay@i
   195  07E7  01F1               	clrf	Delay@i+1
   196  07E8                     l30000459:
   197  07E8  0875               	movf	Delay@val+1,w
   198  07E9  0271               	subwf	Delay@i+1,w
   199  07EA  1D03               	skipz
   200  07EB  2FEE               	goto	u35
   201  07EC  0874               	movf	Delay@val,w
   202  07ED  0270               	subwf	Delay@i,w
   203  07EE                     u35:
   204  07EE  1803               	btfsc	3,0
   205  07EF  0008               	return
   206                           ;Serial_Transmit_letter.c: 26: for(u=0;u<1000;u++);
   207  07F0  01F2               	clrf	Delay@u
   208  07F1  01F3               	clrf	Delay@u+1
   209  07F2                     l30000456:
   210  07F2  0AF2               	incf	Delay@u,f
   211  07F3  1903               	skipnz
   212  07F4  0AF3               	incf	Delay@u+1,f
   213  07F5  3003               	movlw	3
   214  07F6  0273               	subwf	Delay@u+1,w
   215  07F7  30E8               	movlw	232
   216  07F8  1903               	skipnz
   217  07F9  0272               	subwf	Delay@u,w
   218  07FA  1C03               	skipc
   219  07FB  2FF2               	goto	l30000456
   220  07FC  0AF0               	incf	Delay@i,f
   221  07FD  1903               	skipnz
   222  07FE  0AF1               	incf	Delay@i+1,f
   223  07FF  2FE8               	goto	l30000459
   224  0800                     __end_of_Delay:
   225                           
   226                           	psect	text31
   227  0002                     __ptext31:	; =============== function _Delay ends ============


HI-TECH Software PICC Macro Assembler V9.70 build 5239 
Symbol Table                                                                                   Thu Jan 12 18:25:42 2012

                   l1 0000                     l2 0000                     l3 07E0                     l6 0000  
                  _DA 04A5                    _BF 04A0                    _DC 0019                    _PD 001B  
                  _RD 0C60                    _UA 04A1                    u35 07EE                    _TO 001C  
                  _RW 04A2                    _WR 0C61              _Transmit 07DD             ?_Transmit 0076  
                 _C1R 08CA                   _C2R 08D2                   _CKE 04A6                   _CKP 00A4  
                 _GIE 005F                   _BOR 0470                   _RA0 0028                   _RA1 0029  
                 _RA2 002A                   _RA3 002B                   _RC0 0038                   _RA4 002C  
                 _RC1 0039                   _RA5 002D                   _RC2 003A                   _RB4 0034  
                 _RC3 003B                   _RB5 0035                   _RC4 003C                   _RB6 0036  
                 _RC5 003D                   _RB7 0037                   _RC6 003E                   _RC7 003F  
                 _FSR 0004                   _PCL 0002                   _PS0 0408                   _PR2 0092  
                 _PS1 0409                   _PS2 040A                   _RP0 001D                   _IRP 001F  
                 _RP1 001E                   _HTS 047A                   _SR0 0CF6                   _SR1 0CF7  
                 _SCS 0478                   _PSA 040B                   _LTS 0479                   _VR0 08C0  
                 _VR1 08C1                   _VR2 08C2                   _VR3 08C3                   _POR 0471  
                 _RX9 00C6                   _SMP 04A7                   _TX9 04C6                   _WUE 04D9  
                 _VRR 08C5            ??_Transmit 0070               ??_Delay 0070                  _C1IE 046D  
                _C1IF 006D                  _C2IE 046E                  _C2IF 006E                  _C1OE 08CD  
                _C2OE 08D5                  _C1ON 08CF                  _C2ON 08D7                  _ADIE 0466  
                _ADIF 0066                  _ADFM 00FF              __ptext30 07E6              __ptext31 0002  
                _ADON 00F8              __ptext28 0002              __ptext29 07DD                  _P1M0 00BE  
                _CHS0 00FA                  _P1M1 00BF                  _CHS1 00FB                  _CHS2 00FC  
                _CHS3 00FD                  _EEIE 046C                  _EEIF 006C                  _ANS0 08F0  
                _BRG0 04C8                  _ANS1 08F1                  _BRG1 04C9                  _ANS2 08F2  
                _BRG2 04CA                  _ANS3 08F3                  _BRG3 04CB                  _ANS4 08F4  
                _BRG4 04CC                  _ANS5 08F5                  _BRG5 04CD                  _ANS6 08F6  
                _BRG6 04CE                  _ANS7 08F7                  _BRG7 04CF                  _ANS8 08F8  
                _BRG8 04D0                  _ANS9 08F9                  _BRG9 04D1                  _BRGH 04C2  
                _T0IE 005D                  _T0IF 005A                  _CREN 00C4                  _T0CS 040D  
                _FERR 00C2                  _PDC0 00E0                  _PDC1 00E1                  _PDC2 00E2  
                _PDC3 00E3                  _PDC4 00E4                  _T0SE 040C                  _CSRC 04C7  
                _IOCA 0096                  _PDC5 00E5                  _IOCB 0116                  _PDC6 00E6  
                _INDF 0000                  _PIE1 008C                  _PIE2 008D                  _PEIE 005E  
                _INTE 005C                  _INTF 0059                  _RBIE 005B                  _RBIF 0058  
                _RCIE 0465                  _RCIF 0065                  _PCON 008E                  _PIR1 000C  
                _PIR2 000D                  _OERR 00C1                  _SCKP 04DC                  _RBPU 040F  
                _VCFG 00FE                  _RX9D 00C0                  _TMR0 0001                  _TMR2 0011  
                _WCOL 00A7                  _SPEN 00C7                  _TX9D 04C0                  _SREN 00C5  
                _OSTS 047B                  _TUN0 0480                  _TUN1 0481                  _TUN2 0482  
                _TUN3 0483                  _TUN4 0484                  _STRA 0CE8                  _STRB 0CE9  
                _STRC 0CEA                  _STRD 0CEB                  _TRMT 04C1                  _STOP 04A4  
                _TXIE 0464                  _ZERO 001A                  _WREN 0C62                  _TXEN 04C5  
                _TXIF 0064                  _SYNC 04C4                  _WPUA 0095                  _WPUB 0115  
                _main 07CE     __size_of_Transmit 0009                  start 0000   start_initialization 07CB  
       __end_of_Delay 0800               _CM1CON0 0119               _CM2CON0 011A               _CCP1CON 0017  
             _CM2CON1 011B               _BAUDCTL 009B               _ECCPAS0 00EC               _ECCPAS1 00ED  
             _ECCPAS2 00EE               _ECCPASE 00EF                 _C1CH0 08C8                 _C1CH1 08C9  
               _C2CH0 08D0                 _C2CH1 08D1                 _DC1B0 00BC                 _DC1B1 00BD  
               _C1SEN 0CF5                 _C2REN 0CF4                 _C1POL 08CC                 _C2POL 08D4  
               _C1OUT 08CE                 _C2OUT 08D6                 _ABDEN 04D8                 _ADCS0 04FC  
               _ADCS1 04FD                 _ADCS2 04FE                 _ADDEN 00C3                 ?_main 0076  
               _EEADR 010D                 _ANS10 08FA                 _EEDAT 010C                 _BRG10 04D2  
               _ANS11 08FB                 _BRG11 04D3                 _BRG12 04D4                 _BRG13 04D5  
               _BRG14 04D6                 _BRG15 04D7                 _BRG16 04DB                 _CARRY 0018  
               _EEPGD 0C67                 _ANSEL 011E                 _T1CON 0010                 _IOCA0 04B0  
               _IOCA1 04B1                 _IOCA2 04B2                 _T2CON 0012                 _IOCA3 04B3  
               _IOCA4 04B4                 _IOCA5 04B5                 _IOCB4 08B4                 _IOCB5 08B5  
               _IOCB6 08B6                 _IOCB7 08B7                 _T1GSS 08D9               _T1CKPS0 0084  
             _T1CKPS1 0085                 _IRCF0 047C                 _IRCF1 047D                 _IRCF2 047E  
             _T2CKPS0 0090               _T2CKPS1 0091                 _RABIE 005B                 _RABIF 0058  
               _RABPU 040F                 _RCIDL 04DE                 _RCREG 001A                 _SENDB 04C3  
               _RCSTA 0018                 _OSFIE 046F                 _OSFIF 006F                 _VP6EN 08C4  
               _TMR1H 000F                 _TMR1L 000E                 _SPBRG 0099                 _PORTA 0005  
               _PORTB 0006               _T1OSCEN 0083                 _PORTC 0007                 _PRSEN 00E7  
               _SRCON 019E                 _START 04A3                 _PULSR 0CF2                 _PULSS 0CF3  
               _SSPM0 00A0                 _SSPM1 00A1                 _SSPM2 00A2                 _SSPM3 00A3  
               _TRISA 0085                 _TRISB 0086                 _TRISC 0087                 _SSPIE 0463  
               _SSPIF 0063                 _SSPEN 00A5                 _VRCON 0118                 _WPUA0 04A8  
               _WPUA1 04A9                 _WPUA2 04AA                 _WPUA4 04AC                 _WPUA5 04AD  
               _WPUB4 08AC                 _SSPOV 00A6                 _WPUB5 08AD                 _WPUB6 08AE  
               _WPUB7 08AF                 _WRERR 0C63                 _TXREG 0019                 _TXSTA 0098  
               _Delay 07E6        __pcstackCOMMON 0070               _OSCTUNE 0090               _PWM1CON 001C  
             _PSTRCON 019D               _SSPSTAT 0094               _TOUTPS0 0093               _TOUTPS1 0094  
             _TOUTPS2 0095               _TOUTPS3 0096               _STRSYNC 0CEC                 status 0003  
       __size_of_main 000F              l30000450 0000              l30000452 07E6              l30000445 0000  
            l30000446 0000              l30000447 0000              l30000456 07F2              l30000448 0000  
            l30000457 0000              l30000449 0000              l30000459 07E8      __end_of_Transmit 07E6  
              ??_main 0070            __pmaintext 07CE                ?_Delay 0074                _C1VREN 08C7  
              _C2VREN 08C6                _C2SYNC 08D8                _ADCON0 001F                _ADCON1 009F  
              _ABDOVF 04DF                _CCP1M0 00B8                _CCP1M1 00B9                _CCP1M2 00BA  
              _CCP1M3 00BB                _CCP1IE 0462                _CCP1IF 0062                _ADRESH 001E  
              _EEADRH 010F                _ADRESL 009E                _EEADRL 010D                _EEDATA 010C  
              _ECCPAS 001D                _CCPR1H 0016                _EEDATH 010E                _CCPR1L 0015  
              _EEDATL 010C                _EECON1 018C                _EECON2 018D                _ANSELH 011F  
              _MC1OUT 08DF                _MC2OUT 08DE          __end_of_main 07DD                _T1GINV 0087  
              _GODONE 00F9  end_of_initialization 07CB                _T1SYNC 0082                Delay@i 0070  
              Delay@u 0072                _INTEDG 040E                _PCLATH 000A                _INTCON 000B  
              _SBOREN 0474                _OSCCON 008F                _TMR1GE 0086                _TMR1IE 0460  
              _TMR1IF 0060                _TMR1CS 0081                _TMR2IE 0461                _TMR2IF 0061  
              _PSSAC0 00EA                _PSSAC1 00EB                _PSSBD0 00E8                _PSSBD1 00E9  
              _SPBRGH 009A                _OPTION 0081                _TMR1ON 0080                _TMR2ON 0092  
              _WDTCON 0097                _WDTPS0 04B9                _WDTPS1 04BA                _WDTPS2 04BB  
              _WDTPS3 04BC                _SSPADD 0093                _TRISA0 0428                _TRISA1 0429  
              _TRISA2 042A                _TRISA3 042B                _TRISC0 0438                _TRISA4 042C  
              _TRISC1 0439                _TRISA5 042D                _TRISC2 043A                _TRISB4 0434  
              _TRISC3 043B                _TRISB5 0435                _TRISC4 043C                _TRISB6 0436  
              _TRISC5 043D                _TRISB7 0437                _TRISC6 043E                _TRISC7 043F  
              _STATUS 0003                _SSPCON 0014                _SSPBUF 0013                _SWDTEN 04B8  
              _ULPWUE 0475                _SSPMSK 0093              Delay@val 0074        __size_of_Delay 001A  
