

HI-TECH Software PIC Macro Assembler V9.70 build 5239 
                                                      Thu Jan 12 18:25:42 2012


     1                           
     2                           	; HI-TECH C Compiler for PIC10/12/16 MCUs V9.7
                                 0
     3                           	; Copyright (C) 1984-2009 HI-TECH Software
     4                           	;Licensed for evaluation purposes only.
     5                           	;This licence will expire on Wed, 22 Feb 2012
     6                           
     7                           	; Auto-generated runtime startup code for fina
                                 l link stage.
     8                           
     9                           	;
    10                           	; Compiler options:
    11                           	;
    12                           	; -oSerial_Transmit_letter.cof -mSerial_Transm
                                 it_letter.map \
    13                           	; --summary=default --output=default Serial_Tr
                                 ansmit_letter.p1 \
    14                           	; --chip=16F690 -P --runtime=default --opt=def
                                 ault -g --asmlist \
    15                           	; --errformat=Error   [%n] %f; %l.%c %s --msgf
                                 ormat=Advisory[%n] %s \
    16                           	; --warnformat=Warning [%n] %f; %l.%c %s
    17                           	;
    18                           
    19                           
    20                           	processor	16F690
    21                           
    22                           	global	_main,start,_exit,reset_vec
    23                           	fnroot	_main
    24                           	psect	config,class=CONFIG,delta=2
    25                           	psect	idloc,class=IDLOC,delta=2
    26                           	psect	temp,ovrld,class=BANK0,space=1
    27                           	psect	struct,ovrld,class=BANK0,space=1
    28                           	psect	code,class=CODE,delta=2
    29                           	psect	ptbit_0,class=BANK0,bit,space=1
    30                           	psect	powerup,class=CODE,delta=2
    31                           	psect	reset_vec,class=CODE,delta=2
    32                           	psect	maintext,class=CODE,delta=2
    33  0000                     	C	set	0
    34  0002                     	Z	set	2
    35  0002                     	PCL	set	2
    36  0000                     	INDF	set	0
    37                           
    38  0003                     	STATUS	equ	3
    39  000A                     	PCLATH	equ	0Ah
    40                           
    41                           	psect	eeprom_data,class=EEDATA,delta=2,space=2
    42                           	psect	intentry,class=CODE,delta=2
    43                           	global	intlevel0,intlevel1,intlevel2, intlevel
                                 3, intlevel4, intlevel5
    44  0000                     intlevel0:
    45  0000                     intlevel1:
    46  0000                     intlevel2:
    47  0000                     intlevel3:
    48  0000                     intlevel4:
    49  0000                     intlevel5:
    50                           	psect	intsave,class=BANK0,space=1
    51                           	psect	init,class=CODE,delta=2
    52                           	psect	cinit,class=CODE,delta=2
    53                           	psect	text,class=CODE,delta=2
    54                           	psect	end_init,class=CODE,delta=2
    55                           	psect	clrtext,class=CODE,delta=2
    56  0004                     	FSR	set	4
    57                           	psect	strings,class=CODE,delta=2,reloc=256
    58                           
    59                           	psect	reset_vec
    60  0000                     reset_vec:
    61                           	; No powerup routine
    62                           	; No interrupt routine
    63                           
    64                           
    65                           	psect	init
    66  0000                     start
    67  0000                     _exit
    68                           	psect	end_init
    69                           	global start_initialization
    70  0000  118A  2FCB         	ljmp start_initialization	;jump to C runtime c
                                 lear & initialization


HI-TECH Software PICC Macro Assembler V9.70 build 5239 
Symbol Table                                          Thu Jan 12 18:25:42 2012

               _main 07CE                 _exit 0000  
               start 0000  start_initialization 07CB  
           intlevel0 0000             intlevel1 0000  
           intlevel2 0000             intlevel3 0000  
           intlevel4 0000             intlevel5 0000  
           reset_vec 0000  
