

HI-TECH Software PIC PRO Macro Assembler V9.70 build 5239 
                                                                                               Thu Jan 19 14:09:17 2012

HI-TECH Software Omniscient Code Generator (PRO mode) build 5239
     1                           	processor	16F690
     2                           	opt	pw 120
     3                           	opt	pm
     4                           	psect	nvCOMMON,global,class=COMMON,space=1,delta=1
     5                           	psect	cinit,global,class=CODE,delta=2
     6                           	psect	cstackCOMMON,global,class=COMMON,space=1,delta=1
     7                           	psect	maintext,local,class=CODE,delta=2
     8                           	psect	text20,local,class=CODE,delta=2
     9                           	psect	text21,local,class=CODE,delta=2
    10                           	psect	text22,local,class=CODE,delta=2
    11                           	psect	pa_nodes,global,class=CODE,delta=2
    12  000A                     
    13                           	psect	nvCOMMON
    14  0070                     __pnvCOMMON:	;COMMON:	_main->_Receive
    15                           ;COMMON:	_main->_Transmit
    16  0070                     _Recd_bit:
    17  0070                     	ds	1
    18  0C63                     
    19                           	psect	cinit
    20  07D8                     start_initialization:
    21  07D8                     end_of_initialization:	;End of C runtime variable initationation code
    22  07D8  0183               	clrf	3
    23  07D9  118A  2FEA         	ljmp	_main	;jump to C main() function
    24                           
    25                           	psect	cstackCOMMON
    26  0071                     __pcstackCOMMON:
    27  0071                     ??_Transmit:
    28  0071                     ??_main:	;@ 0x0
    29  0071                     ??_Receive:	;@ 0x0
    30  0071                     Receive@temp:	;@ 0x0
    31  0071                     Transmit@data1:	; 1 bytes @ 0x0
    32                           ; 1 bytes @ 0x0
    33  0071                     	ds	1
    34  0072                     ?_main:
    35  0072                     ?_Transmit:	;@ 0x1
    36  0072                     ?_Receive:	;@ 0x1
    37                           
    38                           	psect	maintext
    39  07EA                     __pmaintext:	;@ 0x1
    40                           ;Data sizes: Strings 0, constant 0, data 0, bss 0, persistent 1 stack 0
    41                           ;Auto spaces:   Size  Autos    Used
    42                           ; COMMON          14      1       2
    43                           ; BANK0           80      0       0
    44                           ; BANK1           80      0       0
    45                           ; BANK2           80      0       0
    46                           ;Pointer list with targets:
    47                           ;Main: autosize = 0, tempsize = 0, incstack = 0, save=0
    48                           ;Call graph:                      Base Space Used Autos Args Refs Density
    49                           ;_main                                                0    0   20   0.00
    50                           ;            _Receive
    51                           ;           _Transmit
    52                           ;  _Transmit                                          1    0   10   0.00
    53                           ;                                    0 COMMO    1
    54                           ;  _Receive                                           1    0   10   0.00
    55                           ;                                    0 COMMO    1
    56                           ; Estimated maximum call depth 1
    57                           ; Address spaces:
    58                           ;Name               Size   Autos  Total    Cost      Usage
    59                           ;BITCOMMON            E      0       0       0        0.0%
    60                           ;CODE                 0      0       0       0        0.0%
    61                           ;NULL          
    62                           ; *************** function _main *****************
    63                           ; Defined at:
    64                           ;		line 10 in file "D:\Amit\E-Projects\PIC Projects\Serial\Serial Receive\Serial_Receive
      +                          .c"
    65                           ; Parameters:    Size  Location     Type
    66                           ;		None
    67                           ; Auto vars:     Size  Location     Type
    68                           ;		None
    69                           ; Return value:  Size  Location     Type
    70                           ;		None               void
    71                           ; Registers used:
    72                           ;		wreg, fsr0l, fsr0h, fsr1l, fsr1h, status,2, status,0, btemp+0, btemp+1, btemp+2, btem
      +                          p+3, pclath, cstack
    73                           ; Tracked objects:
    74                           ;		On entry : 17F/0
    75                           ;		On exit  : 17F/0
    76                           ;		Unchanged: FFE80/0
    77                           ; Data sizes:     COMMON   BANK0   BANK1   BANK2
    78                           ;      Locals:         0       0       0       0
    79                           ;      Temp:     0
    80                           ;      Total:    0
    81                           ; This function calls:
    82                           ;		_Receive
    83                           ;		_Transmit
    84                           ; This function is called by:
    85                           ;		Startup code after reset
    86                           ; This function uses a non-reentrant model
    87                           ; 
    88  07EA                     _main:	;pic16f685.h: 21: volatile unsigned char INDF @ 0x000;
    89                           ;pic16f685.h: 22: volatile unsigned char TMR0 @ 0x001;
    90                           ;pic16f685.h: 23: volatile unsigned char PCL @ 0x002;
    91                           ;pic16f685.h: 24: volatile unsigned char STATUS @ 0x003;
    92                           ;pic16f685.h: 25: unsigned char FSR @ 0x004;
    93                           ;pic16f685.h: 26: volatile unsigned char PORTA @ 0x005;
    94                           ;pic16f685.h: 27: volatile unsigned char PORTB @ 0x006;
    95                           ;pic16f685.h: 28: volatile unsigned char PORTC @ 0x007;
    96                           ;pic16f685.h: 29: volatile unsigned char PCLATH @ 0x00A;
    97                           ;pic16f685.h: 30: volatile unsigned char INTCON @ 0x00B;
    98                           ;Serial_Receive.c: 11: ANSEL=0;
    99                           ; Regs used in _main: [allreg]
   100  07EA  1703               	bsf	3,6	;RP1=1, select bank2
   101  07EB  019E               	clrf	30
   102                           ;Serial_Receive.c: 12: ANSELH=0;
   103  07EC  019F               	clrf	31
   104                           ;Serial_Receive.c: 13: OSCCON=0x77;
   105  07ED  3077               	movlw	119
   106  07EE  1683               	bsf	3,5	;RP0=1, select bank1
   107  07EF  1303               	bcf	3,6	;RP1=0, select bank1
   108  07F0  008F               	movwf	15	;volatile
   109                           ;Serial_Receive.c: 14: SPBRG=12;
   110  07F1  300C               	movlw	12
   111  07F2  0099               	movwf	25
   112                           ;Serial_Receive.c: 15: SYNC=0;
   113  07F3  1218               	bcf	24,4
   114                           ;Serial_Receive.c: 16: SPEN=1;
   115  07F4  1283               	bcf	3,5	;RP0=0, select bank0
   116  07F5  1798               	bsf	24,7
   117                           ;Serial_Receive.c: 17: TXEN=1;
   118  07F6  1683               	bsf	3,5	;RP0=1, select bank1
   119  07F7  1698               	bsf	24,5
   120                           ;Serial_Receive.c: 19: Recd_bit=Receive();
   121  07F8  118A  27E1         	fcall	_Receive
   122  07FA  00F0               	movwf	_Recd_bit
   123                           ;Serial_Receive.c: 20: Transmit(Recd_bit);
   124  07FB  118A  27DB  118A   	fcall	_Transmit
   125  07FE  118A  2800         	ljmp	start
   126  0800                     __end_of_main:
   127                           
   128                           	psect	text20
   129  07DB                     __ptext20:	; =============== function _main ends ============
   130                           ; *************** function _Transmit *****************
   131                           ; Defined at:
   132                           ;		line 35 in file "D:\Amit\E-Projects\PIC Projects\Serial\Serial Receive\Serial_Receive
      +                          .c"
   133                           ; Parameters:    Size  Location     Type
   134                           ;  data1           1    wreg     unsigned char 
   135                           ; Auto vars:     Size  Location     Type
   136                           ;  data1           1    0[COMMON] unsigned char 
   137                           ; Return value:  Size  Location     Type
   138                           ;		None               void
   139                           ; Registers used:
   140                           ;		wreg
   141                           ; Tracked objects:
   142                           ;		On entry : 17F/0
   143                           ;		On exit  : 17F/0
   144                           ;		Unchanged: FFE80/0
   145                           ; Data sizes:     COMMON   BANK0   BANK1   BANK2
   146                           ;      Locals:         1       0       0       0
   147                           ;      Temp:     0
   148                           ;      Total:    1
   149                           ; This function calls:
   150                           ;		Nothing
   151                           ; This function is called by:
   152                           ;		_main
   153                           ; This function uses a non-reentrant model
   154                           ; 
   155  07DB                     _Transmit:	;Serial_Receive.c: 34: void Transmit(unsigned char data1)
   156                           ;Serial_Receive.c: 35: {
   157                           ; Regs used in _Transmit: [wreg]
   158                           ;Transmit@data1 stored from wreg
   159  07DB  00F1               	movwf	Transmit@data1
   160                           ;Serial_Receive.c: 36: TXREG=data1;
   161  07DC  0871               	movf	Transmit@data1,w
   162  07DD  0099               	movwf	25	;volatile
   163  07DE                     l7:
   164  07DE  1A0C               	btfsc	12,4
   165  07DF  0008               	return
   166  07E0  2FDE               	goto	l7
   167  07E1                     __end_of_Transmit:
   168                           
   169                           	psect	text21
   170  07E1                     __ptext21:	; =============== function _Transmit ends ============
   171                           ; *************** function _Receive *****************
   172                           ; Defined at:
   173                           ;		line 24 in file "D:\Amit\E-Projects\PIC Projects\Serial\Serial Receive\Serial_Receive
      +                          .c"
   174                           ; Parameters:    Size  Location     Type
   175                           ;		None
   176                           ; Auto vars:     Size  Location     Type
   177                           ;  temp            1    0[COMMON] unsigned char 
   178                           ; Return value:  Size  Location     Type
   179                           ;                  1    wreg      unsigned char 
   180                           ; Registers used:
   181                           ;		wreg, status,2
   182                           ; Tracked objects:
   183                           ;		On entry : 17F/20
   184                           ;		On exit  : 17F/0
   185                           ;		Unchanged: FFE80/0
   186                           ; Data sizes:     COMMON   BANK0   BANK1   BANK2
   187                           ;      Locals:         1       0       0       0
   188                           ;      Temp:     0
   189                           ;      Total:    1
   190                           ; This function calls:
   191                           ;		Nothing
   192                           ; This function is called by:
   193                           ;		_main
   194                           ; This function uses a non-reentrant model
   195                           ; 
   196  07E1                     _Receive:	;Serial_Receive.c: 23: unsigned char Receive()
   197                           ;Serial_Receive.c: 24: {
   198                           ;Serial_Receive.c: 25: CREN=1;
   199                           ; Regs used in _Receive: [wreg+status,2]
   200  07E1  1283               	bcf	3,5	;RP0=0, select bank0
   201  07E2  1618               	bsf	24,4
   202  07E3                     l3:
   203  07E3  1E8C               	btfss	12,5
   204  07E4  2FE3               	goto	l3
   205                           ;Serial_Receive.c: 28: temp=RCREG;
   206  07E5  081A               	movf	26,w	;volatile
   207  07E6  00F1               	movwf	Receive@temp
   208                           ;Serial_Receive.c: 29: RCIF=0;
   209  07E7  128C               	bcf	12,5
   210                           ;Serial_Receive.c: 30: CREN=0;
   211  07E8  1218               	bcf	24,4
   212                           ;Serial_Receive.c: 31: return(temp);
   213  07E9  0008               	return
   214  07EA                     __end_of_Receive:
   215                           
   216                           	psect	text22
   217  0002                     __ptext22:	; =============== function _Receive ends ============


HI-TECH Software PICC Macro Assembler V9.70 build 5239 
Symbol Table                                                                                   Thu Jan 19 14:09:17 2012

                   l1 0000                     l2 0000                     l3 07E3                     l6 0000  
                   l7 07DE                    _DA 04A5                    _BF 04A0                    _DC 0019  
                  _PD 001B                    _RD 0C60                    _UA 04A1                    _TO 001C  
                  _RW 04A2                    _WR 0C61              _Transmit 07DB      __size_of_Receive 0009  
           ?_Transmit 0072                   _C1R 08CA                   _C2R 08D2                   _CKE 04A6  
                 _CKP 00A4                   _GIE 005F                   _BOR 0470                   _RA0 0028  
                 _RA1 0029                   _RA2 002A                   _RA3 002B                   _RC0 0038  
                 _RA4 002C                   _RC1 0039                   _RA5 002D                   _RC2 003A  
                 _RB4 0034                   _RC3 003B                   _RB5 0035                   _RC4 003C  
                 _RB6 0036                   _RC5 003D                   _RB7 0037                   _RC6 003E  
                 _RC7 003F                   _FSR 0004                   _PCL 0002                   _PS0 0408  
                 _PR2 0092                   _PS1 0409                   _PS2 040A                   _RP0 001D  
                 _IRP 001F                   _RP1 001E                   _HTS 047A                   _SR0 0CF6  
                 _SR1 0CF7                   _SCS 0478                   _PSA 040B                   _LTS 0479  
                 _VR0 08C0                   _VR1 08C1                   _VR2 08C2                   _VR3 08C3  
                 _POR 0471                   _RX9 00C6                   _SMP 04A7                   _TX9 04C6  
                 _WUE 04D9                   _VRR 08C5            ??_Transmit 0071                  _C1IE 046D  
                _C1IF 006D                  _C2IE 046E                  _C2IF 006E                  _C1OE 08CD  
                _C2OE 08D5                  _C1ON 08CF                  _C2ON 08D7                  _ADIE 0466  
                _ADIF 0066                  _ADFM 00FF              __ptext20 07DB              __ptext21 07E1  
            __ptext22 0002                  _ADON 00F8                  _P1M0 00BE                  _CHS0 00FA  
                _P1M1 00BF                  _CHS1 00FB                  _CHS2 00FC                  _CHS3 00FD  
                _EEIE 046C                  _EEIF 006C                  _ANS0 08F0                  _BRG0 04C8  
                _ANS1 08F1                  _BRG1 04C9                  _ANS2 08F2                  _BRG2 04CA  
                _ANS3 08F3                  _BRG3 04CB                  _ANS4 08F4                  _BRG4 04CC  
                _ANS5 08F5                  _BRG5 04CD                  _ANS6 08F6                  _BRG6 04CE  
                _ANS7 08F7                  _BRG7 04CF                  _ANS8 08F8                  _BRG8 04D0  
                _ANS9 08F9                  _BRG9 04D1                  _BRGH 04C2                  _T0IE 005D  
                _T0IF 005A                  _CREN 00C4                  _T0CS 040D                  _FERR 00C2  
                _PDC0 00E0                  _PDC1 00E1                  _PDC2 00E2                  _PDC3 00E3  
                _PDC4 00E4                  _T0SE 040C                  _CSRC 04C7                  _IOCA 0096  
                _PDC5 00E5                  _IOCB 0116                  _PDC6 00E6                  _INDF 0000  
                _PIE1 008C                  _PIE2 008D                  _PEIE 005E                  _INTE 005C  
                _INTF 0059                  _RBIE 005B                  _RBIF 0058                  _RCIE 0465  
                _RCIF 0065                  _PCON 008E                  _PIR1 000C                  _PIR2 000D  
                _OERR 00C1                  _SCKP 04DC                  _RBPU 040F                  _VCFG 00FE  
                _RX9D 00C0                  _TMR0 0001                  _TMR2 0011                  _WCOL 00A7  
                _SPEN 00C7                  _TX9D 04C0                  _SREN 00C5                  _OSTS 047B  
                _TUN0 0480                  _TUN1 0481                  _TUN2 0482                  _TUN3 0483  
                _TUN4 0484                  _STRA 0CE8                  _STRB 0CE9                  _STRC 0CEA  
                _STRD 0CEB                  _TRMT 04C1                  _STOP 04A4                  _TXIE 0464  
                _ZERO 001A                  _WREN 0C62                  _TXEN 04C5                  _TXIF 0064  
                _SYNC 04C4                  _WPUA 0095                  _WPUB 0115                  _main 07EA  
   __size_of_Transmit 0006                  start 0000       __end_of_Receive 07EA   start_initialization 07D8  
             _CM1CON0 0119               _CM2CON0 011A               _CCP1CON 0017               _CM2CON1 011B  
             _BAUDCTL 009B               _ECCPAS0 00EC               _ECCPAS1 00ED               _ECCPAS2 00EE  
             _ECCPASE 00EF                 _C1CH0 08C8                 _C1CH1 08C9                 _C2CH0 08D0  
               _C2CH1 08D1                 _DC1B0 00BC                 _DC1B1 00BD                 _C1SEN 0CF5  
               _C2REN 0CF4                 _C1POL 08CC                 _C2POL 08D4                 _C1OUT 08CE  
               _C2OUT 08D6                 _ABDEN 04D8                 _ADCS0 04FC                 _ADCS1 04FD  
               _ADCS2 04FE                 _ADDEN 00C3                 ?_main 0072                 _EEADR 010D  
               _ANS10 08FA                 _EEDAT 010C                 _BRG10 04D2                 _ANS11 08FB  
               _BRG11 04D3                 _BRG12 04D4                 _BRG13 04D5                 _BRG14 04D6  
               _BRG15 04D7                 _BRG16 04DB                 _CARRY 0018                 _EEPGD 0C67  
               _ANSEL 011E                 _T1CON 0010                 _IOCA0 04B0                 _IOCA1 04B1  
               _IOCA2 04B2                 _T2CON 0012                 _IOCA3 04B3                 _IOCA4 04B4  
               _IOCA5 04B5                 _IOCB4 08B4                 _IOCB5 08B5                 _IOCB6 08B6  
               _IOCB7 08B7                 _T1GSS 08D9               _T1CKPS0 0084               _T1CKPS1 0085  
               _IRCF0 047C                 _IRCF1 047D                 _IRCF2 047E               _T2CKPS0 0090  
             _T2CKPS1 0091                 _RABIE 005B                 _RABIF 0058                 _RABPU 040F  
               _RCIDL 04DE                 _RCREG 001A                 _SENDB 04C3                 _RCSTA 0018  
               _OSFIE 046F                 _OSFIF 006F                 _VP6EN 08C4                 _TMR1H 000F  
               _TMR1L 000E                 _SPBRG 0099                 _PORTA 0005                 _PORTB 0006  
             _T1OSCEN 0083                 _PORTC 0007                 _PRSEN 00E7                 _SRCON 019E  
               _START 04A3                 _PULSR 0CF2                 _PULSS 0CF3                 _SSPM0 00A0  
               _SSPM1 00A1                 _SSPM2 00A2                 _SSPM3 00A3                 _TRISA 0085  
               _TRISB 0086                 _TRISC 0087                 _SSPIE 0463                 _SSPIF 0063  
               _SSPEN 00A5                 _VRCON 0118                 _WPUA0 04A8                 _WPUA1 04A9  
               _WPUA2 04AA                 _WPUA4 04AC                 _WPUA5 04AD                 _WPUB4 08AC  
               _SSPOV 00A6                 _WPUB5 08AD                 _WPUB6 08AE                 _WPUB7 08AF  
               _WRERR 0C63                 _TXREG 0019                 _TXSTA 0098        __pcstackCOMMON 0071  
             _OSCTUNE 0090               _PWM1CON 001C               _PSTRCON 019D               _SSPSTAT 0094  
             _TOUTPS0 0093               _TOUTPS1 0094               _TOUTPS2 0095               _TOUTPS3 0096  
             _STRSYNC 0CEC           Receive@temp 0071                 status 0003               _Receive 07E1  
            ?_Receive 0072             ??_Receive 0071         __size_of_main 0016              l30000450 0000  
            l30000451 0000              l30000452 0000              l30000461 0000              l30000453 0000  
            l30000454 0000              l30000455 0000              l30000447 0000              l30000456 0000  
            l30000448 0000              l30000449 0000              l30000458 0000              l30000459 0000  
          __pnvCOMMON 0070      __end_of_Transmit 07E1                ??_main 0071            __pmaintext 07EA  
              _C1VREN 08C7                _C2VREN 08C6                _C2SYNC 08D8                _ADCON0 001F  
              _ADCON1 009F                _ABDOVF 04DF                _CCP1M0 00B8                _CCP1M1 00B9  
              _CCP1M2 00BA                _CCP1M3 00BB                _CCP1IE 0462                _CCP1IF 0062  
              _ADRESH 001E                _EEADRH 010F                _ADRESL 009E                _EEADRL 010D  
              _EEDATA 010C                _ECCPAS 001D                _CCPR1H 0016                _EEDATH 010E  
              _CCPR1L 0015                _EEDATL 010C                _EECON1 018C                _EECON2 018D  
              _ANSELH 011F                _MC1OUT 08DF                _MC2OUT 08DE          __end_of_main 0800  
              _T1GINV 0087                _GODONE 00F9  end_of_initialization 07D8                _T1SYNC 0082  
              _INTEDG 040E                _PCLATH 000A                _INTCON 000B                _SBOREN 0474  
              _OSCCON 008F         Transmit@data1 0071                _TMR1GE 0086                _TMR1IE 0460  
              _TMR1IF 0060                _TMR1CS 0081                _TMR2IE 0461                _TMR2IF 0061  
              _PSSAC0 00EA                _PSSAC1 00EB                _PSSBD0 00E8                _PSSBD1 00E9  
              _SPBRGH 009A                _OPTION 0081                _TMR1ON 0080                _TMR2ON 0092  
              _WDTCON 0097                _WDTPS0 04B9                _WDTPS1 04BA                _WDTPS2 04BB  
              _WDTPS3 04BC                _SSPADD 0093                _TRISA0 0428                _TRISA1 0429  
              _TRISA2 042A                _TRISA3 042B                _TRISC0 0438                _TRISA4 042C  
              _TRISC1 0439                _TRISA5 042D                _TRISC2 043A                _TRISB4 0434  
              _TRISC3 043B                _TRISB5 0435                _TRISC4 043C                _TRISB6 0436  
              _TRISC5 043D                _TRISB7 0437                _TRISC6 043E                _TRISC7 043F  
              _STATUS 0003                _SSPCON 0014                _SSPBUF 0013                _SWDTEN 04B8  
              _ULPWUE 0475                _SSPMSK 0093              _Recd_bit 0070  
