

HI-TECH Software PIC LITE Macro Assembler V9.70 build 5239 
                                                                                               Mon Oct 29 16:18:22 2012

HI-TECH Software Omniscient Code Generator (Lite mode) build 5239
     1  0000                     opt subtitle "HI-TECH Software Omniscient Code Generator (Lite mode) build 5239"
     2                           
     3                           opt pagewidth 120
     4                           
     5                           	opt lm
     6                           
     7                           	processor	16F677
     8                           clrc	macro
     9                           	bcf	3,0
    10  0000                     	endm
    11                           clrz	macro
    12                           	bcf	3,2
    13  0000                     	endm
    14                           setc	macro
    15                           	bsf	3,0
    16  0000                     	endm
    17                           setz	macro
    18                           	bsf	3,2
    19  0000                     	endm
    20                           skipc	macro
    21                           	btfss	3,0
    22  0000                     	endm
    23                           skipz	macro
    24                           	btfss	3,2
    25  0000                     	endm
    26                           skipnc	macro
    27                           	btfsc	3,0
    28  0000                     	endm
    29                           skipnz	macro
    30                           	btfsc	3,2
    31  0000                     	endm
    32  0000                     indf	equ	0
    33  0000                     indf0	equ	0
    34  0002                     pc	equ	2
    35  0002                     pcl	equ	2
    36  0003                     status	equ	3
    37  0004                     fsr	equ	4
    38  0004                     fsr0	equ	4
    39  0001                     c	equ	1
    40  0000                     z	equ	0
    41  000A                     pclath	equ	10
    42                           # 15 "D:\Amit\E-Projects\PIC Projects\Knock-N-Lock KDU\main.c"
    43                           	psect config,class=CONFIG,delta=2 ;#
    44                           # 15 "D:\Amit\E-Projects\PIC Projects\Knock-N-Lock KDU\main.c"
    45  2007  3094               	dw 0x3FFC & 0x3FF7 & 0x3FFF & 0x3FDF & 0x3FBF & 0x3CFF & 0x3BFF & 0x37FF ;#
    46                           ;COMMON:	_main->_DelayMs
    47                           	FNCALL	_main,_PowerInit
    48                           	FNCALL	_main,_DelayMs
    49                           	FNCALL	_main,_ToggleBuzzErrorLED
    50                           	FNROOT	_main
    51                           	FNCALL	intlevel1,_isr
    52                           	global	intlevel1
    53                           	FNROOT	intlevel1
    54                           	global	_ToggleSkipFlag
    55                           	global	_flag
    56                           	global	_ADCON0
    57                           psect	text25,local,class=CODE,delta=2
    58                           global __ptext25
    59  00C5                     __ptext25:
    60  001F                     _ADCON0  equ     31
    61                           	global	_ADRESH
    62  001E                     _ADRESH  equ     30
    63                           	global	_FSR
    64  0004                     _FSR  equ     4
    65                           	global	_INDF
    66  0000                     _INDF  equ     0
    67                           	global	_INTCON
    68  000B                     _INTCON  equ     11
    69                           	global	_PCL
    70  0002                     _PCL  equ     2
    71                           	global	_PCLATH
    72  000A                     _PCLATH  equ     10
    73                           	global	_PIR1
    74  000C                     _PIR1  equ     12
    75                           	global	_PIR2
    76  000D                     _PIR2  equ     13
    77                           	global	_PORTA
    78  0005                     _PORTA  equ     5
    79                           	global	_PORTB
    80  0006                     _PORTB  equ     6
    81                           	global	_PORTC
    82  0007                     _PORTC  equ     7
    83                           	global	_SSPBUF
    84  0013                     _SSPBUF  equ     19
    85                           	global	_SSPCON
    86  0014                     _SSPCON  equ     20
    87                           	global	_STATUS
    88  0003                     _STATUS  equ     3
    89                           	global	_T1CON
    90  0010                     _T1CON  equ     16
    91                           	global	_TMR0
    92  0001                     _TMR0  equ     1
    93                           	global	_TMR1H
    94  000F                     _TMR1H  equ     15
    95                           	global	_TMR1L
    96  000E                     _TMR1L  equ     14
    97                           	global	_ADFM
    98  00FF                     _ADFM  equ     255
    99                           	global	_ADIF
   100  0066                     _ADIF  equ     102
   101                           	global	_ADON
   102  00F8                     _ADON  equ     248
   103                           	global	_C1IF
   104  006D                     _C1IF  equ     109
   105                           	global	_C2IF
   106  006E                     _C2IF  equ     110
   107                           	global	_CARRY
   108  0018                     _CARRY  equ     24
   109                           	global	_CHS0
   110  00FA                     _CHS0  equ     250
   111                           	global	_CHS1
   112  00FB                     _CHS1  equ     251
   113                           	global	_CHS2
   114  00FC                     _CHS2  equ     252
   115                           	global	_CHS3
   116  00FD                     _CHS3  equ     253
   117                           	global	_CKP
   118  00A4                     _CKP  equ     164
   119                           	global	_DC
   120  0019                     _DC  equ     25
   121                           	global	_EEIF
   122  006C                     _EEIF  equ     108
   123                           	global	_GIE
   124  005F                     _GIE  equ     95
   125                           	global	_GODONE
   126  00F9                     _GODONE  equ     249
   127                           	global	_INTE
   128  005C                     _INTE  equ     92
   129                           	global	_INTF
   130  0059                     _INTF  equ     89
   131                           	global	_IRP
   132  001F                     _IRP  equ     31
   133                           	global	_OSFIF
   134  006F                     _OSFIF  equ     111
   135                           	global	_PD
   136  001B                     _PD  equ     27
   137                           	global	_PEIE
   138  005E                     _PEIE  equ     94
   139                           	global	_RA0
   140  0028                     _RA0  equ     40
   141                           	global	_RA1
   142  0029                     _RA1  equ     41
   143                           	global	_RA2
   144  002A                     _RA2  equ     42
   145                           	global	_RA3
   146  002B                     _RA3  equ     43
   147                           	global	_RA4
   148  002C                     _RA4  equ     44
   149                           	global	_RA5
   150  002D                     _RA5  equ     45
   151                           	global	_RABIE
   152  005B                     _RABIE  equ     91
   153                           	global	_RABIF
   154  0058                     _RABIF  equ     88
   155                           	global	_RB4
   156  0034                     _RB4  equ     52
   157                           	global	_RB5
   158  0035                     _RB5  equ     53
   159                           	global	_RB6
   160  0036                     _RB6  equ     54
   161                           	global	_RB7
   162  0037                     _RB7  equ     55
   163                           	global	_RBIE
   164  005B                     _RBIE  equ     91
   165                           	global	_RBIF
   166  0058                     _RBIF  equ     88
   167                           	global	_RC0
   168  0038                     _RC0  equ     56
   169                           	global	_RC1
   170  0039                     _RC1  equ     57
   171                           	global	_RC2
   172  003A                     _RC2  equ     58
   173                           	global	_RC3
   174  003B                     _RC3  equ     59
   175                           	global	_RC4
   176  003C                     _RC4  equ     60
   177                           	global	_RC5
   178  003D                     _RC5  equ     61
   179                           	global	_RC6
   180  003E                     _RC6  equ     62
   181                           	global	_RC7
   182  003F                     _RC7  equ     63
   183                           	global	_RP0
   184  001D                     _RP0  equ     29
   185                           	global	_RP1
   186  001E                     _RP1  equ     30
   187                           	global	_SSPEN
   188  00A5                     _SSPEN  equ     165
   189                           	global	_SSPIF
   190  0063                     _SSPIF  equ     99
   191                           	global	_SSPM0
   192  00A0                     _SSPM0  equ     160
   193                           	global	_SSPM1
   194  00A1                     _SSPM1  equ     161
   195                           	global	_SSPM2
   196  00A2                     _SSPM2  equ     162
   197                           	global	_SSPM3
   198  00A3                     _SSPM3  equ     163
   199                           	global	_SSPOV
   200  00A6                     _SSPOV  equ     166
   201                           	global	_T0IE
   202  005D                     _T0IE  equ     93
   203                           	global	_T0IF
   204  005A                     _T0IF  equ     90
   205                           	global	_T1CKPS0
   206  0084                     _T1CKPS0  equ     132
   207                           	global	_T1CKPS1
   208  0085                     _T1CKPS1  equ     133
   209                           	global	_T1GINV
   210  0087                     _T1GINV  equ     135
   211                           	global	_T1OSCEN
   212  0083                     _T1OSCEN  equ     131
   213                           	global	_T1SYNC
   214  0082                     _T1SYNC  equ     130
   215                           	global	_TMR1CS
   216  0081                     _TMR1CS  equ     129
   217+                          	global	_TMR1GE
   218+ 0086                     _TMR1GE  equ     134
   219                           	global	_TMR1IF
   220  0060                     _TMR1IF  equ     96
   221                           	global	_TMR1ON
   222  0080                     _TMR1ON  equ     128
   223+                          	global	_TO
   224+ 001C                     _TO  equ     28
   225+                          	global	_VCFG
   226+ 00FE                     _VCFG  equ     254
   227                           	global	_WCOL
   228  00A7                     _WCOL  equ     167
   229+                          	global	_ZERO
   230+ 001A                     _ZERO  equ     26
   231                           	global	_ADCON1
   232  009F                     _ADCON1  equ     159
   233+                          	global	_ADRESL
   234+ 009E                     _ADRESL  equ     158
   235                           	global	_IOCA
   236  0096                     _IOCA  equ     150
   237+                          	global	_OPTION
   238+ 0081                     _OPTION  equ     129
   239+                          	global	_OSCCON
   240+ 008F                     _OSCCON  equ     143
   241+                          	global	_OSCTUNE
   242+ 0090                     _OSCTUNE  equ     144
   243+                          	global	_PCON
   244+ 008E                     _PCON  equ     142
   245+                          	global	_PIE1
   246+ 008C                     _PIE1  equ     140
   247                           	global	_PIE2
   248  008D                     _PIE2  equ     141
   249                           	global	_SSPADD
   250  0093                     _SSPADD  equ     147
   251+                          	global	_SSPMSK
   252+ 0093                     _SSPMSK  equ     147
   253+                          	global	_SSPSTAT
   254+ 0094                     _SSPSTAT  equ     148
   255+                          	global	_TRISA
   256+ 0085                     _TRISA  equ     133
   257+                          	global	_TRISB
   258+ 0086                     _TRISB  equ     134
   259                           	global	_TRISC
   260  0087                     _TRISC  equ     135
   261+                          	global	_WDTCON
   262+ 0097                     _WDTCON  equ     151
   263                           	global	_WPUA
   264  0095                     _WPUA  equ     149
   265+                          	global	_ADCS0
   266+ 04FC                     _ADCS0  equ     1276
   267+                          	global	_ADCS1
   268+ 04FD                     _ADCS1  equ     1277
   269+                          	global	_ADCS2
   270+ 04FE                     _ADCS2  equ     1278
   271+                          	global	_ADIE
   272+ 0466                     _ADIE  equ     1126
   273+                          	global	_BF
   274+ 04A0                     _BF  equ     1184
   275                           	global	_BOR
   276  0470                     _BOR  equ     1136
   277+                          	global	_C1IE
   278+ 046D                     _C1IE  equ     1133
   279+                          	global	_C2IE
   280+ 046E                     _C2IE  equ     1134
   281+                          	global	_CKE
   282+ 04A6                     _CKE  equ     1190
   283+                          	global	_DA
   284+ 04A5                     _DA  equ     1189
   285+                          	global	_EEIE
   286+ 046C                     _EEIE  equ     1132
   287                           	global	_HTS
   288  047A                     _HTS  equ     1146
   289+                          	global	_INTEDG
   290+ 040E                     _INTEDG  equ     1038
   291                           	global	_IOCA0
   292  04B0                     _IOCA0  equ     1200
   293+                          	global	_IOCA1
   294+ 04B1                     _IOCA1  equ     1201
   295+                          	global	_IOCA2
   296+ 04B2                     _IOCA2  equ     1202
   297+                          	global	_IOCA3
   298+ 04B3                     _IOCA3  equ     1203
   299+                          	global	_IOCA4
   300+ 04B4                     _IOCA4  equ     1204
   301+                          	global	_IOCA5
   302+ 04B5                     _IOCA5  equ     1205
   303                           	global	_IRCF0
   304  047C                     _IRCF0  equ     1148
   305+                          	global	_IRCF1
   306+ 047D                     _IRCF1  equ     1149
   307+                          	global	_IRCF2
   308+ 047E                     _IRCF2  equ     1150
   309+                          	global	_LTS
   310+ 0479                     _LTS  equ     1145
   311+                          	global	_OSFIE
   312+ 046F                     _OSFIE  equ     1135
   313+                          	global	_OSTS
   314+ 047B                     _OSTS  equ     1147
   315                           	global	_POR
   316  0471                     _POR  equ     1137
   317+                          	global	_PS0
   318+ 0408                     _PS0  equ     1032
   319                           	global	_PS1
   320  0409                     _PS1  equ     1033
   321+                          	global	_PS2
   322+ 040A                     _PS2  equ     1034
   323+                          	global	_PSA
   324+ 040B                     _PSA  equ     1035
   325+                          	global	_RABPU
   326+ 040F                     _RABPU  equ     1039
   327+                          	global	_RBPU
   328+ 040F                     _RBPU  equ     1039
   329+                          	global	_RW
   330+ 04A2                     _RW  equ     1186
   331                           	global	_SBOREN
   332  0474                     _SBOREN  equ     1140
   333+                          	global	_SCS
   334+ 0478                     _SCS  equ     1144
   335+                          	global	_SMP
   336+ 04A7                     _SMP  equ     1191
   337+                          	global	_SSPIE
   338+ 0463                     _SSPIE  equ     1123
   339+                          	global	_START
   340+ 04A3                     _START  equ     1187
   341+                          	global	_STOP
   342+ 04A4                     _STOP  equ     1188
   343                           	global	_SWDTEN
   344  04B8                     _SWDTEN  equ     1208
   345+                          	global	_T0CS
   346+ 040D                     _T0CS  equ     1037
   347                           	global	_T0SE
   348  040C                     _T0SE  equ     1036
   349+                          	global	_TMR1IE
   350+ 0460                     _TMR1IE  equ     1120
   351+                          	global	_TRISA0
   352+ 0428                     _TRISA0  equ     1064
   353+                          	global	_TRISA1
   354+ 0429                     _TRISA1  equ     1065
   355+                          	global	_TRISA2
   356+ 042A                     _TRISA2  equ     1066
   357+                          	global	_TRISA3
   358+ 042B                     _TRISA3  equ     1067
   359                           	global	_TRISA4
   360  042C                     _TRISA4  equ     1068
   361+                          	global	_TRISA5
   362+ 042D                     _TRISA5  equ     1069
   363+                          	global	_TRISB4
   364+ 0434                     _TRISB4  equ     1076
   365+                          	global	_TRISB5
   366+ 0435                     _TRISB5  equ     1077
   367                           	global	_TRISB6
   368  0436                     _TRISB6  equ     1078
   369+                          	global	_TRISB7
   370+ 0437                     _TRISB7  equ     1079
   371                           	global	_TRISC0
   372  0438                     _TRISC0  equ     1080
   373+                          	global	_TRISC1
   374+ 0439                     _TRISC1  equ     1081
   375                           	global	_TRISC2
   376  043A                     _TRISC2  equ     1082
   377+                          	global	_TRISC3
   378+ 043B                     _TRISC3  equ     1083
   379+                          	global	_TRISC4
   380+ 043C                     _TRISC4  equ     1084
   381+                          	global	_TRISC5
   382+ 043D                     _TRISC5  equ     1085
   383+                          	global	_TRISC6
   384+ 043E                     _TRISC6  equ     1086
   385+                          	global	_TRISC7
   386+ 043F                     _TRISC7  equ     1087
   387                           	global	_TUN0
   388  0480                     _TUN0  equ     1152
   389+                          	global	_TUN1
   390+ 0481                     _TUN1  equ     1153
   391+                          	global	_TUN2
   392+ 0482                     _TUN2  equ     1154
   393+                          	global	_TUN3
   394+ 0483                     _TUN3  equ     1155
   395+                          	global	_TUN4
   396+ 0484                     _TUN4  equ     1156
   397+                          	global	_UA
   398+ 04A1                     _UA  equ     1185
   399                           	global	_ULPWUE
   400  0475                     _ULPWUE  equ     1141
   401+                          	global	_WDTPS0
   402+ 04B9                     _WDTPS0  equ     1209
   403                           	global	_WDTPS1
   404  04BA                     _WDTPS1  equ     1210
   405+                          	global	_WDTPS2
   406+ 04BB                     _WDTPS2  equ     1211
   407+                          	global	_WDTPS3
   408+ 04BC                     _WDTPS3  equ     1212
   409+                          	global	_WPUA0
   410+ 04A8                     _WPUA0  equ     1192
   411+                          	global	_WPUA1
   412+ 04A9                     _WPUA1  equ     1193
   413+                          	global	_WPUA2
   414+ 04AA                     _WPUA2  equ     1194
   415                           	global	_WPUA4
   416  04AC                     _WPUA4  equ     1196
   417                           	global	_WPUA5
   418  04AD                     _WPUA5  equ     1197
   419                           	global	_ANSEL
   420  011E                     _ANSEL  equ     286
   421                           	global	_ANSELH
   422  011F                     _ANSELH  equ     287
   423                           	global	_CM1CON0
   424  0119                     _CM1CON0  equ     281
   425                           	global	_CM2CON0
   426  011A                     _CM2CON0  equ     282
   427                           	global	_CM2CON1
   428  011B                     _CM2CON1  equ     283
   429                           	global	_EEADR
   430  010D                     _EEADR  equ     269
   431                           	global	_EEADRL
   432  010D                     _EEADRL  equ     269
   433                           	global	_EEDAT
   434  010C                     _EEDAT  equ     268
   435                           	global	_EEDATA
   436  010C                     _EEDATA  equ     268
   437                           	global	_EEDATL
   438  010C                     _EEDATL  equ     268
   439                           	global	_IOCB
   440  0116                     _IOCB  equ     278
   441                           	global	_VRCON
   442  0118                     _VRCON  equ     280
   443                           	global	_WPUB
   444  0115                     _WPUB  equ     277
   445                           	global	_ANS0
   446  08F0                     _ANS0  equ     2288
   447                           	global	_ANS1
   448  08F1                     _ANS1  equ     2289
   449                           	global	_ANS10
   450  08FA                     _ANS10  equ     2298
   451                           	global	_ANS11
   452  08FB                     _ANS11  equ     2299
   453                           	global	_ANS2
   454  08F2                     _ANS2  equ     2290
   455                           	global	_ANS3
   456  08F3                     _ANS3  equ     2291
   457                           	global	_ANS4
   458  08F4                     _ANS4  equ     2292
   459                           	global	_ANS5
   460  08F5                     _ANS5  equ     2293
   461                           	global	_ANS6
   462  08F6                     _ANS6  equ     2294
   463                           	global	_ANS7
   464  08F7                     _ANS7  equ     2295
   465                           	global	_ANS8
   466  08F8                     _ANS8  equ     2296
   467                           	global	_ANS9
   468  08F9                     _ANS9  equ     2297
   469                           	global	_C1CH0
   470  08C8                     _C1CH0  equ     2248
   471                           	global	_C1CH1
   472  08C9                     _C1CH1  equ     2249
   473                           	global	_C1OE
   474  08CD                     _C1OE  equ     2253
   475                           	global	_C1ON
   476  08CF                     _C1ON  equ     2255
   477                           	global	_C1OUT
   478  08CE                     _C1OUT  equ     2254
   479                           	global	_C1POL
   480  08CC                     _C1POL  equ     2252
   481                           	global	_C1R
   482  08CA                     _C1R  equ     2250
   483                           	global	_C1VREN
   484  08C7                     _C1VREN  equ     2247
   485                           	global	_C2CH0
   486  08D0                     _C2CH0  equ     2256
   487                           	global	_C2CH1
   488  08D1                     _C2CH1  equ     2257
   489                           	global	_C2OE
   490  08D5                     _C2OE  equ     2261
   491                           	global	_C2ON
   492  08D7                     _C2ON  equ     2263
   493                           	global	_C2OUT
   494  08D6                     _C2OUT  equ     2262
   495                           	global	_C2POL
   496  08D4                     _C2POL  equ     2260
   497                           	global	_C2R
   498  08D2                     _C2R  equ     2258
   499                           	global	_C2SYNC
   500  08D8                     _C2SYNC  equ     2264
   501                           	global	_C2VREN
   502  08C6                     _C2VREN  equ     2246
   503                           	global	_IOCB4
   504  08B4                     _IOCB4  equ     2228
   505                           	global	_IOCB5
   506  08B5                     _IOCB5  equ     2229
   507                           	global	_IOCB6
   508  08B6                     _IOCB6  equ     2230
   509                           	global	_IOCB7
   510  08B7                     _IOCB7  equ     2231
   511                           	global	_MC1OUT
   512  08DF                     _MC1OUT  equ     2271
   513                           	global	_MC2OUT
   514  08DE                     _MC2OUT  equ     2270
   515                           	global	_T1GSS
   516  08D9                     _T1GSS  equ     2265
   517                           	global	_VP6EN
   518  08C4                     _VP6EN  equ     2244
   519                           	global	_VR0
   520  08C0                     _VR0  equ     2240
   521                           	global	_VR1
   522  08C1                     _VR1  equ     2241
   523                           	global	_VR2
   524  08C2                     _VR2  equ     2242
   525                           	global	_VR3
   526  08C3                     _VR3  equ     2243
   527                           	global	_VRR
   528  08C5                     _VRR  equ     2245
   529                           	global	_WPUB4
   530  08AC                     _WPUB4  equ     2220
   531                           	global	_WPUB5
   532  08AD                     _WPUB5  equ     2221
   533                           	global	_WPUB6
   534  08AE                     _WPUB6  equ     2222
   535                           	global	_WPUB7
   536  08AF                     _WPUB7  equ     2223
   537                           	global	_EECON1
   538  018C                     _EECON1  equ     396
   539                           	global	_EECON2
   540  018D                     _EECON2  equ     397
   541                           	global	_SRCON
   542  019E                     _SRCON  equ     414
   543                           	global	_C1SEN
   544  0CF5                     _C1SEN  equ     3317
   545                           	global	_C2REN
   546  0CF4                     _C2REN  equ     3316
   547                           	global	_PULSR
   548  0CF2                     _PULSR  equ     3314
   549                           	global	_PULSS
   550  0CF3                     _PULSS  equ     3315
   551                           	global	_RD
   552  0C60                     _RD  equ     3168
   553                           	global	_SR0
   554  0CF6                     _SR0  equ     3318
   555                           	global	_SR1
   556  0CF7                     _SR1  equ     3319
   557                           	global	_WR
   558  0C61                     _WR  equ     3169
   559                           	global	_WREN
   560  0C62                     _WREN  equ     3170
   561                           	global	_WRERR
   562  0C63                     _WRERR  equ     3171
   563                           	file	"KDU_KNL.as"
   564                           	line	#
   565                           psect cinit,class=CODE,delta=2
   566                           global start_initialization
   567  00C1                     start_initialization:
   568                           
   569                           psect	bssCOMMON,class=COMMON,space=1
   570                           global __pbssCOMMON
   571  0076                     __pbssCOMMON:
   572  0076                     _ToggleSkipFlag:
   573  0076                            ds      1
   574                           
   575  0077                     _flag:
   576  0077                            ds      1
   577                           
   578                           ; Clear objects allocated to COMMON
   579                           psect cinit,class=CODE,delta=2
   580  00C1  01F6               	clrf	((__pbssCOMMON)+0)&07Fh
   581  00C2  01F7               	clrf	((__pbssCOMMON)+1)&07Fh
   582                           psect cinit,class=CODE,delta=2
   583                           global end_of_initialization
   584                           
   585                           ;End of C runtime variable initationation code
   586                           
   587  00C3                     end_of_initialization:
   588  00C3  0183               clrf status
   589  00C4  2848               ljmp _main	;jump to C main() function
   590                           psect	cstackCOMMON,class=COMMON,space=1
   591                           global __pcstackCOMMON
   592  0070                     __pcstackCOMMON:
   593                           	global	??_ToggleBuzzErrorLED
   594  0070                     ??_ToggleBuzzErrorLED: ;@ 0x0
   595                           	global	?_PowerInit
   596  0070                     ?_PowerInit: ;@ 0x0
   597                           	global	??_DelayMs
   598  0070                     ??_DelayMs: ;@ 0x0
   599                           	global	?_ToggleBuzzErrorLED
   600  0070                     ?_ToggleBuzzErrorLED: ;@ 0x0
   601                           	global	??_PowerInit
   602  0070                     ??_PowerInit: ;@ 0x0
   603                           	global	??_main
   604  0070                     ??_main: ;@ 0x0
   605                           	global	DelayMs@i
   606  0070                     DelayMs@i:	; 2 bytes @ 0x0
   607  0070                     	ds	2
   608                           	global	DelayMs@j
   609  0072                     DelayMs@j:	; 2 bytes @ 0x2
   610  0072                     	ds	2
   611                           	global	?_DelayMs
   612  0074                     ?_DelayMs: ;@ 0x4
   613                           	global	DelayMs@TimeCnt
   614  0074                     DelayMs@TimeCnt:	; 2 bytes @ 0x4
   615  0074                     	ds	2
   616                           	global	?_isr
   617  0076                     ?_isr: ;@ 0x6
   618                           	global	?_main
   619  0076                     ?_main: ;@ 0x6
   620                           psect	cstackBANK0,class=BANK0,space=1
   621                           global __pcstackBANK0
   622  0020                     __pcstackBANK0:
   623                           	global	??_isr
   624  0020                     ??_isr: ;@ 0x0
   625  0020                     	ds	4
   626                           ;Data sizes: Strings 0, constant 0, data 0, bss 2, persistent 0 stack 0
   627                           ;Auto spaces:   Size  Autos    Used
   628                           ; COMMON          14      6       8
   629                           ; BANK0           80      5       5
   630                           ; BANK1           32      0       0
   631                           
   632                           
   633                           ;Pointer list with targets:
   634                           
   635                           
   636                           
   637                           ;Main: autosize = 0, tempsize = 0, incstack = 0, save=0
   638                           
   639                           
   640                           ;Call graph:                      Base Space Used Autos Args Refs Density
   641                           ;_main                                                1    0   40   0.00
   642                           ;          _PowerInit
   643                           ;            _DelayMs
   644                           ; _ToggleBuzzErrorLED
   645                           ;  _ToggleBuzzErrorLED                                0    0    0   0.00
   646                           ;  _DelayMs                                           4    2   40   0.00
   647                           ;                                    0 COMMO    6
   648                           ;  _PowerInit                                         0    0    0   0.00
   649                           ; Estimated maximum call depth 1
   650                           ;_isr                                                 5    0    3   0.00
   651                           ;                                    0 BANK0    5
   652                           ; Estimated maximum call depth 0
   653                           ; Address spaces:
   654                           
   655                           ;Name               Size   Autos  Total    Cost      Usage
   656                           ;BITCOMMON            E      0       0       0        0.0%
   657                           ;CODE                 0      0       0       0        0.0%
   658                           ;NULL                 0      0       0       0        0.0%
   659                           ;COMMON               E      6       8       1       57.1%
   660                           ;SFR0                 0      0       0       1        0.0%
   661                           ;BITSFR0              0      0       0       1        0.0%
   662                           ;SFR1                 0      0       0       2        0.0%
   663                           ;BITSFR1              0      0       0       2        0.0%
   664                           ;STACK                0      0       0       2        0.0%
   665                           ;ABS                  0      0       D       3        0.0%
   666                           ;BITBANK0            50      0       0       4        0.0%
   667                           ;BITSFR3              0      0       0       4        0.0%
   668                           ;SFR3                 0      0       0       4        0.0%
   669                           ;BANK0               50      5       5       5        6.3%
   670                           ;BITSFR2              0      0       0       5        0.0%
   671                           ;SFR2                 0      0       0       5        0.0%
   672                           ;BITBANK1            20      0       0       6        0.0%
   673                           ;BANK1               20      0       0       7        0.0%
   674                           ;DATA                 0      0       D       8        0.0%
   675                           ;EEDATA             100      0       0    1000        0.0%
   676                           
   677                           	global	_main
   678                           psect	maintext,local,class=CODE,delta=2
   679                           global __pmaintext
   680  0048                     __pmaintext:
   681                           
   682                           ; *************** function _main *****************
   683                           ; Defined at:
   684                           ;		line 100 in file "D:\Amit\E-Projects\PIC Projects\Knock-N-Lock KDU\main.c"
   685                           ; Parameters:    Size  Location     Type
   686                           ;		None
   687                           ; Auto vars:     Size  Location     Type
   688                           ;  PowerOnBeep     1    0        unsigned char 
   689                           ; Return value:  Size  Location     Type
   690                           ;		None               void
   691                           ; Registers used:
   692                           ;		wreg, status,2, status,0, pclath, cstack
   693                           ; Tracked objects:
   694                           ;		On entry : 17F/0
   695                           ;		On exit  : 0/0
   696                           ;		Unchanged: 0/0
   697                           ; Data sizes:     COMMON   BANK0   BANK1
   698                           ;      Locals:         0       0       0
   699                           ;      Temp:     0
   700                           ;      Total:    0
   701                           ; This function calls:
   702                           ;		_PowerInit
   703                           ;		_DelayMs
   704                           ;		_ToggleBuzzErrorLED
   705                           ; This function is called by:
   706                           ;		Startup code after reset
   707                           ; This function uses a non-reentrant model
   708                           ; 
   709                           psect	maintext
   710                           	file	"D:\Amit\E-Projects\PIC Projects\Knock-N-Lock KDU\main.c"
   711                           	line	100
   712                           	global	__size_of_main
   713  0033                     	__size_of_main	equ	__end_of_main-_main
   714                           ;main.c: 99: void main(void)
   715                           ;main.c: 100: {
   716                           	
   717  0048                     _main:	
   718                           	opt stack 7
   719                           ; Regs used in _main: [wreg+status,2+status,0+pclath+cstack]
   720                           	line	102
   721                           	
   722  0048                     l30000367:	
   723                           ;main.c: 101: unsigned char PowerOnBeep;
   724                           ;main.c: 102: PowerInit();
   725  0048  2011               	fcall	_PowerInit
   726                           	line	103
   727                           ;main.c: 103: DelayMs(100);
   728  0049  3064               	movlw	low(064h)
   729  004A  00F4               	movwf	(?_DelayMs)
   730  004B  3000               	movlw	high(064h)
   731  004C  00F5               	movwf	((?_DelayMs))+1
   732  004D  207B               	fcall	_DelayMs
   733                           	
   734  004E                     l30000368:	
   735                           	line	105
   736                           ;main.c: 105: RC0=0x01;
   737  004E  1283               	bcf	status, 5	;RP0=0, select bank0
   738  004F  1303               	bcf	status, 6	;RP1=0, select bank0
   739  0050  1407               	bsf	(56/8),(56)&7
   740                           	line	106
   741                           ;main.c: 106: DelayMs(1000);
   742  0051  30E8               	movlw	low(03E8h)
   743  0052  00F4               	movwf	(?_DelayMs)
   744  0053  3003               	movlw	high(03E8h)
   745  0054  00F5               	movwf	((?_DelayMs))+1
   746  0055  207B               	fcall	_DelayMs
   747                           	
   748  0056                     l30000369:	
   749                           	line	107
   750                           ;main.c: 107: RC1=0x00;
   751  0056  1283               	bcf	status, 5	;RP0=0, select bank0
   752  0057  1303               	bcf	status, 6	;RP1=0, select bank0
   753  0058  1087               	bcf	(57/8),(57)&7
   754                           	
   755  0059                     l30000370:	
   756                           	line	108
   757                           ;main.c: 108: RC0=0x00;
   758  0059  1007               	bcf	(56/8),(56)&7
   759  005A  2860               	goto	l30000372
   760                           	
   761  005B                     l30000371:	
   762                           	line	115
   763                           ;main.c: 114: {
   764                           ;main.c: 115: DelayMs(300);
   765  005B  302C               	movlw	low(012Ch)
   766  005C  00F4               	movwf	(?_DelayMs)
   767  005D  3001               	movlw	high(012Ch)
   768  005E  00F5               	movwf	((?_DelayMs))+1
   769  005F  207B               	fcall	_DelayMs
   770                           	
   771  0060                     l30000372:	
   772                           	line	113
   773  0060  1283               	bcf	status, 5	;RP0=0, select bank0
   774  0061  1303               	bcf	status, 6	;RP1=0, select bank0
   775  0062  1D07               	btfss	(58/8),(58)&7
   776  0063  2865               	goto	u31
   777  0064  2866               	goto	u30
   778  0065                     u31:
   779  0065  285B               	goto	l30000371
   780  0066                     u30:
   781                           	
   782  0066                     l20:	
   783                           	line	117
   784  0066  1A05               	btfsc	(44/8),(44)&7
   785  0067  2869               	goto	u41
   786  0068  286A               	goto	u40
   787  0069                     u41:
   788  0069  2866               	goto	l20
   789  006A                     u40:
   790  006A  2871               	goto	l30000374
   791                           	
   792  006B                     l30000373:	
   793                           	line	121
   794                           ;main.c: 120: {
   795                           ;main.c: 121: DelayMs(500);
   796  006B  30F4               	movlw	low(01F4h)
   797  006C  00F4               	movwf	(?_DelayMs)
   798  006D  3001               	movlw	high(01F4h)
   799  006E  00F5               	movwf	((?_DelayMs))+1
   800  006F  207B               	fcall	_DelayMs
   801                           	line	122
   802                           ;main.c: 122: ToggleBuzzErrorLED();
   803  0070  20BA               	fcall	_ToggleBuzzErrorLED
   804                           	
   805  0071                     l30000374:	
   806                           	line	119
   807  0071  1283               	bcf	status, 5	;RP0=0, select bank0
   808  0072  1303               	bcf	status, 6	;RP1=0, select bank0
   809  0073  1907               	btfsc	(58/8),(58)&7
   810  0074  2876               	goto	u51
   811  0075  2877               	goto	u50
   812  0076                     u51:
   813  0076  286B               	goto	l30000373
   814  0077                     u50:
   815                           	
   816  0077                     l25:	
   817                           	line	125
   818                           ;main.c: 123: }
   819                           ;main.c: 125: RC1=0x00;
   820  0077  1087               	bcf	(57/8),(57)&7
   821                           	line	126
   822                           ;main.c: 126: RC0=0x00;
   823  0078  1007               	bcf	(56/8),(56)&7
   824  0079  2860               	goto	l30000372
   825                           	global	start
   826  007A  2810               	ljmp	start
   827                           	opt stack 0
   828                           GLOBAL	__end_of_main
   829  007B                     	__end_of_main:
   830                           ; =============== function _main ends ============
   831                           
   832                           psect	maintext
   833                           	line	131
   834                           	signat	_main,88
   835                           	global	_ToggleBuzzErrorLED
   836                           psect	text26,local,class=CODE,delta=2
   837                           global __ptext26
   838  00BA                     __ptext26:
   839                           
   840                           ; *************** function _ToggleBuzzErrorLED *****************
   841                           ; Defined at:
   842                           ;		line 84 in file "D:\Amit\E-Projects\PIC Projects\Knock-N-Lock KDU\main.c"
   843                           ; Parameters:    Size  Location     Type
   844                           ;		None
   845                           ; Auto vars:     Size  Location     Type
   846                           ;		None
   847                           ; Return value:  Size  Location     Type
   848                           ;		None               void
   849                           ; Registers used:
   850                           ;		wreg
   851                           ; Tracked objects:
   852                           ;		On entry : 0/0
   853                           ;		On exit  : 0/0
   854                           ;		Unchanged: 0/0
   855                           ; Data sizes:     COMMON   BANK0   BANK1
   856                           ;      Locals:         0       0       0
   857                           ;      Temp:     0
   858                           ;      Total:    0
   859                           ; This function calls:
   860                           ;		Nothing
   861                           ; This function is called by:
   862                           ;		_main
   863                           ; This function uses a non-reentrant model
   864                           ; 
   865                           psect	text26
   866                           	file	"D:\Amit\E-Projects\PIC Projects\Knock-N-Lock KDU\main.c"
   867                           	line	84
   868                           	global	__size_of_ToggleBuzzErrorLED
   869  0007                     	__size_of_ToggleBuzzErrorLED	equ	__end_of_ToggleBuzzErrorLED-_ToggleBuzzErrorLED
   870                           ;main.c: 83: void ToggleBuzzErrorLED(void)
   871                           ;main.c: 84: {
   872                           	
   873  00BA                     _ToggleBuzzErrorLED:	
   874                           	opt stack 6
   875                           ; Regs used in _ToggleBuzzErrorLED: [wreg]
   876                           	line	85
   877                           	
   878  00BA                     l30000363:	
   879                           ;main.c: 85: RC1 = ~RC1;
   880  00BA  3002               	movlw	1<<((57)&7)
   881  00BB  1283               	bcf	status, 5	;RP0=0, select bank0
   882  00BC  1303               	bcf	status, 6	;RP1=0, select bank0
   883  00BD  0687               	xorwf	((57)/8),f
   884                           	line	86
   885                           ;main.c: 86: RC0 = ~RC0;
   886  00BE  3001               	movlw	1<<((56)&7)
   887  00BF  0687               	xorwf	((56)/8),f
   888                           	
   889  00C0                     l11:	
   890  00C0  0008               	return
   891                           	opt stack 0
   892                           GLOBAL	__end_of_ToggleBuzzErrorLED
   893  00C1                     	__end_of_ToggleBuzzErrorLED:
   894                           ; =============== function _ToggleBuzzErrorLED ends ============
   895                           
   896                           psect	text27,local,class=CODE,delta=2
   897                           global __ptext27
   898  007B                     __ptext27:
   899                           	line	88
   900                           	signat	_ToggleBuzzErrorLED,88
   901                           	global	_DelayMs
   902                           
   903                           ; *************** function _DelayMs *****************
   904                           ; Defined at:
   905                           ;		line 57 in file "D:\Amit\E-Projects\PIC Projects\Knock-N-Lock KDU\main.c"
   906                           ; Parameters:    Size  Location     Type
   907                           ;  TimeCnt         2    4[COMMON] unsigned int 
   908                           ; Auto vars:     Size  Location     Type
   909                           ;  j               2    2[COMMON] unsigned int 
   910                           ;  i               2    0[COMMON] unsigned int 
   911                           ; Return value:  Size  Location     Type
   912                           ;		None               void
   913                           ; Registers used:
   914                           ;		wreg
   915                           ; Tracked objects:
   916                           ;		On entry : 0/0
   917                           ;		On exit  : 0/0
   918                           ;		Unchanged: 0/0
   919                           ; Data sizes:     COMMON   BANK0   BANK1
   920                           ;      Locals:         6       0       0
   921                           ;      Temp:     0
   922                           ;      Total:    6
   923                           ; This function calls:
   924                           ;		Nothing
   925                           ; This function is called by:
   926                           ;		_main
   927                           ; This function uses a non-reentrant model
   928                           ; 
   929                           psect	text27
   930                           	file	"D:\Amit\E-Projects\PIC Projects\Knock-N-Lock KDU\main.c"
   931                           	line	57
   932                           	global	__size_of_DelayMs
   933  0029                     	__size_of_DelayMs	equ	__end_of_DelayMs-_DelayMs
   934                           ;main.c: 56: void DelayMs(unsigned int TimeCnt)
   935                           ;main.c: 57: {
   936                           	
   937  007B                     _DelayMs:	
   938                           	opt stack 6
   939                           ; Regs used in _DelayMs: [wreg]
   940                           	line	59
   941                           	
   942  007B                     l30000358:	
   943                           ;main.c: 58: unsigned int i,j;
   944                           ;main.c: 59: for(i=0;i<TimeCnt;i++)
   945  007B  3000               	movlw	low(0)
   946  007C  00F0               	movwf	(DelayMs@i)
   947  007D  3000               	movlw	high(0)
   948  007E  00F1               	movwf	((DelayMs@i))+1
   949  007F  2899               	goto	l6
   950                           	
   951  0080                     l30000359:	
   952                           	line	61
   953                           ;main.c: 60: {
   954                           ;main.c: 61: for(j=0;j<50;j++);
   955  0080  3000               	movlw	low(0)
   956  0081  00F2               	movwf	(DelayMs@j)
   957  0082  3000               	movlw	high(0)
   958  0083  00F3               	movwf	((DelayMs@j))+1
   959                           	
   960  0084                     l30000361:	
   961  0084  3001               	movlw	low(01h)
   962  0085  07F2               	addwf	(DelayMs@j),f
   963  0086  1803               	skipnc
   964  0087  0AF3               	incf	(DelayMs@j+1),f
   965  0088  3000               	movlw	high(01h)
   966  0089  07F3               	addwf	(DelayMs@j+1),f
   967  008A  3000               	movlw	high(032h)
   968  008B  0273               	subwf	(DelayMs@j+1),w
   969  008C  3032               	movlw	low(032h)
   970  008D  1903               	skipnz
   971  008E  0272               	subwf	(DelayMs@j),w
   972  008F  1C03               	skipc
   973  0090  2892               	goto	u11
   974  0091  2893               	goto	u10
   975  0092                     u11:
   976  0092  2884               	goto	l30000361
   977  0093                     u10:
   978                           	
   979  0093                     l30000362:	
   980                           	line	59
   981  0093  3001               	movlw	low(01h)
   982  0094  07F0               	addwf	(DelayMs@i),f
   983  0095  1803               	skipnc
   984  0096  0AF1               	incf	(DelayMs@i+1),f
   985  0097  3000               	movlw	high(01h)
   986  0098  07F1               	addwf	(DelayMs@i+1),f
   987                           	
   988  0099                     l6:	
   989  0099  0875               	movf	(DelayMs@TimeCnt+1),w
   990  009A  0271               	subwf	(DelayMs@i+1),w
   991  009B  1D03               	skipz
   992  009C  289F               	goto	u25
   993  009D  0874               	movf	(DelayMs@TimeCnt),w
   994  009E  0270               	subwf	(DelayMs@i),w
   995  009F                     u25:
   996  009F  1C03               	skipc
   997  00A0  28A2               	goto	u21
   998  00A1  28A3               	goto	u20
   999  00A2                     u21:
  1000  00A2  2880               	goto	l30000359
  1001  00A3                     u20:
  1002                           	
  1003  00A3                     l2:	
  1004  00A3  0008               	return
  1005                           	opt stack 0
  1006                           GLOBAL	__end_of_DelayMs
  1007  00A4                     	__end_of_DelayMs:
  1008                           ; =============== function _DelayMs ends ============
  1009                           
  1010                           psect	text28,local,class=CODE,delta=2
  1011                           global __ptext28
  1012  0011                     __ptext28:
  1013                           	line	63
  1014                           	signat	_DelayMs,4216
  1015                           	global	_PowerInit
  1016                           
  1017                           ; *************** function _PowerInit *****************
  1018                           ; Defined at:
  1019                           ;		line 18 in file "D:\Amit\E-Projects\PIC Projects\Knock-N-Lock KDU\main.c"
  1020                           ; Parameters:    Size  Location     Type
  1021                           ;		None
  1022                           ; Auto vars:     Size  Location     Type
  1023                           ;		None
  1024                           ; Return value:  Size  Location     Type
  1025                           ;		None               void
  1026                           ; Registers used:
  1027                           ;		wreg, status,2, status,0
  1028                           ; Tracked objects:
  1029                           ;		On entry : 0/0
  1030                           ;		On exit  : 0/0
  1031                           ;		Unchanged: 0/0
  1032                           ; Data sizes:     COMMON   BANK0   BANK1
  1033                           ;      Locals:         0       0       0
  1034                           ;      Temp:     0
  1035                           ;      Total:    0
  1036                           ; This function calls:
  1037                           ;		Nothing
  1038                           ; This function is called by:
  1039                           ;		_main
  1040                           ; This function uses a non-reentrant model
  1041                           ; 
  1042                           psect	text28
  1043                           	file	"D:\Amit\E-Projects\PIC Projects\Knock-N-Lock KDU\main.c"
  1044                           	line	18
  1045                           	global	__size_of_PowerInit
  1046  0037                     	__size_of_PowerInit	equ	__end_of_PowerInit-_PowerInit
  1047                           ;pic16f685.h: 21: volatile unsigned char INDF @ 0x000;
  1048                           ;pic16f685.h: 22: volatile unsigned char TMR0 @ 0x001;
  1049                           ;pic16f685.h: 23: volatile unsigned char PCL @ 0x002;
  1050                           ;pic16f685.h: 24: volatile unsigned char STATUS @ 0x003;
  1051                           ;pic16f685.h: 25: unsigned char FSR @ 0x004;
  1052                           ;pic16f685.h: 26: volatile unsigned char PORTA @ 0x005;
  1053                           ;pic16f685.h: 27: volatile unsigned char PORTB @ 0x006;
  1054                           ;pic16f685.h: 28: volatile unsigned char PORTC @ 0x007;
  1055                           ;pic16f685.h: 29: volatile unsigned char PCLATH @ 0x00A;
  1056                           ;pic16f685.h: 30: volatile unsigned char INTCON @ 0x00B;
  1057                           	
  1058  0011                     _PowerInit:	
  1059                           	opt stack 6
  1060                           ; Regs used in _PowerInit: [wreg+status,2+status,0]
  1061                           	line	19
  1062                           	
  1063  0011                     l30000347:	
  1064                           ;main.c: 19: IRCF0=0x00;
  1065  0011  1683               	bsf	status, 5	;RP0=1, select bank1
  1066  0012  1303               	bcf	status, 6	;RP1=0, select bank1
  1067  0013  120F               	bcf	(1148/8)^080h,(1148)&7
  1068                           	line	20
  1069                           ;main.c: 20: SCS=0x01;
  1070  0014  140F               	bsf	(1144/8)^080h,(1144)&7
  1071                           	line	21
  1072                           ;main.c: 21: IRCF1=0x01;
  1073  0015  168F               	bsf	(1149/8)^080h,(1149)&7
  1074                           	line	22
  1075                           ;main.c: 22: IRCF2=0x01;
  1076  0016  170F               	bsf	(1150/8)^080h,(1150)&7
  1077                           	
  1078  0017                     l30000348:	
  1079                           	line	24
  1080                           ;main.c: 24: OSCTUNE=0x00;
  1081  0017  1003               	clrc
  1082  0018  3000               	movlw	0
  1083  0019  1803               	btfsc	status,0
  1084  001A  3001               	movlw	1
  1085  001B  0090               	movwf	(144)^080h
  1086                           	line	26
  1087                           ;main.c: 26: CM1CON0=0x00;
  1088  001C  1003               	clrc
  1089  001D  3000               	movlw	0
  1090  001E  1803               	btfsc	status,0
  1091  001F  3001               	movlw	1
  1092  0020  1283               	bcf	status, 5	;RP0=0, select bank2
  1093  0021  1703               	bsf	status, 6	;RP1=1, select bank2
  1094  0022  0099               	movwf	(281)^0100h	;volatile
  1095                           	line	27
  1096                           ;main.c: 27: ANSEL=0x00;
  1097  0023  1003               	clrc
  1098  0024  3000               	movlw	0
  1099  0025  1803               	btfsc	status,0
  1100  0026  3001               	movlw	1
  1101  0027  009E               	movwf	(286)^0100h
  1102                           	line	28
  1103                           ;main.c: 28: ANSELH=0x00;
  1104  0028  1003               	clrc
  1105  0029  3000               	movlw	0
  1106  002A  1803               	btfsc	status,0
  1107  002B  3001               	movlw	1
  1108  002C  009F               	movwf	(287)^0100h
  1109                           	
  1110  002D                     l30000349:	
  1111                           	line	30
  1112                           ;main.c: 30: TRISC1=0x00;
  1113  002D  1683               	bsf	status, 5	;RP0=1, select bank1
  1114  002E  1303               	bcf	status, 6	;RP1=0, select bank1
  1115  002F  1087               	bcf	(1081/8)^080h,(1081)&7
  1116                           	
  1117  0030                     l30000350:	
  1118                           	line	31
  1119                           ;main.c: 31: RC1=0x00;
  1120  0030  1283               	bcf	status, 5	;RP0=0, select bank0
  1121  0031  1303               	bcf	status, 6	;RP1=0, select bank0
  1122  0032  1087               	bcf	(57/8),(57)&7
  1123                           	
  1124  0033                     l30000351:	
  1125                           	line	33
  1126                           ;main.c: 33: TRISC2=0x01;
  1127  0033  1683               	bsf	status, 5	;RP0=1, select bank1
  1128  0034  1303               	bcf	status, 6	;RP1=0, select bank1
  1129  0035  1507               	bsf	(1082/8)^080h,(1082)&7
  1130                           	
  1131  0036                     l30000352:	
  1132                           	line	38
  1133                           ;main.c: 38: TRISA4=0x01;
  1134  0036  1605               	bsf	(1068/8)^080h,(1068)&7
  1135                           	
  1136  0037                     l30000353:	
  1137                           	line	40
  1138                           ;main.c: 40: TRISC0=0x00;
  1139  0037  1007               	bcf	(1080/8)^080h,(1080)&7
  1140                           	
  1141  0038                     l30000354:	
  1142                           	line	42
  1143                           ;main.c: 42: TRISA2=0x01;
  1144  0038  1505               	bsf	(1066/8)^080h,(1066)&7
  1145                           	
  1146  0039                     l30000355:	
  1147                           	line	43
  1148                           ;main.c: 43: RC0=0x00;
  1149  0039  1283               	bcf	status, 5	;RP0=0, select bank0
  1150  003A  1303               	bcf	status, 6	;RP1=0, select bank0
  1151  003B  1007               	bcf	(56/8),(56)&7
  1152                           	
  1153  003C                     l30000356:	
  1154                           	line	45
  1155                           ;main.c: 45: TRISC6=0x00;
  1156  003C  1683               	bsf	status, 5	;RP0=1, select bank1
  1157  003D  1303               	bcf	status, 6	;RP1=0, select bank1
  1158  003E  1307               	bcf	(1086/8)^080h,(1086)&7
  1159                           	
  1160  003F                     l30000357:	
  1161                           	line	46
  1162                           ;main.c: 46: TRISC7=0x00;
  1163  003F  1387               	bcf	(1087/8)^080h,(1087)&7
  1164                           	line	49
  1165                           ;main.c: 49: EECON1=0x00;
  1166  0040  1003               	clrc
  1167  0041  3000               	movlw	0
  1168  0042  1803               	btfsc	status,0
  1169  0043  3001               	movlw	1
  1170  0044  1683               	bsf	status, 5	;RP0=1, select bank3
  1171  0045  1703               	bsf	status, 6	;RP1=1, select bank3
  1172  0046  008C               	movwf	(396)^0180h	;volatile
  1173                           	
  1174  0047                     l1:	
  1175  0047  0008               	return
  1176                           	opt stack 0
  1177                           GLOBAL	__end_of_PowerInit
  1178  0048                     	__end_of_PowerInit:
  1179                           ; =============== function _PowerInit ends ============
  1180                           
  1181                           psect	text29,local,class=CODE,delta=2
  1182                           global __ptext29
  1183  00A4                     __ptext29:
  1184                           	line	54
  1185                           	signat	_PowerInit,88
  1186                           	global	_isr
  1187                           
  1188                           ; *************** function _isr *****************
  1189                           ; Defined at:
  1190                           ;		line 92 in file "D:\Amit\E-Projects\PIC Projects\Knock-N-Lock KDU\main.c"
  1191                           ; Parameters:    Size  Location     Type
  1192                           ;		None
  1193                           ; Auto vars:     Size  Location     Type
  1194                           ;  i               1    0        unsigned char 
  1195                           ; Return value:  Size  Location     Type
  1196                           ;		None               void
  1197                           ; Registers used:
  1198                           ;		wreg, status,2, status,0
  1199                           ; Tracked objects:
  1200                           ;		On entry : 0/0
  1201                           ;		On exit  : 0/0
  1202                           ;		Unchanged: 0/0
  1203                           ; Data sizes:     COMMON   BANK0   BANK1
  1204                           ;      Locals:         0       5       0
  1205                           ;      Temp:     4
  1206                           ;      Total:    5
  1207                           ; This function calls:
  1208                           ;		Nothing
  1209                           ; This function is called by:
  1210                           ;		Interrupt level 1
  1211                           ; This function uses a non-reentrant model
  1212                           ; 
  1213                           psect	text29
  1214                           	file	"D:\Amit\E-Projects\PIC Projects\Knock-N-Lock KDU\main.c"
  1215                           	line	92
  1216                           	global	__size_of_isr
  1217  0016                     	__size_of_isr	equ	__end_of_isr-_isr
  1218                           ;main.c: 91: static void interrupt isr(void)
  1219                           ;main.c: 92: {
  1220                           	
  1221  00A4                     _isr:	
  1222                           	opt stack 7
  1223                           ; Regs used in _isr: [wreg+status,2+status,0]
  1224                           psect	intentry,class=CODE,delta=2
  1225                           global __pintentry
  1226  0004                     __pintentry:
  1227                           global interrupt_function
  1228  0004                     interrupt_function:
  1229                           	global saved_w
  1230  007F                     	saved_w	set	btemp+1
  1231  0004  00FF               	movwf	saved_w
  1232  0005  0803               	movf	status,w
  1233  0006  1283               	bcf	status, 5	;RP0=0, select bank0
  1234  0007  1303               	bcf	status, 6	;RP1=0, select bank0
  1235  0008  00A0               	movwf	(??_isr+0)
  1236  0009  0804               	movf	fsr0,w
  1237  000A  00A1               	movwf	(??_isr+1)
  1238  000B  080A               	movf	pclath,w
  1239  000C  00A2               	movwf	(??_isr+2)
  1240  000D  087E               	movf	btemp+0,w
  1241  000E  00A3               	movwf	(??_isr+3)
  1242  000F  28A4               	ljmp	_isr
  1243                           psect	text29
  1244                           	line	94
  1245                           	
  1246  00A4                     i1l30000378:	
  1247  00A4  0805               	movf	(5),w	;volatile
  1248                           	
  1249  00A5                     i1l30000379:	
  1250                           	line	95
  1251                           ;main.c: 95: RABIF=0x00;
  1252  00A5  100B               	bcf	(88/8),(88)&7
  1253                           	
  1254  00A6                     i1l30000380:	
  1255                           	line	96
  1256                           ;main.c: 96: IOCA=0x00;
  1257  00A6  1003               	clrc
  1258  00A7  3000               	movlw	0
  1259  00A8  1803               	btfsc	status,0
  1260  00A9  3001               	movlw	1
  1261  00AA  1683               	bsf	status, 5	;RP0=1, select bank1
  1262  00AB  1303               	bcf	status, 6	;RP1=0, select bank1
  1263  00AC  0096               	movwf	(150)^080h
  1264                           	
  1265  00AD                     i1l12:	
  1266  00AD  1283               	bcf	status, 5	;RP0=0, select bank0
  1267  00AE  1303               	bcf	status, 6	;RP1=0, select bank0
  1268  00AF  0823               	movf	(??_isr+3),w
  1269  00B0  00FE               	movwf	btemp+0
  1270  00B1  0822               	movf	(??_isr+2),w
  1271  00B2  008A               	movwf	pclath
  1272  00B3  0821               	movf	(??_isr+1),w
  1273  00B4  0084               	movwf	fsr0
  1274  00B5  0820               	movf	(??_isr+0),w
  1275  00B6  0083               	movwf	status
  1276  00B7  0EFF               	swapf	saved_w,f
  1277  00B8  0E7F               	swapf	saved_w,w
  1278  00B9  0009               	retfie
  1279                           	opt stack 0
  1280                           GLOBAL	__end_of_isr
  1281  00BA                     	__end_of_isr:
  1282                           ; =============== function _isr ends ============
  1283                           
  1284                           psect	text30,local,class=CODE,delta=2
  1285                           global __ptext30
  1286  00C5                     __ptext30:
  1287                           	line	97
  1288                           	signat	_isr,88
  1289                           	global	btemp
  1290  007E                     	btemp set 07Eh


HI-TECH Software PICC Macro Assembler V9.70 build 5239 
Symbol Table                                                                                   Mon Oct 29 16:18:22 2012

           __size_of_DelayMs 0029                            l1 0047                            l2 00A3  
                          l6 0099               _ToggleSkipFlag 0076                           l11 00C0  
                         l20 0066                           _DA 04A5                           _BF 04A0  
                         _DC 0019                           l25 0077                           _PD 001B  
                         _RD 0C60                           u10 0093                           u11 0092  
                         _UA 04A1                           u20 00A3                           u21 00A2  
                         u30 0066                           u31 0065                           u40 006A  
                         u25 009F                           u41 0069                           u50 0077  
                         u51 0076                           _TO 001C                           _RW 04A2  
                         _WR 0C61                  __pbssCOMMON 0076                          _C1R 08CA  
                        _C2R 08D2                          _CKE 04A6                          _CKP 00A4  
                        _GIE 005F                          _BOR 0470                          _RA0 0028  
                        _RA1 0029                          _RA2 002A                          _RA3 002B  
                        _RC0 0038                          _RA4 002C                          _RC1 0039  
                        _RA5 002D                          _RC2 003A                          _RB4 0034  
                        _RC3 003B                          _RB5 0035                          _RC4 003C  
                        _RB6 0036                          _RC5 003D                          _RB7 0037  
                        _RC6 003E                          _RC7 003F                          _FSR 0004  
                        _PCL 0002                          _PS0 0408                          _PS1 0409  
                        _PS2 040A                          _RP0 001D                          _IRP 001F  
                        _RP1 001E                          _HTS 047A                          _SR0 0CF6  
                        _SR1 0CF7                          _SCS 0478                          _PSA 040B  
                        _LTS 0479                          _VR0 08C0                          _VR1 08C1  
                        _VR2 08C2                          _VR3 08C3                          _POR 0471  
                        _SMP 04A7                    _PowerInit 0011                          _VRR 08C5  
          __end_of_PowerInit 0048                          _isr 00A4                          fsr0 0004  
                 ?_PowerInit 0070          ?_ToggleBuzzErrorLED 0070                         _C1IE 046D  
                       _C1IF 006D                         _C2IE 046E                         _C2IF 006E  
                       _C1OE 08CD                         _C2OE 08D5                         _C1ON 08CF  
                       _C2ON 08D7                         _ADIE 0466                         _ADIF 0066  
                       _ADFM 00FF                         ?_isr 0076                     __ptext30 00C5  
                       _ADON 00F8                     __ptext25 00C5                     __ptext26 00BA  
                   __ptext27 007B                     __ptext28 0011                     __ptext29 00A4  
                       _CHS0 00FA                         _CHS1 00FB                         _CHS2 00FC  
                       _CHS3 00FD                         _EEIE 046C                         _EEIF 006C  
                       _ANS0 08F0                         _ANS1 08F1                         _ANS2 08F2  
                       _ANS3 08F3                         _ANS4 08F4                         _ANS5 08F5  
                       _ANS6 08F6                         _ANS7 08F7                         _ANS8 08F8  
                       _ANS9 08F9                         _T0IE 005D                         _T0IF 005A  
                       _T0CS 040D                         _T0SE 040C                         _IOCA 0096  
                       _IOCB 0116                         _INDF 0000                         _PIE1 008C  
                       _PIE2 008D                         _PEIE 005E                         i1l12 00AD  
                       _INTE 005C                         _INTF 0059                         _RBIE 005B  
                       _RBIF 0058                         _PCON 008E                         _PIR1 000C  
                       _PIR2 000D                         _RBPU 040F                         _VCFG 00FE  
                       _TMR0 0001                         _WCOL 00A7                         _OSTS 047B  
                       _TUN0 0480                         _TUN1 0481                         _TUN2 0482  
                       _TUN3 0483                         _TUN4 0484                         _STOP 04A4  
                       _ZERO 001A                         _WREN 0C62                         _WPUA 0095  
                       _WPUB 0115                  ??_PowerInit 0070              __end_of_DelayMs 00A4  
                       _flag 0077                         _main 0048                         btemp 007E  
                       start 0010            interrupt_function 0004          start_initialization 00C1  
                      ??_isr 0020                      _CM1CON0 0119                      _CM2CON0 011A  
                    _CM2CON1 011B                        _C1CH0 08C8                        _C1CH1 08C9  
                      _C2CH0 08D0                        _C2CH1 08D1                        _C1SEN 0CF5  
                      _C2REN 0CF4                        _C1POL 08CC                        _C2POL 08D4  
                      _C1OUT 08CE                        _C2OUT 08D6                        _ADCS0 04FC  
                      _ADCS1 04FD                        _ADCS2 04FE                        ?_main 0076  
                      _EEADR 010D                        _ANS10 08FA                        _EEDAT 010C  
                      _ANS11 08FB                        _CARRY 0018                        _ANSEL 011E  
                      _T1CON 0010                        _IOCA0 04B0                        _IOCA1 04B1  
                      _IOCA2 04B2                        _IOCA3 04B3                        _IOCA4 04B4  
                      _IOCA5 04B5                        _IOCB4 08B4                        _IOCB5 08B5  
                      _IOCB6 08B6                        _IOCB7 08B7                        _T1GSS 08D9  
                    _T1CKPS0 0084                      _T1CKPS1 0085                        _IRCF0 047C  
                      _IRCF1 047D                        _IRCF2 047E                        _RABIE 005B  
                      _RABIF 0058                        _RABPU 040F                        _OSFIE 046F  
                      _OSFIF 006F                        _VP6EN 08C4                        _TMR1H 000F  
                      _TMR1L 000E                        _PORTA 0005                        _PORTB 0006  
                    _T1OSCEN 0083                        _PORTC 0007                        _SRCON 019E  
                      _START 04A3                        _PULSR 0CF2                        _PULSS 0CF3  
                      _SSPM0 00A0                        _SSPM1 00A1                        _SSPM2 00A2  
                      _SSPM3 00A3                        _TRISA 0085                        _TRISB 0086  
                      _TRISC 0087                        _SSPIE 0463                        _SSPIF 0063  
                      _SSPEN 00A5                        _VRCON 0118                        _WPUA0 04A8  
                      _WPUA1 04A9                        _WPUA2 04AA                        _WPUA4 04AC  
                      _WPUA5 04AD                        _WPUB4 08AC                        _SSPOV 00A6  
                      _WPUB5 08AD                        _WPUB6 08AE                        _WPUB7 08AF  
                      _WRERR 0C63           __size_of_PowerInit 0037               __pcstackCOMMON 0070  
                    _OSCTUNE 0090                      _SSPSTAT 0094   __end_of_ToggleBuzzErrorLED 00C1  
                      pclath 000A                      _DelayMs 007B                     intlevel1 0004  
                      status 0003                     ?_DelayMs 0074                    ??_DelayMs 0070  
              __size_of_main 0033                     l30000350 0030                     l30000351 0033  
                   l30000352 0036                     l30000353 0037                     l30000361 0084  
                   l30000354 0038                     l30000362 0093                     l30000370 0059  
                   l30000355 0039                     l30000347 0011                     l30000363 00BA  
                   l30000371 005B                     l30000356 003C                     l30000348 0017  
                   l30000372 0060                     l30000357 003F                     l30000349 002D  
                   l30000373 006B                     l30000358 007B                     l30000374 0071  
                   l30000359 0080                     l30000367 0048                     l30000368 004E  
                   l30000369 0056                       ??_main 0070                   __pmaintext 0048  
       ??_ToggleBuzzErrorLED 0070                   __pintentry 0004                       _C1VREN 08C7  
                     _C2VREN 08C6                       _C2SYNC 08D8                       _ADCON0 001F  
                     _ADCON1 009F                       _ADRESH 001E                       _ADRESL 009E  
                     _EEADRL 010D                       _EEDATA 010C                       _EEDATL 010C  
                     _EECON1 018C                       _EECON2 018D                       _ANSELH 011F  
                     _MC1OUT 08DF                       _MC2OUT 08DE                 __end_of_main 007B  
                     _T1GINV 0087                       _GODONE 00F9         end_of_initialization 00C3  
                     _T1SYNC 0082                       _INTEDG 040E                       _PCLATH 000A  
                     _INTCON 000B                __pcstackBANK0 0020                       _SBOREN 0474  
                     _OSCCON 008F                       _TMR1GE 0086                       _TMR1IE 0460  
                     _TMR1IF 0060                       _TMR1CS 0081                       _OPTION 0081  
                     _TMR1ON 0080                       _WDTCON 0097                       _WDTPS0 04B9  
                     _WDTPS1 04BA                       _WDTPS2 04BB                       _WDTPS3 04BC  
                     _SSPADD 0093                       _TRISA0 0428                       _TRISA1 0429  
                     _TRISA2 042A                       _TRISA3 042B                       _TRISC0 0438  
                     _TRISA4 042C                       _TRISC1 0439                       _TRISA5 042D  
                     _TRISC2 043A                       _TRISB4 0434                       _TRISC3 043B  
                     _TRISB5 0435                       _TRISC4 043C                       _TRISB6 0436  
                     _TRISC5 043D                       _TRISB7 0437                       _TRISC6 043E  
                     _TRISC7 043F                       _STATUS 0003               DelayMs@TimeCnt 0074  
                     _SSPCON 0014                       _SSPBUF 0013                       _SWDTEN 04B8  
                     _ULPWUE 0475                       _SSPMSK 0093                     DelayMs@i 0070  
                   DelayMs@j 0072                 __size_of_isr 0016                   i1l30000380 00A6  
                 i1l30000378 00A4                   i1l30000379 00A5                  __end_of_isr 00BA  
         _ToggleBuzzErrorLED 00BA                       saved_w 007F  __size_of_ToggleBuzzErrorLED 0007  
