

HI-TECH Software PIC Macro Assembler V9.70 build 5239 
                                                      Mon Oct 29 16:18:22 2012


     1                           
     2                           	; HI-TECH C Compiler for PIC10/12/16 MCUs V9.7
                                 0
     3                           	; Copyright (C) 1984-2009 HI-TECH Software
     4                           
     5                           	; Auto-generated runtime startup code for fina
                                 l link stage.
     6                           
     7                           	;
     8                           	; Compiler options:
     9                           	;
    10                           	; -oKDU_KNL.cof -mKDU_KNL.map --summary=defaul
                                 t --output=default \
    11                           	; main.p1 --chip=16F677 -P --runtime=default -
                                 -opt=default -g --asmlist \
    12                           	; --errformat=Error   [%n] %f; %l.%c %s --msgf
                                 ormat=Advisory[%n] %s \
    13                           	; --warnformat=Warning [%n] %f; %l.%c %s
    14                           	;
    15                           
    16                           
    17                           	processor	16F677
    18                           
    19                           	global	_main,start,_exit,reset_vec
    20                           	fnroot	_main
    21                           	psect	config,class=CONFIG,delta=2
    22                           	psect	idloc,class=IDLOC,delta=2
    23                           	psect	temp,ovrld,class=BANK0,space=1
    24                           	psect	struct,ovrld,class=BANK0,space=1
    25                           	psect	code,class=CODE,delta=2
    26                           	psect	ptbit_0,class=BANK0,bit,space=1
    27                           	psect	powerup,class=CODE,delta=2
    28                           	psect	reset_vec,class=CODE,delta=2
    29                           	psect	maintext,class=CODE,delta=2
    30  0000                     	C	set	0
    31  0002                     	Z	set	2
    32  0002                     	PCL	set	2
    33  0000                     	INDF	set	0
    34                           
    35  0003                     	STATUS	equ	3
    36  000A                     	PCLATH	equ	0Ah
    37                           
    38                           	psect	eeprom_data,class=EEDATA,delta=2,space=2
    39                           	psect	intentry,class=CODE,delta=2
    40                           	global	intlevel0,intlevel1,intlevel2, intlevel
                                 3, intlevel4, intlevel5
    41  0004                     intlevel0:
    42  0004                     intlevel1:
    43  0004                     intlevel2:
    44  0004                     intlevel3:
    45  0004                     intlevel4:
    46  0004                     intlevel5:
    47                           	psect	intsave,class=BANK0,space=1
    48                           	psect	init,class=CODE,delta=2
    49                           	psect	cinit,class=CODE,delta=2
    50                           	psect	text,class=CODE,delta=2
    51                           	psect	end_init,class=CODE,delta=2
    52                           	psect	clrtext,class=CODE,delta=2
    53  0004                     	FSR	set	4
    54                           	psect	strings,class=CODE,delta=2,reloc=256
    55                           
    56                           	psect	reset_vec
    57  0000                     reset_vec:
    58                           	; No powerup routine
    59                           	global start
    60                           
    61                           ; jump to start
    62  0000  2810               	goto	start & 0x7FF | (reset_vec & not 0x7FF)
    63                           
    64                           
    65                           
    66                           	psect	init
    67  0010                     start
    68  0010                     _exit
    69                           	psect	end_init
    70                           	global start_initialization
    71  0010  28C1               	ljmp start_initialization	;jump to C runtime c
                                 lear & initialization


HI-TECH Software PICC Macro Assembler V9.70 build 5239 
Symbol Table                                          Mon Oct 29 16:18:22 2012

               _main 0048                 _exit 0010  
               start 0010  start_initialization 00C1  
           intlevel0 0004             intlevel1 0004  
           intlevel2 0004             intlevel3 0004  
           intlevel4 0004             intlevel5 0004  
           reset_vec 0000  
