

HI-TECH Software PIC PRO Macro Assembler V9.70 build 5239 
                                                                                               Mon Jan 02 16:34:29 2012

HI-TECH Software Omniscient Code Generator (PRO mode) build 5239
     1                           	processor	16F690
     2                           	opt	pw 120
     3                           	opt	pm
     4                           	psect	bitnvCOMMON,global,bit,class=COMMON,space=1,delta=1
     5                           	psect	cinit,global,class=CODE,delta=2
     6                           	psect	cstackCOMMON,global,class=COMMON,space=1,delta=1
     7                           	psect	maintext,local,class=CODE,delta=2
     8                           	psect	text13,local,class=CODE,delta=2
     9                           	psect	text14,local,class=CODE,delta=2
    10                           	psect	pa_nodes,global,class=CODE,delta=2
    11  000A                     
    12                           	psect	bitnvCOMMON
    13  03B8                     __pbitnvCOMMON:	;COMMON:	_main->_Delay
    14  03B8                     _a:
    15  03B8                     	ds	1
    16  0C63                     
    17                           	psect	cinit
    18  07BE                     start_initialization:
    19  07BE                     end_of_initialization:	;End of C runtime variable initationation code
    20  07BE  0183               	clrf	3
    21  07BF  118A  2FDF         	ljmp	_main	;jump to C main() function
    22                           
    23                           	psect	cstackCOMMON
    24  0070                     __pcstackCOMMON:
    25  0070                     ??_Delay:
    26                           ;@ 0x0
    27  0070                     	ds	2
    28  0072                     ??_main:
    29  0072                     Delay@u:	;@ 0x2
    30                           ; 2 bytes @ 0x2
    31  0072                     	ds	2
    32  0074                     Delay@val:
    33                           ; 1 bytes @ 0x4
    34  0074                     	ds	1
    35  0075                     Delay@v:
    36                           ; 2 bytes @ 0x5
    37  0075                     	ds	2
    38  0077                     ?_main:
    39  0077                     ?_Delay:	;@ 0x7
    40                           
    41                           	psect	maintext
    42  07DF                     __pmaintext:	;@ 0x7
    43                           ;Data sizes: Strings 0, constant 0, data 0, bss 0, persistent 0 stack 0
    44                           ;Auto spaces:   Size  Autos    Used
    45                           ; COMMON          14      7       8
    46                           ; BANK0           80      0       0
    47                           ; BANK1           80      0       0
    48                           ; BANK2           80      0       0
    49                           ;Pointer list with targets:
    50                           ;Main: autosize = 0, tempsize = 0, incstack = 0, save=0
    51                           ;Call graph:                      Base Space Used Autos Args Refs Density
    52                           ;_main                                                0    0   40   0.00
    53                           ;              _Delay
    54                           ;  _Delay                                             7    0   40   0.00
    55                           ;                                    0 COMMO    7
    56                           ; Estimated maximum call depth 1
    57                           ; Address spaces:
    58                           ;Name               Size   Autos  Total    Cost      Usage
    59                           ;BITCOMMON            E      0       1       0        7.1%
    60                           ;CODE                 0      0       0       0        0.0%
    61                           ;NULL                 0      0       0       0        0.0%
    62                           ;COMMON               E      7       8       1       57.1%
    63                           ;BITSFR0              0      0       0    
    64                           ; *************** function _main *****************
    65                           ; Defined at:
    66                           ;		line 12 in file "D:\Amit\PIC Projects\LED_Blink\LED_Blink.c"
    67                           ; Parameters:    Size  Location     Type
    68                           ;		None
    69                           ; Auto vars:     Size  Location     Type
    70                           ;		None
    71                           ; Return value:  Size  Location     Type
    72                           ;		None               void
    73                           ; Registers used:
    74                           ;		wreg, status,2, status,0, pclath, cstack
    75                           ; Tracked objects:
    76                           ;		On entry : 17F/0
    77                           ;		On exit  : 0/0
    78                           ;		Unchanged: FFE00/0
    79                           ; Data sizes:     COMMON   BANK0   BANK1   BANK2
    80                           ;      Locals:         0       0       0       0
    81                           ;      Temp:     0
    82                           ;      Total:    0
    83                           ; This function calls:
    84                           ;		_Delay
    85                           ; This function is called by:
    86                           ;		Startup code after reset
    87                           ; This function uses a non-reentrant model
    88                           ; 
    89  07DF                     _main:	;LED_Blink.c: 11: void main()
    90                           ;LED_Blink.c: 12: {
    91                           ;LED_Blink.c: 13: TRISB4=0;
    92                           ; Regs used in _main: [wreg+status,2+status,0+pclath+cstack]
    93  07DF  1683               	bsf	3,5	;RP0=1, select bank1
    94  07E0  1206               	bcf	6,4
    95                           ;LED_Blink.c: 14: TRISB5=0;
    96  07E1  1286               	bcf	6,5
    97                           ;LED_Blink.c: 15: a=0;
    98  07E2  1077               	bcf	_a/(0+8),_a& (0+7)
    99  07E3                     l30000452:
   100                           ;LED_Blink.c: 17: {
   101                           ;LED_Blink.c: 18: a=~a;
   102  07E3  3001               	movlw	(0+1) shl (_a& (0+7))
   103  07E4  06F7               	xorwf	_a/(0+8),f
   104                           ;LED_Blink.c: 19: RB4=~a;
   105  07E5  1877               	btfsc	_a/(0+8),_a& (0+7)
   106  07E6  2FEB               	goto	u30
   107  07E7  1283               	bcf	3,5	;RP0=0, select bank0
   108  07E8  1303               	bcf	3,6	;RP1=0, select bank0
   109  07E9  1606               	bsf	6,4
   110  07EA  2FEE               	goto	l30000454
   111  07EB                     u30:
   112  07EB  1283               	bcf	3,5	;RP0=0, select bank0
   113  07EC  1303               	bcf	3,6	;RP1=0, select bank0
   114  07ED  1206               	bcf	6,4
   115  07EE                     l30000454:
   116                           ;LED_Blink.c: 20: Delay(10);
   117  07EE  300A               	movlw	10
   118  07EF  118A  27C1  118A   	fcall	_Delay
   119                           ;LED_Blink.c: 21: RB5=a;
   120  07F2  1C77               	btfss	_a/(0+8),_a& (0+7)
   121  07F3  2FF8               	goto	u50
   122  07F4  1283               	bcf	3,5	;RP0=0, select bank0
   123  07F5  1303               	bcf	3,6	;RP1=0, select bank0
   124  07F6  1686               	bsf	6,5
   125  07F7  2FFB               	goto	l30000456
   126  07F8                     u50:
   127  07F8  1283               	bcf	3,5	;RP0=0, select bank0
   128  07F9  1303               	bcf	3,6	;RP1=0, select bank0
   129  07FA  1286               	bcf	6,5
   130  07FB                     l30000456:
   131                           ;LED_Blink.c: 22: Delay(10);
   132  07FB  300A               	movlw	10
   133  07FC  118A  27C1  118A   	fcall	_Delay
   134  07FF  2FE3               	goto	l30000452
   135  0800                     __end_of_main:
   136                           
   137                           	psect	text13
   138  07C1                     __ptext13:	; =============== function _main ends ============
   139                           ; *************** function _Delay *****************
   140                           ; Defined at:
   141                           ;		line 6 in file "D:\Amit\PIC Projects\LED_Blink\LED_Blink.c"
   142                           ; Parameters:    Size  Location     Type
   143                           ;  val             1    wreg     unsigned char 
   144                           ; Auto vars:     Size  Location     Type
   145                           ;  val             1    4[COMMON] unsigned char 
   146                           ;  v               2    5[COMMON] unsigned int 
   147                           ;  u               2    2[COMMON] unsigned int 
   148                           ; Return value:  Size  Location     Type
   149                           ;		None               void
   150                           ; Registers used:
   151                           ;		wreg, status,2, status,0
   152                           ; Tracked objects:
   153                           ;		On entry : 60/0
   154                           ;		On exit  : 0/0
   155                           ;		Unchanged: FFF9F/0
   156                           ; Data sizes:     COMMON   BANK0   BANK1   BANK2
   157                           ;      Locals:         7       0       0       0
   158                           ;      Temp:     2
   159                           ;      Total:    7
   160                           ; This function calls:
   161                           ;		Nothing
   162                           ; This function is called by:
   163                           ;		_main
   164                           ; This function uses a non-reentrant model
   165                           ; 
   166  07C1                     _Delay:	;pic16f685.h: 21: volatile unsigned char INDF @ 0x000;
   167                           ;pic16f685.h: 22: volatile unsigned char TMR0 @ 0x001;
   168                           ;pic16f685.h: 23: volatile unsigned char PCL @ 0x002;
   169                           ;pic16f685.h: 24: volatile unsigned char STATUS @ 0x003;
   170                           ;pic16f685.h: 25: unsigned char FSR @ 0x004;
   171                           ;pic16f685.h: 26: volatile unsigned char PORTA @ 0x005;
   172                           ;pic16f685.h: 27: volatile unsigned char PORTB @ 0x006;
   173                           ;pic16f685.h: 28: volatile unsigned char PORTC @ 0x007;
   174                           ;pic16f685.h: 29: volatile unsigned char PCLATH @ 0x00A;
   175                           ;pic16f685.h: 30: volatile unsigned char INTCON @ 0x00B;
   176                           ; Regs used in _Delay: [wreg+status,2+status,0]
   177                           ;Delay@val stored from wreg
   178  07C1  00F4               	movwf	Delay@val
   179                           ;LED_Blink.c: 7: unsigned int u,v;
   180                           ;LED_Blink.c: 8: for(u=0;u<val;u++)
   181  07C2  01F2               	clrf	Delay@u
   182  07C3  01F3               	clrf	Delay@u+1
   183  07C4                     l30000450:
   184  07C4  0874               	movf	Delay@val,w
   185  07C5  00F0               	movwf	??_Delay
   186  07C6  01F1               	clrf	??_Delay+1
   187  07C7  0871               	movf	??_Delay+1,w
   188  07C8  0273               	subwf	Delay@u+1,w
   189  07C9  1D03               	skipz
   190  07CA  2FCD               	goto	u25
   191  07CB  0870               	movf	??_Delay,w
   192  07CC  0272               	subwf	Delay@u,w
   193  07CD                     u25:
   194  07CD  1803               	btfsc	3,0
   195  07CE  0008               	return
   196                           ;LED_Blink.c: 9: for(v=0;v<1000;v++);
   197  07CF  01F5               	clrf	Delay@v
   198  07D0  01F6               	clrf	Delay@v+1
   199  07D1                     l30000447:
   200  07D1  0AF5               	incf	Delay@v,f
   201  07D2  1903               	skipnz
   202  07D3  0AF6               	incf	Delay@v+1,f
   203  07D4  3003               	movlw	3
   204  07D5  0276               	subwf	Delay@v+1,w
   205  07D6  30E8               	movlw	232
   206  07D7  1903               	skipnz
   207  07D8  0275               	subwf	Delay@v,w
   208  07D9  1C03               	skipc
   209  07DA  2FD1               	goto	l30000447
   210  07DB  0AF2               	incf	Delay@u,f
   211  07DC  1903               	skipnz
   212  07DD  0AF3               	incf	Delay@u+1,f
   213  07DE  2FC4               	goto	l30000450
   214  07DF                     __end_of_Delay:
   215                           
   216                           	psect	text14
   217  0002                     __ptext14:	; =============== function _Delay ends ============


HI-TECH Software PICC Macro Assembler V9.70 build 5239 
Symbol Table                                                                                   Mon Jan 02 16:34:29 2012

                   l1 0000                     _a 03B8                    _DA 04A5                    _BF 04A0  
                  _DC 0019                    _PD 001B                    _RD 0C60                    _UA 04A1  
                  u30 07EB                    u25 07CD                    u50 07F8                    _TO 001C  
                  _RW 04A2                    _WR 0C61                   _C1R 08CA                   _C2R 08D2  
                 _CKE 04A6                   _CKP 00A4                   _GIE 005F                   _BOR 0470  
                 _RA0 0028                   _RA1 0029                   _RA2 002A                   _RA3 002B  
                 _RC0 0038                   _RA4 002C                   _RC1 0039                   _RA5 002D  
                 _RC2 003A                   _RB4 0034                   _RC3 003B                   _RB5 0035  
                 _RC4 003C                   _RB6 0036                   _RC5 003D                   _RB7 0037  
                 _RC6 003E                   _RC7 003F                   _FSR 0004                   _PCL 0002  
                 _PS0 0408                   _PR2 0092                   _PS1 0409                   _PS2 040A  
                 _RP0 001D                   _IRP 001F                   _RP1 001E                   _HTS 047A  
                 _SR0 0CF6                   _SR1 0CF7                   _SCS 0478                   _PSA 040B  
                 _LTS 0479                   _VR0 08C0                   _VR1 08C1                   _VR2 08C2  
                 _VR3 08C3                   _POR 0471                   _RX9 00C6                   _SMP 04A7  
                 _TX9 04C6                   _WUE 04D9                   _VRR 08C5               ??_Delay 0070  
                _C1IE 046D                  _C1IF 006D                  _C2IE 046E                  _C2IF 006E  
                _C1OE 08CD                  _C2OE 08D5                  _C1ON 08CF                  _C2ON 08D7  
                _ADIE 0466                  _ADIF 0066                  _ADFM 00FF              __ptext13 07C1  
            __ptext14 0002                  _ADON 00F8                  _P1M0 00BE                  _CHS0 00FA  
                _P1M1 00BF                  _CHS1 00FB                  _CHS2 00FC                  _CHS3 00FD  
                _EEIE 046C                  _EEIF 006C                  _ANS0 08F0                  _BRG0 04C8  
                _ANS1 08F1                  _BRG1 04C9                  _ANS2 08F2                  _BRG2 04CA  
                _ANS3 08F3                  _BRG3 04CB                  _ANS4 08F4                  _BRG4 04CC  
                _ANS5 08F5                  _BRG5 04CD                  _ANS6 08F6                  _BRG6 04CE  
                _ANS7 08F7                  _BRG7 04CF                  _ANS8 08F8                  _BRG8 04D0  
                _ANS9 08F9                  _BRG9 04D1                  _BRGH 04C2                  _T0IE 005D  
                _T0IF 005A                  _CREN 00C4                  _T0CS 040D                  _FERR 00C2  
                _PDC0 00E0                  _PDC1 00E1                  _PDC2 00E2                  _PDC3 00E3  
                _PDC4 00E4                  _T0SE 040C                  _CSRC 04C7                  _IOCA 0096  
                _PDC5 00E5                  _IOCB 0116                  _PDC6 00E6                  _INDF 0000  
                _PIE1 008C                  _PIE2 008D                  _PEIE 005E                  _INTE 005C  
                _INTF 0059                  _RBIE 005B                  _RBIF 0058                  _RCIE 0465  
                _RCIF 0065                  _PCON 008E                  _PIR1 000C                  _PIR2 000D  
                _OERR 00C1                  _SCKP 04DC                  _RBPU 040F                  _VCFG 00FE  
                _RX9D 00C0                  _TMR0 0001                  _TMR2 0011                  _WCOL 00A7  
                _SPEN 00C7                  _TX9D 04C0                  _SREN 00C5                  _OSTS 047B  
                _TUN0 0480                  _TUN1 0481                  _TUN2 0482                  _TUN3 0483  
                _TUN4 0484                  _STRA 0CE8                  _STRB 0CE9                  _STRC 0CEA  
                _STRD 0CEB                  _TRMT 04C1                  _STOP 04A4                  _TXIE 0464  
                _ZERO 001A                  _WREN 0C62                  _TXEN 04C5                  _TXIF 0064  
                _SYNC 04C4                  _WPUA 0095                  _WPUB 0115                  _main 07DF  
                start 0000   start_initialization 07BE         __end_of_Delay 07DF               _CM1CON0 0119  
             _CM2CON0 011A               _CCP1CON 0017               _CM2CON1 011B               _BAUDCTL 009B  
             _ECCPAS0 00EC               _ECCPAS1 00ED               _ECCPAS2 00EE               _ECCPASE 00EF  
               _C1CH0 08C8                 _C1CH1 08C9                 _C2CH0 08D0                 _C2CH1 08D1  
               _DC1B0 00BC                 _DC1B1 00BD                 _C1SEN 0CF5                 _C2REN 0CF4  
               _C1POL 08CC                 _C2POL 08D4                 _C1OUT 08CE                 _C2OUT 08D6  
               _ABDEN 04D8                 _ADCS0 04FC                 _ADCS1 04FD                 _ADCS2 04FE  
               _ADDEN 00C3                 ?_main 0077                 _EEADR 010D                 _ANS10 08FA  
               _EEDAT 010C                 _BRG10 04D2                 _ANS11 08FB                 _BRG11 04D3  
               _BRG12 04D4                 _BRG13 04D5                 _BRG14 04D6                 _BRG15 04D7  
               _BRG16 04DB                 _CARRY 0018                 _EEPGD 0C67                 _ANSEL 011E  
               _T1CON 0010                 _IOCA0 04B0                 _IOCA1 04B1                 _IOCA2 04B2  
               _T2CON 0012                 _IOCA3 04B3                 _IOCA4 04B4                 _IOCA5 04B5  
               _IOCB4 08B4                 _IOCB5 08B5                 _IOCB6 08B6                 _IOCB7 08B7  
               _T1GSS 08D9               _T1CKPS0 0084               _T1CKPS1 0085                 _IRCF0 047C  
               _IRCF1 047D                 _IRCF2 047E               _T2CKPS0 0090               _T2CKPS1 0091  
               _RABIE 005B                 _RABIF 0058                 _RABPU 040F                 _RCIDL 04DE  
               _RCREG 001A                 _SENDB 04C3                 _RCSTA 0018                 _OSFIE 046F  
               _OSFIF 006F                 _VP6EN 08C4                 _TMR1H 000F                 _TMR1L 000E  
               _SPBRG 0099                 _PORTA 0005                 _PORTB 0006               _T1OSCEN 0083  
               _PORTC 0007                 _PRSEN 00E7                 _SRCON 019E                 _START 04A3  
               _PULSR 0CF2                 _PULSS 0CF3                 _SSPM0 00A0                 _SSPM1 00A1  
               _SSPM2 00A2                 _SSPM3 00A3                 _TRISA 0085                 _TRISB 0086  
               _TRISC 0087                 _SSPIE 0463                 _SSPIF 0063                 _SSPEN 00A5  
               _VRCON 0118                 _WPUA0 04A8                 _WPUA1 04A9                 _WPUA2 04AA  
               _WPUA4 04AC                 _WPUA5 04AD                 _WPUB4 08AC                 _SSPOV 00A6  
               _WPUB5 08AD                 _WPUB6 08AE                 _WPUB7 08AF                 _WRERR 0C63  
               _TXREG 0019                 _TXSTA 0098                 _Delay 07C1        __pcstackCOMMON 0070  
             _OSCTUNE 0090               _PWM1CON 001C               _PSTRCON 019D               _SSPSTAT 0094  
             _TOUTPS0 0093               _TOUTPS1 0094               _TOUTPS2 0095               _TOUTPS3 0096  
       __pbitnvCOMMON 03B8               _STRSYNC 0CEC                 status 0003         __size_of_main 0021  
            l30000450 07C4              l30000443 0000              l30000451 0000              l30000452 07E3  
            l30000453 0000              l30000454 07EE              l30000447 07D1              l30000455 0000  
            l30000448 0000              l30000456 07FB                ??_main 0072            __pmaintext 07DF  
              ?_Delay 0077                _C1VREN 08C7                _C2VREN 08C6                _C2SYNC 08D8  
              _ADCON0 001F                _ADCON1 009F                _ABDOVF 04DF                _CCP1M0 00B8  
              _CCP1M1 00B9                _CCP1M2 00BA                _CCP1M3 00BB                _CCP1IE 0462  
              _CCP1IF 0062                _ADRESH 001E                _EEADRH 010F                _ADRESL 009E  
              _EEADRL 010D                _EEDATA 010C                _ECCPAS 001D                _CCPR1H 0016  
              _EEDATH 010E                _CCPR1L 0015                _EEDATL 010C                _EECON1 018C  
              _EECON2 018D                _ANSELH 011F                _MC1OUT 08DF                _MC2OUT 08DE  
        __end_of_main 0800                _T1GINV 0087                _GODONE 00F9  end_of_initialization 07BE  
              _T1SYNC 0082                Delay@u 0072                Delay@v 0075                _INTEDG 040E  
              _PCLATH 000A                _INTCON 000B                _SBOREN 0474                _OSCCON 008F  
              _TMR1GE 0086                _TMR1IE 0460                _TMR1IF 0060                _TMR1CS 0081  
              _TMR2IE 0461                _TMR2IF 0061                _PSSAC0 00EA                _PSSAC1 00EB  
              _PSSBD0 00E8                _PSSBD1 00E9                _SPBRGH 009A                _OPTION 0081  
              _TMR1ON 0080                _TMR2ON 0092                _WDTCON 0097                _WDTPS0 04B9  
              _WDTPS1 04BA                _WDTPS2 04BB                _WDTPS3 04BC                _SSPADD 0093  
              _TRISA0 0428                _TRISA1 0429                _TRISA2 042A                _TRISA3 042B  
              _TRISC0 0438                _TRISA4 042C                _TRISC1 0439                _TRISA5 042D  
              _TRISC2 043A                _TRISB4 0434                _TRISC3 043B                _TRISB5 0435  
              _TRISC4 043C                _TRISB6 0436                _TRISC5 043D                _TRISB7 0437  
              _TRISC6 043E                _TRISC7 043F                _STATUS 0003                _SSPCON 0014  
              _SSPBUF 0013                _SWDTEN 04B8                _ULPWUE 0475                _SSPMSK 0093  
            Delay@val 0074        __size_of_Delay 001E  
